Log file open, 07/01/20 22:00:35
LogWindows: Failed to load 'aqProf.dll' (GetLastError=126)
LogWindows: File 'aqProf.dll' does not exist
LogWindows: Failed to load 'VtuneApi.dll' (GetLastError=126)
LogWindows: File 'VtuneApi.dll' does not exist
LogWindows: Failed to load 'VtuneApi32e.dll' (GetLastError=126)
LogWindows: File 'VtuneApi32e.dll' does not exist
LogConsoleResponse: Display: Failed to find resolution value strings in scalability ini. Falling back to default.
LogInit: Display: Running engine for game: Titulo1_Try1
LogPlatformFile: Not using cached read wrapper
LogTaskGraph: Started task graph with 5 named threads and 23 total threads with 3 sets of task threads.
LogStats: Stats thread started at 0.078379
LogD3D11RHI: Loaded GFSDK_Aftermath_Lib.x64.dll
LogICUInternationalization: ICU TimeZone Detection - Raw Offset: -4:00, Platform Override: ''
LogPluginManager: Mounting plugin Paper2D
LogPluginManager: Mounting plugin AISupport
LogPluginManager: Mounting plugin LightPropagationVolume
LogPluginManager: Mounting plugin ActorLayerUtilities
LogPluginManager: Mounting plugin AnimationSharing
LogPluginManager: Mounting plugin CLionSourceCodeAccess
LogPluginManager: Mounting plugin CodeLiteSourceCodeAccess
LogPluginManager: Mounting plugin GitSourceControl
LogPluginManager: Mounting plugin KDevelopSourceCodeAccess
LogPluginManager: Mounting plugin NullSourceCodeAccess
LogPluginManager: Mounting plugin PerforceSourceControl
LogPluginManager: Mounting plugin PlasticSourceControl
LogPluginManager: Mounting plugin SubversionSourceControl
LogPluginManager: Mounting plugin UObjectPlugin
LogPluginManager: Mounting plugin VisualStudioCodeSourceCodeAccess
LogPluginManager: Mounting plugin VisualStudioSourceCodeAccess
LogPluginManager: Mounting plugin XCodeSourceCodeAccess
LogPluginManager: Mounting plugin AssetManagerEditor
LogPluginManager: Mounting plugin CryptoKeys
LogPluginManager: Mounting plugin CurveEditorTools
LogPluginManager: Mounting plugin DataValidation
LogPluginManager: Mounting plugin FacialAnimation
LogPluginManager: Mounting plugin GameplayTagsEditor
LogPluginManager: Mounting plugin MacGraphicsSwitching
LogPluginManager: Mounting plugin MaterialAnalyzer
LogPluginManager: Mounting plugin MobileLauncherProfileWizard
LogPluginManager: Mounting plugin PluginBrowser
LogPluginManager: Mounting plugin SpeedTreeImporter
LogPluginManager: Mounting plugin DatasmithContent
LogPluginManager: Mounting plugin VariantManagerContent
LogPluginManager: Mounting plugin AlembicImporter
LogPluginManager: Mounting plugin AutomationUtils
LogPluginManager: Mounting plugin BackChannel
LogPluginManager: Mounting plugin CharacterAI
LogPluginManager: Mounting plugin GeometryCache
LogPluginManager: Mounting plugin PlatformCrypto
LogPluginManager: Mounting plugin ProxyLODPlugin
LogPluginManager: Mounting plugin SkeletalReduction
LogPluginManager: Mounting plugin MagicLeap
LogPluginManager: Mounting plugin MagicLeapMedia
LogPluginManager: Mounting plugin MLSDK
LogPluginManager: Mounting plugin AndroidMedia
LogPluginManager: Mounting plugin AvfMedia
LogPluginManager: Mounting plugin ImgMedia
LogPluginManager: Mounting plugin MediaCompositing
LogPluginManager: Mounting plugin MediaPlayerEditor
LogPluginManager: Mounting plugin WebMMedia
LogPluginManager: Mounting plugin WmfMedia
LogPluginManager: Mounting plugin TcpMessaging
LogPluginManager: Mounting plugin UdpMessaging
LogPluginManager: Mounting plugin ActorSequence
LogPluginManager: Mounting plugin LevelSequenceEditor
LogPluginManager: Mounting plugin MatineeToLevelSequence
LogPluginManager: Mounting plugin NetcodeUnitTest
LogPluginManager: Mounting plugin NUTUnrealEngine4
LogPluginManager: Mounting plugin OnlineSubsystemGooglePlay
LogPluginManager: Mounting plugin OnlineSubsystemIOS
LogPluginManager: Mounting plugin OnlineSubsystem
LogPluginManager: Mounting plugin OnlineSubsystemNull
LogPluginManager: Mounting plugin OnlineSubsystemUtils
LogPluginManager: Mounting plugin LauncherChunkInstaller
LogPluginManager: Mounting plugin AndroidDeviceProfileSelector
LogPluginManager: Mounting plugin AndroidMoviePlayer
LogPluginManager: Mounting plugin AndroidPermission
LogPluginManager: Mounting plugin AppleImageUtils
LogPluginManager: Mounting plugin AppleMoviePlayer
LogPluginManager: Mounting plugin ArchVisCharacter
LogPluginManager: Mounting plugin AssetTags
LogPluginManager: Mounting plugin AudioCapture
LogPluginManager: Mounting plugin CableComponent
LogPluginManager: Mounting plugin CustomMeshComponent
LogPluginManager: Mounting plugin EditableMesh
LogPluginManager: Mounting plugin ExampleDeviceProfileSelector
LogPluginManager: Mounting plugin GoogleCloudMessaging
LogPluginManager: Mounting plugin IOSDeviceProfileSelector
LogPluginManager: Mounting plugin LinuxDeviceProfileSelector
LogPluginManager: Mounting plugin LocationServicesBPLibrary
LogPluginManager: Mounting plugin MobilePatchingUtils
LogPluginManager: Mounting plugin OculusVR
LogPluginManager: Mounting plugin PhysXVehicles
LogPluginManager: Mounting plugin PostSplashScreen
LogPluginManager: Mounting plugin ProceduralMeshComponent
LogPluginManager: Mounting plugin RuntimePhysXCooking
LogPluginManager: Mounting plugin SignificanceManager
LogPluginManager: Mounting plugin SteamVR
LogPluginManager: Mounting plugin WebMMoviePlayer
LogPluginManager: Mounting plugin WindowsMoviePlayer
LogPluginManager: Mounting plugin ScreenshotTools
LogInit: Using libcurl 7.55.1-DEV
LogInit:  - built for x86_64-pc-win32
LogInit:  - supports SSL with OpenSSL/1.1.1
LogInit:  - supports HTTP deflate (compression) using libz 1.2.8
LogInit:  - other features:
LogInit:      CURL_VERSION_SSL
LogInit:      CURL_VERSION_LIBZ
LogInit:      CURL_VERSION_IPV6
LogInit:      CURL_VERSION_ASYNCHDNS
LogInit:      CURL_VERSION_LARGEFILE
LogInit:      CURL_VERSION_IDN
LogInit:  CurlRequestOptions (configurable via config and command line):
LogInit:  - bVerifyPeer = true  - Libcurl will verify peer certificate
LogInit:  - bUseHttpProxy = false  - Libcurl will NOT use HTTP proxy
LogInit:  - bDontReuseConnections = false  - Libcurl will reuse connections
LogInit:  - MaxHostConnections = 16  - Libcurl will limit the number of connections to a host
LogInit:  - LocalHostAddr = Default
LogInit:  - BufferSize = 65536
LogOnline: OSS: Creating online subsystem instance for: NULL
LogInit: WinSock: version 1.1 (2.2), MaxSocks=32767, MaxUdp=65467
LogOnline: OSS: TryLoadSubsystemAndSetDefault: Loaded subsystem for module [NULL]
LogInit: Build: ++UE4+Release-4.24-CL-11590370
LogInit: Engine Version: 4.24.3-11590370+++UE4+Release-4.24
LogInit: Compatible Engine Version: 4.24.0-10570792+++UE4+Release-4.24
LogInit: Net CL: 10570792
LogInit: OS: Windows 8.1 (), CPU: Intel(R) Core(TM) i7-4702MQ CPU @ 2.20GHz, GPU: Intel(R) HD Graphics 4600
LogInit: Compiled (64-bit): Feb 24 2020 15:39:18
LogInit: Compiled with Visual C++: 19.16.27032.01
LogInit: Build Configuration: Development
LogInit: Branch Name: ++UE4+Release-4.24
LogInit: Command Line: 
LogInit: Base Directory: D:/Program Files/Epic Games/UE_4.24/Engine/Binaries/Win64/
LogInit: Installed Engine Build: 1
LogDevObjectVersion: Number of dev versions registered: 25
LogDevObjectVersion:   Dev-Blueprints (B0D832E4-1F89-4F0D-ACCF-7EB736FD4AA2): 10
LogDevObjectVersion:   Dev-Build (E1C64328-A22C-4D53-A36C-8E866417BD8C): 0
LogDevObjectVersion:   Dev-Core (375EC13C-06E4-48FB-B500-84F0262A717E): 3
LogDevObjectVersion:   Dev-Editor (E4B068ED-F494-42E9-A231-DA0B2E46BB41): 37
LogDevObjectVersion:   Dev-Framework (CFFC743F-43B0-4480-9391-14DF171D2073): 36
LogDevObjectVersion:   Dev-Mobile (B02B49B5-BB20-44E9-A304-32B752E40360): 2
LogDevObjectVersion:   Dev-Networking (A4E4105C-59A1-49B5-A7C5-40C4547EDFEE): 0
LogDevObjectVersion:   Dev-Online (39C831C9-5AE6-47DC-9A44-9C173E1C8E7C): 0
LogDevObjectVersion:   Dev-Physics (78F01B33-EBEA-4F98-B9B4-84EACCB95AA2): 2
LogDevObjectVersion:   Dev-Platform (6631380F-2D4D-43E0-8009-CF276956A95A): 0
LogDevObjectVersion:   Dev-Rendering (12F88B9F-8875-4AFC-A67C-D90C383ABD29): 36
LogDevObjectVersion:   Dev-Sequencer (7B5AE74C-D270-4C10-A958-57980B212A5A): 11
LogDevObjectVersion:   Dev-VR (D7296918-1DD6-4BDD-9DE2-64A83CC13884): 2
LogDevObjectVersion:   Dev-LoadTimes (C2A15278-BFE7-4AFE-6C17-90FF531DF755): 1
LogDevObjectVersion:   Private-Geometry (6EACA3D4-40EC-4CC1-B786-8BED09428FC5): 3
LogDevObjectVersion:   Dev-AnimPhys (29E575DD-E0A3-4627-9D10-D276232CDCEA): 17
LogDevObjectVersion:   Dev-Anim (AF43A65D-7FD3-4947-9873-3E8ED9C1BB05): 2
LogDevObjectVersion:   Dev-ReflectionCapture (6B266CEC-1EC7-4B8F-A30B-E4D90942FC07): 1
LogDevObjectVersion:   Dev-Automation (0DF73D61-A23F-47EA-B727-89E90C41499A): 1
LogDevObjectVersion:   FortniteMain (601D1886-AC64-4F84-AA16-D3DE0DEAC7D6): 31
LogDevObjectVersion:   Dev-Enterprise (9DFFBCD6-494F-0158-E221-12823C92A888): 8
LogDevObjectVersion:   Dev-Niagara (F2AED0AC-9AFE-416F-8664-AA7FFA26D6FC): 1
LogDevObjectVersion:   Dev-Destruction (174F1F0B-B4C6-45A5-B13F-2EE8D0FB917D): 9
LogDevObjectVersion:   Dev-Physics-Ext (35F94A83-E258-406C-A318-09F59610247C): 8
LogDevObjectVersion:   Dev-CineCamera (B2E18506-4273-CFC2-A54E-F4BB758BBA07): 1
LogInit: Presizing for max 25165824 objects, including 0 objects not considered by GC, pre-allocating 0 bytes for permanent pool.
LogInit: Object subsystem initialized
LogConfig: Setting CVar [[con.DebugEarlyDefault:1]]
LogConfig: Setting CVar [[r.setres:1280x720]]
[2020.07.02-02.00.36:084][  0]LogConfig: Setting CVar [[r.VSync:0]]
[2020.07.02-02.00.36:084][  0]LogConfig: Setting CVar [[r.RHICmdBypass:0]]
[2020.07.02-02.00.36:084][  0]LogConfig: Applying CVar settings from Section [/Script/Engine.RendererSettings] File [D:/Documentos/Unreal Projects/Titulo1_Try1/Saved/Config/Windows/Engine.ini]
[2020.07.02-02.00.36:084][  0]LogConfig: Setting CVar [[r.GPUCrashDebugging:0]]
[2020.07.02-02.00.36:084][  0]LogConfig: Setting CVar [[r.MobileHDR:1]]
[2020.07.02-02.00.36:084][  0]LogConfig: Setting CVar [[r.Mobile.DisableVertexFog:1]]
[2020.07.02-02.00.36:084][  0]LogConfig: Setting CVar [[r.Shadow.CSM.MaxMobileCascades:2]]
[2020.07.02-02.00.36:084][  0]LogConfig: Setting CVar [[r.MobileMSAA:1]]
[2020.07.02-02.00.36:084][  0]LogConfig: Setting CVar [[r.Mobile.UseLegacyShadingModel:0]]
[2020.07.02-02.00.36:084][  0]LogConfig: Setting CVar [[r.Mobile.UseHWsRGBEncoding:0]]
[2020.07.02-02.00.36:084][  0]LogConfig: Setting CVar [[r.Mobile.AllowDitheredLODTransition:0]]
[2020.07.02-02.00.36:084][  0]LogConfig: Setting CVar [[r.Mobile.AllowSoftwareOcclusion:0]]
[2020.07.02-02.00.36:084][  0]LogConfig: Setting CVar [[r.DiscardUnusedQuality:0]]
[2020.07.02-02.00.36:084][  0]LogConfig: Setting CVar [[r.AllowOcclusionQueries:1]]
[2020.07.02-02.00.36:084][  0]LogConfig: Setting CVar [[r.MinScreenRadiusForLights:0.030000]]
[2020.07.02-02.00.36:084][  0]LogConfig: Setting CVar [[r.MinScreenRadiusForDepthPrepass:0.030000]]
[2020.07.02-02.00.36:084][  0]LogConfig: Setting CVar [[r.MinScreenRadiusForCSMDepth:0.010000]]
[2020.07.02-02.00.36:084][  0]LogConfig: Setting CVar [[r.PrecomputedVisibilityWarning:0]]
[2020.07.02-02.00.36:084][  0]LogConfig: Setting CVar [[r.TextureStreaming:1]]
[2020.07.02-02.00.36:084][  0]LogConfig: Setting CVar [[Compat.UseDXT5NormalMaps:0]]
[2020.07.02-02.00.36:084][  0]LogConfig: Setting CVar [[r.VirtualTextures:0]]
[2020.07.02-02.00.36:084][  0]LogConfig: Setting CVar [[r.VirtualTexturedLightmaps:0]]
[2020.07.02-02.00.36:084][  0]LogConfig: Setting CVar [[r.VT.TileSize:128]]
[2020.07.02-02.00.36:084][  0]LogConfig: Setting CVar [[r.VT.TileBorderSize:4]]
[2020.07.02-02.00.36:084][  0]LogConfig: Setting CVar [[r.vt.FeedbackFactor:16]]
[2020.07.02-02.00.36:084][  0]LogConfig: Setting CVar [[r.VT.EnableCompressZlib:1]]
[2020.07.02-02.00.36:084][  0]LogConfig: Setting CVar [[r.VT.EnableCompressCrunch:0]]
[2020.07.02-02.00.36:084][  0]LogConfig: Setting CVar [[r.ClearCoatNormal:0]]
[2020.07.02-02.00.36:084][  0]LogConfig: Setting CVar [[r.ReflectionCaptureResolution:128]]
[2020.07.02-02.00.36:084][  0]LogConfig: Setting CVar [[r.ReflectionEnvironmentLightmapMixBasedOnRoughness:1]]
[2020.07.02-02.00.36:084][  0]LogConfig: Setting CVar [[r.ForwardShading:0]]
[2020.07.02-02.00.36:084][  0]LogConfig: Setting CVar [[r.VertexFoggingForOpaque:1]]
[2020.07.02-02.00.36:084][  0]LogConfig: Setting CVar [[r.AllowStaticLighting:1]]
[2020.07.02-02.00.36:084][  0]LogConfig: Setting CVar [[r.NormalMapsForStaticLighting:0]]
[2020.07.02-02.00.36:084][  0]LogConfig: Setting CVar [[r.GenerateMeshDistanceFields:0]]
[2020.07.02-02.00.36:084][  0]LogConfig: Setting CVar [[r.DistanceFieldBuild.EightBit:0]]
[2020.07.02-02.00.36:084][  0]LogConfig: Setting CVar [[r.GenerateLandscapeGIData:0]]
[2020.07.02-02.00.36:084][  0]LogConfig: Setting CVar [[r.DistanceFieldBuild.Compress:0]]
[2020.07.02-02.00.36:084][  0]LogConfig: Setting CVar [[r.TessellationAdaptivePixelsPerTriangle:48.000000]]
[2020.07.02-02.00.36:084][  0]LogConfig: Setting CVar [[r.SeparateTranslucency:1]]
[2020.07.02-02.00.36:084][  0]LogConfig: Setting CVar [[r.TranslucentSortPolicy:0]]
[2020.07.02-02.00.36:084][  0]LogConfig: Setting CVar [[r.CustomDepth:1]]
[2020.07.02-02.00.36:084][  0]LogConfig: Setting CVar [[r.CustomDepthTemporalAAJitter:1]]
[2020.07.02-02.00.36:084][  0]LogConfig: Setting CVar [[r.PostProcessing.PropagateAlpha:0]]
[2020.07.02-02.00.36:084][  0]LogConfig: Setting CVar [[r.DefaultFeature.Bloom:1]]
[2020.07.02-02.00.36:084][  0]LogConfig: Setting CVar [[r.DefaultFeature.AmbientOcclusion:1]]
[2020.07.02-02.00.36:084][  0]LogConfig: Setting CVar [[r.DefaultFeature.AmbientOcclusionStaticFraction:1]]
[2020.07.02-02.00.36:084][  0]LogConfig: Setting CVar [[r.DefaultFeature.AutoExposure:0]]
[2020.07.02-02.00.36:084][  0]LogConfig: Setting CVar [[r.DefaultFeature.AutoExposure.Method:0]]
[2020.07.02-02.00.36:084][  0]LogConfig: Setting CVar [[r.DefaultFeature.AutoExposure.ExtendDefaultLuminanceRange:0]]
[2020.07.02-02.00.36:084][  0]LogConfig: Setting CVar [[r.UsePreExposure:1]]
[2020.07.02-02.00.36:084][  0]LogConfig: Setting CVar [[r.EyeAdaptation.EditorOnly:1]]
[2020.07.02-02.00.36:084][  0]LogConfig: Setting CVar [[r.DefaultFeature.MotionBlur:0]]
[2020.07.02-02.00.36:084][  0]LogConfig: Setting CVar [[r.DefaultFeature.LensFlare:0]]
[2020.07.02-02.00.36:084][  0]LogConfig: Setting CVar [[r.TemporalAA.Upsampling:0]]
[2020.07.02-02.00.36:084][  0]LogConfig: Setting CVar [[r.SSGI.Enable:0]]
[2020.07.02-02.00.36:084][  0]LogConfig: Setting CVar [[r.DefaultFeature.AntiAliasing:0]]
[2020.07.02-02.00.36:084][  0]LogConfig: Setting CVar [[r.DefaultFeature.LightUnits:1]]
[2020.07.02-02.00.36:084][  0]LogConfig: Setting CVar [[r.DefaultBackBufferPixelFormat:4]]
[2020.07.02-02.00.36:084][  0]LogConfig: Setting CVar [[r.Shadow.UnbuiltPreviewInGame:1]]
[2020.07.02-02.00.36:084][  0]LogConfig: Setting CVar [[r.StencilForLODDither:0]]
[2020.07.02-02.00.36:084][  0]LogConfig: Setting CVar [[r.EarlyZPass:3]]
[2020.07.02-02.00.36:084][  0]LogConfig: Setting CVar [[r.EarlyZPassOnlyMaterialMasking:0]]
[2020.07.02-02.00.36:084][  0]LogConfig: Setting CVar [[r.DBuffer:1]]
[2020.07.02-02.00.36:084][  0]LogConfig: Setting CVar [[r.ClearSceneMethod:1]]
[2020.07.02-02.00.36:084][  0]LogConfig: Setting CVar [[r.BasePassOutputsVelocity:0]]
[2020.07.02-02.00.36:084][  0]LogConfig: Setting CVar [[r.SelectiveBasePassOutputs:0]]
[2020.07.02-02.00.36:084][  0]LogConfig: Setting CVar [[fx.GPUSimulationTextureSizeX:1024]]
[2020.07.02-02.00.36:084][  0]LogConfig: Setting CVar [[fx.GPUSimulationTextureSizeY:1024]]
[2020.07.02-02.00.36:084][  0]LogConfig: Setting CVar [[r.AllowGlobalClipPlane:0]]
[2020.07.02-02.00.36:084][  0]LogConfig: Setting CVar [[r.GBufferFormat:1]]
[2020.07.02-02.00.36:085][  0]LogConfig: Setting CVar [[r.MorphTarget.Mode:1]]
[2020.07.02-02.00.36:085][  0]LogConfig: Setting CVar [[vr.InstancedStereo:0]]
[2020.07.02-02.00.36:085][  0]LogConfig: Setting CVar [[vr.MultiView:0]]
[2020.07.02-02.00.36:085][  0]LogConfig: Setting CVar [[vr.MobileMultiView:0]]
[2020.07.02-02.00.36:085][  0]LogConfig: Setting CVar [[vr.MobileMultiView.Direct:0]]
[2020.07.02-02.00.36:085][  0]LogConfig: Setting CVar [[vr.RoundRobinOcclusion:0]]
[2020.07.02-02.00.36:085][  0]LogConfig: Setting CVar [[vr.ODSCapture:0]]
[2020.07.02-02.00.36:085][  0]LogConfig: Setting CVar [[r.WireframeCullThreshold:5.000000]]
[2020.07.02-02.00.36:085][  0]LogConfig: Setting CVar [[r.RayTracing:0]]
[2020.07.02-02.00.36:085][  0]LogConfig: Setting CVar [[r.RayTracing.UseTextureLod:0]]
[2020.07.02-02.00.36:085][  0]LogConfig: Setting CVar [[r.SupportStationarySkylight:1]]
[2020.07.02-02.00.36:085][  0]LogConfig: Setting CVar [[r.SupportLowQualityLightmaps:1]]
[2020.07.02-02.00.36:085][  0]LogConfig: Setting CVar [[r.SupportPointLightWholeSceneShadows:1]]
[2020.07.02-02.00.36:085][  0]LogConfig: Setting CVar [[r.SupportAtmosphericFog:1]]
[2020.07.02-02.00.36:085][  0]LogConfig: Setting CVar [[r.SupportSkyAtmosphere:1]]
[2020.07.02-02.00.36:085][  0]LogConfig: Setting CVar [[r.SupportSkyAtmosphereAffectsHeightFog:0]]
[2020.07.02-02.00.36:085][  0]LogConfig: Setting CVar [[r.SkinCache.CompileShaders:0]]
[2020.07.02-02.00.36:085][  0]LogConfig: Setting CVar [[r.Mobile.EnableStaticAndCSMShadowReceivers:1]]
[2020.07.02-02.00.36:085][  0]LogConfig: Setting CVar [[r.Mobile.EnableMovableLightCSMShaderCulling:1]]
[2020.07.02-02.00.36:085][  0]LogConfig: Setting CVar [[r.Mobile.AllowDistanceFieldShadows:1]]
[2020.07.02-02.00.36:085][  0]LogConfig: Setting CVar [[r.Mobile.AllowMovableDirectionalLights:1]]
[2020.07.02-02.00.36:085][  0]LogConfig: Setting CVar [[r.MobileNumDynamicPointLights:4]]
[2020.07.02-02.00.36:085][  0]LogConfig: Setting CVar [[r.MobileDynamicPointLightsUseStaticBranch:1]]
[2020.07.02-02.00.36:085][  0]LogConfig: Setting CVar [[r.Mobile.EnableMovableSpotlights:0]]
[2020.07.02-02.00.36:085][  0]LogConfig: Setting CVar [[r.SkinCache.SceneMemoryLimitInMB:128.000000]]
[2020.07.02-02.00.36:085][  0]LogConfig: Setting CVar [[r.GPUSkin.Limit2BoneInfluences:0]]
[2020.07.02-02.00.36:085][  0]LogConfig: Setting CVar [[r.SupportDepthOnlyIndexBuffers:1]]
[2020.07.02-02.00.36:085][  0]LogConfig: Setting CVar [[r.SupportReversedIndexBuffers:1]]
[2020.07.02-02.00.36:085][  0]LogConfig: Setting CVar [[r.SupportMaterialLayers:0]]
[2020.07.02-02.00.36:085][  0]LogConfig: Setting CVar [[r.LightPropagationVolume:0]]
[2020.07.02-02.00.36:085][  0]LogConfig: Applying CVar settings from Section [/Script/Engine.RendererOverrideSettings] File [D:/Documentos/Unreal Projects/Titulo1_Try1/Saved/Config/Windows/Engine.ini]
[2020.07.02-02.00.36:085][  0]LogConfig: Applying CVar settings from Section [/Script/Engine.StreamingSettings] File [D:/Documentos/Unreal Projects/Titulo1_Try1/Saved/Config/Windows/Engine.ini]
[2020.07.02-02.00.36:085][  0]LogConfig: Setting CVar [[s.MinBulkDataSizeForAsyncLoading:131072]]
[2020.07.02-02.00.36:085][  0]LogConfig: Setting CVar [[s.AsyncLoadingThreadEnabled:0]]
[2020.07.02-02.00.36:085][  0]LogConfig: Setting CVar [[s.EventDrivenLoaderEnabled:1]]
[2020.07.02-02.00.36:085][  0]LogConfig: Setting CVar [[s.WarnIfTimeLimitExceeded:0]]
[2020.07.02-02.00.36:085][  0]LogConfig: Setting CVar [[s.TimeLimitExceededMultiplier:1.5]]
[2020.07.02-02.00.36:085][  0]LogConfig: Setting CVar [[s.TimeLimitExceededMinTime:0.005]]
[2020.07.02-02.00.36:085][  0]LogConfig: Setting CVar [[s.UseBackgroundLevelStreaming:1]]
[2020.07.02-02.00.36:085][  0]LogConfig: Setting CVar [[s.PriorityAsyncLoadingExtraTime:15.0]]
[2020.07.02-02.00.36:085][  0]LogConfig: Setting CVar [[s.LevelStreamingActorsUpdateTimeLimit:5.0]]
[2020.07.02-02.00.36:085][  0]LogConfig: Setting CVar [[s.PriorityLevelStreamingActorsUpdateExtraTime:5.0]]
[2020.07.02-02.00.36:085][  0]LogConfig: Setting CVar [[s.LevelStreamingComponentsRegistrationGranularity:10]]
[2020.07.02-02.00.36:085][  0]LogConfig: Setting CVar [[s.UnregisterComponentsTimeLimit:1.0]]
[2020.07.02-02.00.36:085][  0]LogConfig: Setting CVar [[s.LevelStreamingComponentsUnregistrationGranularity:5]]
[2020.07.02-02.00.36:085][  0]LogConfig: Setting CVar [[s.FlushStreamingOnExit:1]]
[2020.07.02-02.00.36:085][  0]LogConfig: Applying CVar settings from Section [/Script/Engine.GarbageCollectionSettings] File [D:/Documentos/Unreal Projects/Titulo1_Try1/Saved/Config/Windows/Engine.ini]
[2020.07.02-02.00.36:085][  0]LogConfig: Setting CVar [[gc.MaxObjectsNotConsideredByGC:1]]
[2020.07.02-02.00.36:085][  0]LogConfig: Setting CVar [[gc.SizeOfPermanentObjectPool:0]]
[2020.07.02-02.00.36:085][  0]LogConfig: Setting CVar [[gc.FlushStreamingOnGC:0]]
[2020.07.02-02.00.36:085][  0]LogConfig: Setting CVar [[gc.NumRetriesBeforeForcingGC:10]]
[2020.07.02-02.00.36:085][  0]LogConfig: Setting CVar [[gc.AllowParallelGC:1]]
[2020.07.02-02.00.36:085][  0]LogConfig: Setting CVar [[gc.TimeBetweenPurgingPendingKillObjects:61.1]]
[2020.07.02-02.00.36:085][  0]LogConfig: Setting CVar [[gc.MaxObjectsInEditor:25165824]]
[2020.07.02-02.00.36:085][  0]LogConfig: Setting CVar [[gc.IncrementalBeginDestroyEnabled:1]]
[2020.07.02-02.00.36:085][  0]LogConfig: Setting CVar [[gc.CreateGCClusters:1]]
[2020.07.02-02.00.36:085][  0]LogConfig: Setting CVar [[gc.MinGCClusterSize:5]]
[2020.07.02-02.00.36:085][  0]LogConfig: Setting CVar [[gc.ActorClusteringEnabled:0]]
[2020.07.02-02.00.36:085][  0]LogConfig: Setting CVar [[gc.BlueprintClusteringEnabled:0]]
[2020.07.02-02.00.36:085][  0]LogConfig: Setting CVar [[gc.UseDisregardForGCOnDedicatedServers:0]]
[2020.07.02-02.00.36:085][  0]LogConfig: Applying CVar settings from Section [/Script/Engine.NetworkSettings] File [D:/Documentos/Unreal Projects/Titulo1_Try1/Saved/Config/Windows/Engine.ini]
[2020.07.02-02.00.36:085][  0]LogConfig: Applying CVar settings from Section [/Script/UnrealEd.CookerSettings] File [D:/Documentos/Unreal Projects/Titulo1_Try1/Saved/Config/Windows/Engine.ini]
[2020.07.02-02.00.36:087][  0]LogConfig: Applying CVar settings from Section [ViewDistanceQuality@3] File [D:/Documentos/Unreal Projects/Titulo1_Try1/Saved/Config/Windows/Scalability.ini]
[2020.07.02-02.00.36:087][  0]LogConfig: Setting CVar [[r.SkeletalMeshLODBias:0]]
[2020.07.02-02.00.36:087][  0]LogConfig: Setting CVar [[r.ViewDistanceScale:1.0]]
[2020.07.02-02.00.36:087][  0]LogConfig: Applying CVar settings from Section [AntiAliasingQuality@3] File [D:/Documentos/Unreal Projects/Titulo1_Try1/Saved/Config/Windows/Scalability.ini]
[2020.07.02-02.00.36:087][  0]LogConfig: Setting CVar [[r.PostProcessAAQuality:4]]
[2020.07.02-02.00.36:087][  0]LogConfig: Applying CVar settings from Section [ShadowQuality@3] File [D:/Documentos/Unreal Projects/Titulo1_Try1/Saved/Config/Windows/Scalability.ini]
[2020.07.02-02.00.36:087][  0]LogConfig: Setting CVar [[r.LightFunctionQuality:1]]
[2020.07.02-02.00.36:087][  0]LogConfig: Setting CVar [[r.ShadowQuality:5]]
[2020.07.02-02.00.36:087][  0]LogConfig: Setting CVar [[r.Shadow.CSM.MaxCascades:10]]
[2020.07.02-02.00.36:087][  0]LogConfig: Setting CVar [[r.Shadow.MaxResolution:2048]]
[2020.07.02-02.00.36:087][  0]LogConfig: Setting CVar [[r.Shadow.MaxCSMResolution:2048]]
[2020.07.02-02.00.36:087][  0]LogConfig: Setting CVar [[r.Shadow.RadiusThreshold:0.01]]
[2020.07.02-02.00.36:087][  0]LogConfig: Setting CVar [[r.Shadow.DistanceScale:1.0]]
[2020.07.02-02.00.36:087][  0]LogConfig: Setting CVar [[r.Shadow.CSM.TransitionScale:1.0]]
[2020.07.02-02.00.36:087][  0]LogConfig: Setting CVar [[r.Shadow.PreShadowResolutionFactor:1.0]]
[2020.07.02-02.00.36:087][  0]LogConfig: Setting CVar [[r.DistanceFieldShadowing:1]]
[2020.07.02-02.00.36:087][  0]LogConfig: Setting CVar [[r.DistanceFieldAO:1]]
[2020.07.02-02.00.36:087][  0]LogConfig: Setting CVar [[r.AOQuality:2]]
[2020.07.02-02.00.36:087][  0]LogConfig: Setting CVar [[r.VolumetricFog:1]]
[2020.07.02-02.00.36:087][  0]LogConfig: Setting CVar [[r.VolumetricFog.GridPixelSize:8]]
[2020.07.02-02.00.36:087][  0]LogConfig: Setting CVar [[r.VolumetricFog.GridSizeZ:128]]
[2020.07.02-02.00.36:087][  0]LogConfig: Setting CVar [[r.VolumetricFog.HistoryMissSupersampleCount:4]]
[2020.07.02-02.00.36:087][  0]LogConfig: Setting CVar [[r.LightMaxDrawDistanceScale:1]]
[2020.07.02-02.00.36:087][  0]LogConfig: Setting CVar [[r.CapsuleShadows:1]]
[2020.07.02-02.00.36:087][  0]LogConfig: Applying CVar settings from Section [PostProcessQuality@3] File [D:/Documentos/Unreal Projects/Titulo1_Try1/Saved/Config/Windows/Scalability.ini]
[2020.07.02-02.00.36:087][  0]LogConfig: Setting CVar [[r.MotionBlurQuality:4]]
[2020.07.02-02.00.36:087][  0]LogConfig: Setting CVar [[r.AmbientOcclusionMipLevelFactor:0.4]]
[2020.07.02-02.00.36:087][  0]LogConfig: Setting CVar [[r.AmbientOcclusionMaxQuality:100]]
[2020.07.02-02.00.36:087][  0]LogConfig: Setting CVar [[r.AmbientOcclusionLevels:-1]]
[2020.07.02-02.00.36:087][  0]LogConfig: Setting CVar [[r.AmbientOcclusionRadiusScale:1.0]]
[2020.07.02-02.00.36:087][  0]LogConfig: Setting CVar [[r.DepthOfFieldQuality:2]]
[2020.07.02-02.00.36:087][  0]LogConfig: Setting CVar [[r.RenderTargetPoolMin:400]]
[2020.07.02-02.00.36:087][  0]LogConfig: Setting CVar [[r.LensFlareQuality:2]]
[2020.07.02-02.00.36:087][  0]LogConfig: Setting CVar [[r.SceneColorFringeQuality:1]]
[2020.07.02-02.00.36:087][  0]LogConfig: Setting CVar [[r.EyeAdaptationQuality:2]]
[2020.07.02-02.00.36:087][  0]LogConfig: Setting CVar [[r.BloomQuality:5]]
[2020.07.02-02.00.36:087][  0]LogConfig: Setting CVar [[r.FastBlurThreshold:100]]
[2020.07.02-02.00.36:087][  0]LogConfig: Setting CVar [[r.Upscale.Quality:3]]
[2020.07.02-02.00.36:087][  0]LogConfig: Setting CVar [[r.Tonemapper.GrainQuantization:1]]
[2020.07.02-02.00.36:087][  0]LogConfig: Setting CVar [[r.LightShaftQuality:1]]
[2020.07.02-02.00.36:087][  0]LogConfig: Setting CVar [[r.Filter.SizeScale:1]]
[2020.07.02-02.00.36:087][  0]LogConfig: Setting CVar [[r.Tonemapper.Quality:5]]
[2020.07.02-02.00.36:087][  0]LogConfig: Setting CVar [[r.DOF.Gather.AccumulatorQuality:1        ; higher gathering accumulator quality]]
[2020.07.02-02.00.36:088][  0]LogConfig: Setting CVar [[r.DOF.Gather.PostfilterMethod:1          ; Median3x3 postfilering method]]
[2020.07.02-02.00.36:088][  0]LogConfig: Setting CVar [[r.DOF.Gather.EnableBokehSettings:0       ; no bokeh simulation when gathering]]
[2020.07.02-02.00.36:088][  0]LogConfig: Setting CVar [[r.DOF.Gather.RingCount:4                 ; medium number of samples when gathering]]
[2020.07.02-02.00.36:088][  0]LogConfig: Setting CVar [[r.DOF.Scatter.ForegroundCompositing:1    ; additive foreground scattering]]
[2020.07.02-02.00.36:088][  0]LogConfig: Setting CVar [[r.DOF.Scatter.BackgroundCompositing:2    ; additive background scattering]]
[2020.07.02-02.00.36:088][  0]LogConfig: Setting CVar [[r.DOF.Scatter.EnableBokehSettings:1      ; bokeh simulation when scattering]]
[2020.07.02-02.00.36:088][  0]LogConfig: Setting CVar [[r.DOF.Scatter.MaxSpriteRatio:0.1         ; only a maximum of 10% of scattered bokeh]]
[2020.07.02-02.00.36:088][  0]LogConfig: Setting CVar [[r.DOF.Recombine.Quality:1                ; cheap slight out of focus]]
[2020.07.02-02.00.36:088][  0]LogConfig: Setting CVar [[r.DOF.Recombine.EnableBokehSettings:0    ; no bokeh simulation on slight out of focus]]
[2020.07.02-02.00.36:088][  0]LogConfig: Setting CVar [[r.DOF.TemporalAAQuality:1                ; more stable temporal accumulation]]
[2020.07.02-02.00.36:088][  0]LogConfig: Setting CVar [[r.DOF.Kernel.MaxForegroundRadius:0.025]]
[2020.07.02-02.00.36:088][  0]LogConfig: Setting CVar [[r.DOF.Kernel.MaxBackgroundRadius:0.025]]
[2020.07.02-02.00.36:088][  0]LogConfig: Applying CVar settings from Section [TextureQuality@3] File [D:/Documentos/Unreal Projects/Titulo1_Try1/Saved/Config/Windows/Scalability.ini]
[2020.07.02-02.00.36:088][  0]LogConfig: Setting CVar [[r.Streaming.MipBias:0]]
[2020.07.02-02.00.36:088][  0]LogConfig: Setting CVar [[r.Streaming.AmortizeCPUToGPUCopy:0]]
[2020.07.02-02.00.36:088][  0]LogConfig: Setting CVar [[r.Streaming.MaxNumTexturesToStreamPerFrame:0]]
[2020.07.02-02.00.36:088][  0]LogConfig: Setting CVar [[r.Streaming.Boost:1]]
[2020.07.02-02.00.36:088][  0]LogConfig: Setting CVar [[r.MaxAnisotropy:8]]
[2020.07.02-02.00.36:088][  0]LogConfig: Setting CVar [[r.VT.MaxAnisotropy:8]]
[2020.07.02-02.00.36:088][  0]LogConfig: Setting CVar [[r.Streaming.LimitPoolSizeToVRAM:0]]
[2020.07.02-02.00.36:088][  0]LogConfig: Setting CVar [[r.Streaming.PoolSize:1000]]
[2020.07.02-02.00.36:088][  0]LogConfig: Setting CVar [[r.Streaming.MaxEffectiveScreenSize:0]]
[2020.07.02-02.00.36:088][  0]LogConfig: Applying CVar settings from Section [EffectsQuality@3] File [D:/Documentos/Unreal Projects/Titulo1_Try1/Saved/Config/Windows/Scalability.ini]
[2020.07.02-02.00.36:088][  0]LogConfig: Setting CVar [[r.TranslucencyLightingVolumeDim:64]]
[2020.07.02-02.00.36:088][  0]LogConfig: Setting CVar [[r.RefractionQuality:2]]
[2020.07.02-02.00.36:088][  0]LogConfig: Setting CVar [[r.SSR.Quality:3]]
[2020.07.02-02.00.36:088][  0]LogConfig: Setting CVar [[r.SSR.HalfResSceneColor:0]]
[2020.07.02-02.00.36:088][  0]LogConfig: Setting CVar [[r.SceneColorFormat:4]]
[2020.07.02-02.00.36:088][  0]LogConfig: Setting CVar [[r.DetailMode:2]]
[2020.07.02-02.00.36:088][  0]LogConfig: Setting CVar [[r.TranslucencyVolumeBlur:1]]
[2020.07.02-02.00.36:088][  0]LogConfig: Setting CVar [[r.MaterialQualityLevel:1 ; High quality]]
[2020.07.02-02.00.36:088][  0]LogConfig: Setting CVar [[r.SSS.Scale:1]]
[2020.07.02-02.00.36:088][  0]LogConfig: Setting CVar [[r.SSS.SampleSet:2]]
[2020.07.02-02.00.36:088][  0]LogConfig: Setting CVar [[r.SSS.Quality:1]]
[2020.07.02-02.00.36:088][  0]LogConfig: Setting CVar [[r.SSS.HalfRes:1]]
[2020.07.02-02.00.36:088][  0]LogConfig: Setting CVar [[r.SSGI.Quality:3]]
[2020.07.02-02.00.36:088][  0]LogConfig: Setting CVar [[r.EmitterSpawnRateScale:1.0]]
[2020.07.02-02.00.36:088][  0]LogConfig: Setting CVar [[r.ParticleLightQuality:2]]
[2020.07.02-02.00.36:088][  0]LogConfig: Setting CVar [[r.SkyAtmosphere.AerialPerspectiveLUT.FastApplyOnOpaque:1 ; Always have FastSkyLUT 1 in this case to avoid wrong sky]]
[2020.07.02-02.00.36:088][  0]LogConfig: Setting CVar [[r.SkyAtmosphere.AerialPerspectiveLUT.SampleCountPerSlice:1]]
[2020.07.02-02.00.36:088][  0]LogConfig: Setting CVar [[r.SkyAtmosphere.AerialPerspectiveLUT.DepthResolution:16.0]]
[2020.07.02-02.00.36:088][  0]LogConfig: Setting CVar [[r.SkyAtmosphere.FastSkyLUT:1]]
[2020.07.02-02.00.36:088][  0]LogConfig: Setting CVar [[r.SkyAtmosphere.FastSkyLUT.SampleCountMin:4.0]]
[2020.07.02-02.00.36:088][  0]LogConfig: Setting CVar [[r.SkyAtmosphere.FastSkyLUT.SampleCountMax:32.0]]
[2020.07.02-02.00.36:088][  0]LogConfig: Setting CVar [[r.SkyAtmosphere.SampleCountMin:4.0]]
[2020.07.02-02.00.36:088][  0]LogConfig: Setting CVar [[r.SkyAtmosphere.SampleCountMax:32.0]]
[2020.07.02-02.00.36:088][  0]LogConfig: Setting CVar [[r.SkyAtmosphere.TransmittanceLUT.UseSmallFormat:0]]
[2020.07.02-02.00.36:088][  0]LogConfig: Setting CVar [[r.SkyAtmosphere.TransmittanceLUT.SampleCount:10.0]]
[2020.07.02-02.00.36:088][  0]LogConfig: Setting CVar [[r.SkyAtmosphere.MultiScatteringLUT.SampleCount:15.0]]
[2020.07.02-02.00.36:088][  0]LogConfig: Applying CVar settings from Section [FoliageQuality@3] File [D:/Documentos/Unreal Projects/Titulo1_Try1/Saved/Config/Windows/Scalability.ini]
[2020.07.02-02.00.36:088][  0]LogConfig: Setting CVar [[foliage.DensityScale:1.0]]
[2020.07.02-02.00.36:088][  0]LogConfig: Setting CVar [[grass.DensityScale:1.0]]
[2020.07.02-02.00.36:088][  0]LogConfig: Applying CVar settings from Section [ShadingQuality@3] File [D:/Documentos/Unreal Projects/Titulo1_Try1/Saved/Config/Windows/Scalability.ini]
[2020.07.02-02.00.36:088][  0]LogConfig: Setting CVar [[r.HairStrands.SkyLighting.SampleCount:16]]
[2020.07.02-02.00.36:088][  0]LogConfig: Setting CVar [[r.HairStrands.SkyLighting.JitterIntegration:0]]
[2020.07.02-02.00.36:088][  0]LogConfig: Setting CVar [[r.HairStrands.SkyAO.SampleCount:16]]
[2020.07.02-02.00.36:088][  0]LogInit: Selected Device Profile: [Windows]
[2020.07.02-02.00.36:088][  0]LogInit: Applying CVar settings loaded from the selected device profile: [Windows]
[2020.07.02-02.00.36:091][  0]LogHAL: Display: Platform has ~ 16 GB [17112870912 / 17179869184 / 16], which maps to Larger [LargestMinGB=32, LargerMinGB=12, DefaultMinGB=8, SmallerMinGB=6, SmallestMinGB=0)
[2020.07.02-02.00.36:091][  0]LogInit: Going up to parent DeviceProfile []
[2020.07.02-02.00.36:091][  0]LogConfig: Applying CVar settings from Section [ViewDistanceQuality@0] File [D:/Documentos/Unreal Projects/Titulo1_Try1/Saved/Config/Windows/Scalability.ini]
[2020.07.02-02.00.36:091][  0]LogConfig: Setting CVar [[r.SkeletalMeshLODBias:2]]
[2020.07.02-02.00.36:091][  0]LogConfig: Setting CVar [[r.ViewDistanceScale:0.4]]
[2020.07.02-02.00.36:092][  0]LogConfig: Applying CVar settings from Section [AntiAliasingQuality@0] File [D:/Documentos/Unreal Projects/Titulo1_Try1/Saved/Config/Windows/Scalability.ini]
[2020.07.02-02.00.36:092][  0]LogConfig: Setting CVar [[r.PostProcessAAQuality:0]]
[2020.07.02-02.00.36:092][  0]LogConfig: Applying CVar settings from Section [ShadowQuality@0] File [D:/Documentos/Unreal Projects/Titulo1_Try1/Saved/Config/Windows/Scalability.ini]
[2020.07.02-02.00.36:092][  0]LogConfig: Setting CVar [[r.LightFunctionQuality:0]]
[2020.07.02-02.00.36:092][  0]LogConfig: Setting CVar [[r.ShadowQuality:0]]
[2020.07.02-02.00.36:092][  0]LogConfig: Setting CVar [[r.Shadow.CSM.MaxCascades:1]]
[2020.07.02-02.00.36:092][  0]LogConfig: Setting CVar [[r.Shadow.MaxResolution:512]]
[2020.07.02-02.00.36:092][  0]LogConfig: Setting CVar [[r.Shadow.MaxCSMResolution:512]]
[2020.07.02-02.00.36:092][  0]LogConfig: Setting CVar [[r.Shadow.RadiusThreshold:0.06]]
[2020.07.02-02.00.36:092][  0]LogConfig: Setting CVar [[r.Shadow.DistanceScale:0.6]]
[2020.07.02-02.00.36:092][  0]LogConfig: Setting CVar [[r.Shadow.CSM.TransitionScale:0]]
[2020.07.02-02.00.36:092][  0]LogConfig: Setting CVar [[r.Shadow.PreShadowResolutionFactor:0.5]]
[2020.07.02-02.00.36:092][  0]LogConfig: Setting CVar [[r.DistanceFieldShadowing:0]]
[2020.07.02-02.00.36:092][  0]LogConfig: Setting CVar [[r.DistanceFieldAO:0]]
[2020.07.02-02.00.36:092][  0]LogConfig: Setting CVar [[r.VolumetricFog:0]]
[2020.07.02-02.00.36:092][  0]LogConfig: Setting CVar [[r.LightMaxDrawDistanceScale:0]]
[2020.07.02-02.00.36:092][  0]LogConfig: Setting CVar [[r.CapsuleShadows:0]]
[2020.07.02-02.00.36:092][  0]LogConfig: Applying CVar settings from Section [PostProcessQuality@0] File [D:/Documentos/Unreal Projects/Titulo1_Try1/Saved/Config/Windows/Scalability.ini]
[2020.07.02-02.00.36:092][  0]LogConfig: Setting CVar [[r.MotionBlurQuality:0]]
[2020.07.02-02.00.36:092][  0]LogConfig: Setting CVar [[r.AmbientOcclusionMipLevelFactor:1.0]]
[2020.07.02-02.00.36:092][  0]LogConfig: Setting CVar [[r.AmbientOcclusionMaxQuality:0]]
[2020.07.02-02.00.36:092][  0]LogConfig: Setting CVar [[r.AmbientOcclusionLevels:0]]
[2020.07.02-02.00.36:092][  0]LogConfig: Setting CVar [[r.AmbientOcclusionRadiusScale:1.2]]
[2020.07.02-02.00.36:092][  0]LogConfig: Setting CVar [[r.DepthOfFieldQuality:0]]
[2020.07.02-02.00.36:092][  0]LogConfig: Setting CVar [[r.RenderTargetPoolMin:300]]
[2020.07.02-02.00.36:092][  0]LogConfig: Setting CVar [[r.LensFlareQuality:0]]
[2020.07.02-02.00.36:092][  0]LogConfig: Setting CVar [[r.SceneColorFringeQuality:0]]
[2020.07.02-02.00.36:092][  0]LogConfig: Setting CVar [[r.EyeAdaptationQuality:0]]
[2020.07.02-02.00.36:092][  0]LogConfig: Setting CVar [[r.BloomQuality:4]]
[2020.07.02-02.00.36:092][  0]LogConfig: Setting CVar [[r.FastBlurThreshold:0]]
[2020.07.02-02.00.36:092][  0]LogConfig: Setting CVar [[r.Upscale.Quality:1]]
[2020.07.02-02.00.36:092][  0]LogConfig: Setting CVar [[r.Tonemapper.GrainQuantization:0]]
[2020.07.02-02.00.36:092][  0]LogConfig: Setting CVar [[r.LightShaftQuality:0]]
[2020.07.02-02.00.36:092][  0]LogConfig: Setting CVar [[r.Filter.SizeScale:0.6]]
[2020.07.02-02.00.36:092][  0]LogConfig: Setting CVar [[r.Tonemapper.Quality:0]]
[2020.07.02-02.00.36:092][  0]LogConfig: Applying CVar settings from Section [TextureQuality@0] File [D:/Documentos/Unreal Projects/Titulo1_Try1/Saved/Config/Windows/Scalability.ini]
[2020.07.02-02.00.36:092][  0]LogConfig: Setting CVar [[r.Streaming.MipBias:16]]
[2020.07.02-02.00.36:092][  0]LogConfig: Setting CVar [[r.Streaming.AmortizeCPUToGPUCopy:1]]
[2020.07.02-02.00.36:092][  0]LogConfig: Setting CVar [[r.Streaming.MaxNumTexturesToStreamPerFrame:1]]
[2020.07.02-02.00.36:092][  0]LogConfig: Setting CVar [[r.Streaming.Boost:0.3]]
[2020.07.02-02.00.36:092][  0]LogConfig: Setting CVar [[r.MaxAnisotropy:0]]
[2020.07.02-02.00.36:092][  0]LogConfig: Setting CVar [[r.VT.MaxAnisotropy:4]]
[2020.07.02-02.00.36:092][  0]LogConfig: Setting CVar [[r.Streaming.LimitPoolSizeToVRAM:1]]
[2020.07.02-02.00.36:092][  0]LogConfig: Setting CVar [[r.Streaming.PoolSize:400]]
[2020.07.02-02.00.36:092][  0]LogConfig: Setting CVar [[r.Streaming.MaxEffectiveScreenSize:0]]
[2020.07.02-02.00.36:092][  0]LogConfig: Applying CVar settings from Section [EffectsQuality@0] File [D:/Documentos/Unreal Projects/Titulo1_Try1/Saved/Config/Windows/Scalability.ini]
[2020.07.02-02.00.36:092][  0]LogConfig: Setting CVar [[r.TranslucencyLightingVolumeDim:24]]
[2020.07.02-02.00.36:092][  0]LogConfig: Setting CVar [[r.RefractionQuality:0]]
[2020.07.02-02.00.36:092][  0]LogConfig: Setting CVar [[r.SSR.Quality:0]]
[2020.07.02-02.00.36:092][  0]LogConfig: Setting CVar [[r.SSR.HalfResSceneColor:1]]
[2020.07.02-02.00.36:092][  0]LogConfig: Setting CVar [[r.SceneColorFormat:3]]
[2020.07.02-02.00.36:092][  0]LogConfig: Setting CVar [[r.DetailMode:0]]
[2020.07.02-02.00.36:092][  0]LogConfig: Setting CVar [[r.TranslucencyVolumeBlur:0]]
[2020.07.02-02.00.36:092][  0]LogConfig: Setting CVar [[r.MaterialQualityLevel:0 ; Low quality]]
[2020.07.02-02.00.36:092][  0]LogConfig: Setting CVar [[r.SSS.Scale:0]]
[2020.07.02-02.00.36:092][  0]LogConfig: Setting CVar [[r.SSS.SampleSet:0]]
[2020.07.02-02.00.36:092][  0]LogConfig: Setting CVar [[r.SSS.Quality:0]]
[2020.07.02-02.00.36:092][  0]LogConfig: Setting CVar [[r.SSS.HalfRes:1]]
[2020.07.02-02.00.36:092][  0]LogConfig: Setting CVar [[r.SSGI.Quality:0]]
[2020.07.02-02.00.36:092][  0]LogConfig: Setting CVar [[r.EmitterSpawnRateScale:0.125]]
[2020.07.02-02.00.36:092][  0]LogConfig: Setting CVar [[r.ParticleLightQuality:0]]
[2020.07.02-02.00.36:092][  0]LogConfig: Setting CVar [[r.SkyAtmosphere.AerialPerspectiveLUT.FastApplyOnOpaque:1 ; Always have FastSkyLUT 1 in this case to avoid wrong sky]]
[2020.07.02-02.00.36:092][  0]LogConfig: Setting CVar [[r.SkyAtmosphere.AerialPerspectiveLUT.SampleCountPerSlice:1]]
[2020.07.02-02.00.36:092][  0]LogConfig: Setting CVar [[r.SkyAtmosphere.AerialPerspectiveLUT.DepthResolution:8.0]]
[2020.07.02-02.00.36:092][  0]LogConfig: Setting CVar [[r.SkyAtmosphere.FastSkyLUT:1]]
[2020.07.02-02.00.36:092][  0]LogConfig: Setting CVar [[r.SkyAtmosphere.FastSkyLUT.SampleCountMin:2.0]]
[2020.07.02-02.00.36:092][  0]LogConfig: Setting CVar [[r.SkyAtmosphere.FastSkyLUT.SampleCountMax:16.0]]
[2020.07.02-02.00.36:092][  0]LogConfig: Setting CVar [[r.SkyAtmosphere.SampleCountMin:2.0]]
[2020.07.02-02.00.36:092][  0]LogConfig: Setting CVar [[r.SkyAtmosphere.SampleCountMax:16.0]]
[2020.07.02-02.00.36:092][  0]LogConfig: Setting CVar [[r.SkyAtmosphere.TransmittanceLUT.UseSmallFormat:1]]
[2020.07.02-02.00.36:092][  0]LogConfig: Setting CVar [[r.SkyAtmosphere.TransmittanceLUT.SampleCount:10.0]]
[2020.07.02-02.00.36:092][  0]LogConfig: Setting CVar [[r.SkyAtmosphere.MultiScatteringLUT.SampleCount:15.0]]
[2020.07.02-02.00.36:092][  0]LogConfig: Applying CVar settings from Section [FoliageQuality@0] File [D:/Documentos/Unreal Projects/Titulo1_Try1/Saved/Config/Windows/Scalability.ini]
[2020.07.02-02.00.36:092][  0]LogConfig: Setting CVar [[foliage.DensityScale:0]]
[2020.07.02-02.00.36:092][  0]LogConfig: Setting CVar [[grass.DensityScale:0]]
[2020.07.02-02.00.36:092][  0]LogConfig: Applying CVar settings from Section [ShadingQuality@0] File [D:/Documentos/Unreal Projects/Titulo1_Try1/Saved/Config/Windows/Scalability.ini]
[2020.07.02-02.00.36:092][  0]LogConfig: Setting CVar [[r.HairStrands.SkyLighting.SampleCount:8]]
[2020.07.02-02.00.36:092][  0]LogConfig: Setting CVar [[r.HairStrands.SkyLighting.JitterIntegration:0]]
[2020.07.02-02.00.36:092][  0]LogConfig: Setting CVar [[r.HairStrands.SkyAO.SampleCount:8]]
[2020.07.02-02.00.36:092][  0]LogConfig: Applying CVar settings from Section [Startup] File [../../../Engine/Config/ConsoleVariables.ini]
[2020.07.02-02.00.36:093][  0]LogConfig: Setting CVar [[net.UseAdaptiveNetUpdateFrequency:0]]
[2020.07.02-02.00.36:093][  0]LogConfig: Setting CVar [[p.chaos.AllowCreatePhysxBodies:1]]
[2020.07.02-02.00.36:093][  0]LogConfig: Applying CVar settings from Section [ConsoleVariables] File [D:/Documentos/Unreal Projects/Titulo1_Try1/Saved/Config/Windows/Engine.ini]
[2020.07.02-02.00.36:093][  0]LogInit: Computer: HP
[2020.07.02-02.00.36:093][  0]LogInit: User: PJimenez
[2020.07.02-02.00.36:093][  0]LogInit: CPU Page size=4096, Cores=4
[2020.07.02-02.00.36:093][  0]LogInit: High frequency timer resolution =2.143485 MHz
[2020.07.02-02.00.36:093][  0]LogMemory: Memory total: Physical=15.9GB (16GB approx)
[2020.07.02-02.00.36:093][  0]LogMemory: Platform Memory Stats for Windows
[2020.07.02-02.00.36:093][  0]LogMemory: Process Physical Memory: 102.04 MB used, 102.04 MB peak
[2020.07.02-02.00.36:093][  0]LogMemory: Process Virtual Memory: 100.19 MB used, 100.19 MB peak
[2020.07.02-02.00.36:093][  0]LogMemory: Physical Memory: 11532.12 MB used,  4787.99 MB free, 16320.11 MB total
[2020.07.02-02.00.36:093][  0]LogMemory: Virtual Memory: 989.11 MB used,  134216736.00 MB free, 134217728.00 MB total
[2020.07.02-02.00.36:099][  0]LogWindows: WindowsPlatformFeatures enabled
[2020.07.02-02.00.36:115][  0]LogInit: Overriding language with editor language configuration option (en).
[2020.07.02-02.00.36:115][  0]LogInit: Overriding locale with editor locale configuration option (en).
[2020.07.02-02.00.36:346][  0]LogInit: Setting process to per monitor DPI aware
[2020.07.02-02.00.36:375][  0]LogSlate: New Slate User Created.  User Index 0, Is Virtual User: 0
[2020.07.02-02.00.36:375][  0]LogSlate: Slate User Registered.  User Index 0, Is Virtual User: 0
[2020.07.02-02.00.36:591][  0]LogHMD: Failed to initialize OpenVR with code 110
[2020.07.02-02.00.36:591][  0]LogD3D11RHI: D3D11 min allowed feature level: 11_0
[2020.07.02-02.00.36:591][  0]LogD3D11RHI: D3D11 max allowed feature level: 11_0
[2020.07.02-02.00.36:591][  0]LogD3D11RHI: D3D11 adapters:
[2020.07.02-02.00.36:607][  0]LogD3D11RHI:    0. 'Intel(R) HD Graphics 4600' (Feature Level 11_0)
[2020.07.02-02.00.36:607][  0]LogD3D11RHI:       0/0/1792 MB DedicatedVideo/DedicatedSystem/SharedSystem, Outputs:1, VendorId:0x8086
[2020.07.02-02.00.36:609][  0]LogD3D11RHI:    1. 'Microsoft Basic Render Driver' (Feature Level 11_0)
[2020.07.02-02.00.36:609][  0]LogD3D11RHI:       0/0/256 MB DedicatedVideo/DedicatedSystem/SharedSystem, Outputs:0, VendorId:0x1414
[2020.07.02-02.00.36:609][  0]LogD3D11RHI: Chosen D3D11 Adapter: 0
[2020.07.02-02.00.36:623][  0]LogD3D11RHI: Creating new Direct3DDevice
[2020.07.02-02.00.36:623][  0]LogD3D11RHI:     GPU DeviceId: 0x416 (for the marketing name, search the web for "GPU Device Id")
[2020.07.02-02.00.36:623][  0]LogWindows: EnumDisplayDevices:
[2020.07.02-02.00.36:623][  0]LogWindows:    0. 'Intel(R) HD Graphics 4600' (P:1 D:1)
[2020.07.02-02.00.36:623][  0]LogWindows:    1. 'Intel(R) HD Graphics 4600' (P:0 D:0)
[2020.07.02-02.00.36:624][  0]LogWindows:    2. 'Intel(R) HD Graphics 4600' (P:0 D:0)
[2020.07.02-02.00.36:624][  0]LogWindows: DebugString: FoundDriverCount:3 
[2020.07.02-02.00.36:624][  0]LogD3D11RHI:     Adapter Name: Intel(R) HD Graphics 4600
[2020.07.02-02.00.36:624][  0]LogD3D11RHI:   Driver Version: 10.18.10.3304 (internal:10.18.10.3304, unified:10.18.10.3304)
[2020.07.02-02.00.36:624][  0]LogD3D11RHI:      Driver Date: 9-9-2013
[2020.07.02-02.00.36:624][  0]LogRHI: Texture pool is 627 MB (70% of 896 MB)
[2020.07.02-02.00.36:637][  0]LogD3D11RHI: RHI does not have support for 64 bit atomics
[2020.07.02-02.00.36:637][  0]LogD3D11RHI: Async texture creation enabled
[2020.07.02-02.00.36:644][  0]LogD3D11RHI: GPU Timing Frequency: 12.500000 (Debug: 2 0)
[2020.07.02-02.00.37:061][  0]LogTargetPlatformManager: Display: Loaded TargetPlatform 'AllDesktop'
[2020.07.02-02.00.37:118][  0]LogTargetPlatformManager: Display: Loaded TargetPlatform 'Android'
[2020.07.02-02.00.37:118][  0]LogTargetPlatformManager: Display: Loaded TargetPlatform 'Android_ASTC'
[2020.07.02-02.00.37:118][  0]LogTargetPlatformManager: Display: Loaded TargetPlatform 'Android_ATC'
[2020.07.02-02.00.37:118][  0]LogTargetPlatformManager: Display: Loaded TargetPlatform 'Android_DXT'
[2020.07.02-02.00.37:118][  0]LogTargetPlatformManager: Display: Loaded TargetPlatform 'Android_ETC1'
[2020.07.02-02.00.37:118][  0]LogTargetPlatformManager: Display: Loaded TargetPlatform 'Android_ETC1a'
[2020.07.02-02.00.37:118][  0]LogTargetPlatformManager: Display: Loaded TargetPlatform 'Android_ETC2'
[2020.07.02-02.00.37:118][  0]LogTargetPlatformManager: Display: Loaded TargetPlatform 'Android_PVRTC'
[2020.07.02-02.00.37:118][  0]LogTargetPlatformManager: Display: Loaded TargetPlatform 'AndroidClient'
[2020.07.02-02.00.37:118][  0]LogTargetPlatformManager: Display: Loaded TargetPlatform 'Android_ASTCClient'
[2020.07.02-02.00.37:118][  0]LogTargetPlatformManager: Display: Loaded TargetPlatform 'Android_ATCClient'
[2020.07.02-02.00.37:118][  0]LogTargetPlatformManager: Display: Loaded TargetPlatform 'Android_DXTClient'
[2020.07.02-02.00.37:118][  0]LogTargetPlatformManager: Display: Loaded TargetPlatform 'Android_ETC1Client'
[2020.07.02-02.00.37:118][  0]LogTargetPlatformManager: Display: Loaded TargetPlatform 'Android_ETC1aClient'
[2020.07.02-02.00.37:118][  0]LogTargetPlatformManager: Display: Loaded TargetPlatform 'Android_ETC2Client'
[2020.07.02-02.00.37:118][  0]LogTargetPlatformManager: Display: Loaded TargetPlatform 'Android_PVRTCClient'
[2020.07.02-02.00.37:118][  0]LogTargetPlatformManager: Display: Loaded TargetPlatform 'Android_Multi'
[2020.07.02-02.00.37:118][  0]LogTargetPlatformManager: Display: Loaded TargetPlatform 'Android_MultiClient'
[2020.07.02-02.00.37:143][  0]LogTargetPlatformManager: Display: Loaded TargetPlatform 'IOSClient'
[2020.07.02-02.00.37:143][  0]LogTargetPlatformManager: Display: Loaded TargetPlatform 'IOS'
[2020.07.02-02.00.37:153][  0]LogTargetPlatformManager: Display: Loaded TargetPlatform 'LinuxNoEditor'
[2020.07.02-02.00.37:162][  0]LogTargetPlatformManager: Display: Loaded TargetPlatform 'LinuxClient'
[2020.07.02-02.00.37:171][  0]LogTargetPlatformManager: Display: Loaded TargetPlatform 'LinuxServer'
[2020.07.02-02.00.37:180][  0]LogTargetPlatformManager: Display: Loaded TargetPlatform 'LinuxAArch64NoEditor'
[2020.07.02-02.00.37:189][  0]LogTargetPlatformManager: Display: Loaded TargetPlatform 'LinuxAArch64Client'
[2020.07.02-02.00.37:200][  0]LogTargetPlatformManager: Display: Loaded TargetPlatform 'LinuxAArch64Server'
[2020.07.02-02.00.37:237][  0]LogTargetPlatformManager: Display: Loaded TargetPlatform 'Lumin'
[2020.07.02-02.00.37:237][  0]LogTargetPlatformManager: Display: Loaded TargetPlatform 'LuminClient'
[2020.07.02-02.00.37:257][  0]LogTargetPlatformManager: Display: Loaded TargetPlatform 'TVOSClient'
[2020.07.02-02.00.37:257][  0]LogTargetPlatformManager: Display: Loaded TargetPlatform 'TVOS'
[2020.07.02-02.00.37:266][  0]LogTargetPlatformManager: Display: Loaded TargetPlatform 'WindowsNoEditor'
[2020.07.02-02.00.37:276][  0]LogTargetPlatformManager: Display: Loaded TargetPlatform 'Windows'
[2020.07.02-02.00.37:285][  0]LogTargetPlatformManager: Display: Loaded TargetPlatform 'WindowsClient'
[2020.07.02-02.00.37:294][  0]LogTargetPlatformManager: Display: Loaded TargetPlatform 'WindowsServer'
[2020.07.02-02.00.37:294][  0]LogTargetPlatformManager: Display: Building Assets For Windows
[2020.07.02-02.00.37:297][  0]LogAudioDebug: Display: Lib vorbis DLL was dynamically loaded.
[2020.07.02-02.00.37:335][  0]LogShaderCompilers: Guid format shader working directory is -9 characters bigger than the processId version (../../../../../../Documentos/Unreal Projects/Titulo1_Try1/Intermediate/Shaders/WorkingDirectory/33720/).
[2020.07.02-02.00.37:335][  0]LogShaderCompilers: Cleaned the shader compiler working directory 'C:/Users/PJimenez/AppData/Local/Temp/UnrealShaderWorkingDir/9274EBD14154155F1D053980DC65AA60/'.
[2020.07.02-02.00.37:336][  0]LogXGEController: Cleaning working directory: C:/Users/PJimenez/AppData/Local/Temp/UnrealXGEWorkingDir/
[2020.07.02-02.00.37:336][  0]LogXGEController: Cannot use XGE Controller as Incredibuild is not installed on this machine.
[2020.07.02-02.00.37:337][  0]LogShaderCompilers: Cannot use XGE Shader Compiler as Incredibuild is not installed on this machine.
[2020.07.02-02.00.37:337][  0]LogShaderCompilers: Display: Using Local Shader Compiler.
[2020.07.02-02.00.38:392][  0]LogDerivedDataCache: Display: Max Cache Size: 512 MB
[2020.07.02-02.00.38:492][  0]LogDerivedDataCache: Loaded boot cache 0.10s 78MB C:/Users/PJimenez/AppData/Local/UnrealEngine/4.24/DerivedDataCache/Boot.ddc.
[2020.07.02-02.00.38:492][  0]LogDerivedDataCache: Display: Loaded Boot cache: C:/Users/PJimenez/AppData/Local/UnrealEngine/4.24/DerivedDataCache/Boot.ddc
[2020.07.02-02.00.38:492][  0]LogDerivedDataCache: FDerivedDataBackendGraph:  Pak pak cache file ../../../../../../Documentos/Unreal Projects/Titulo1_Try1/DerivedDataCache/DDC.ddp not found, will not use a pak cache.
[2020.07.02-02.00.38:492][  0]LogDerivedDataCache: Unable to find inner node Pak for hierarchical cache Hierarchy.
[2020.07.02-02.00.38:492][  0]LogDerivedDataCache: FDerivedDataBackendGraph:  CompressedPak pak cache file ../../../../../../Documentos/Unreal Projects/Titulo1_Try1/DerivedDataCache/Compressed.ddp not found, will not use a pak cache.
[2020.07.02-02.00.38:492][  0]LogDerivedDataCache: Unable to find inner node CompressedPak for hierarchical cache Hierarchy.
[2020.07.02-02.00.38:508][  0]LogDerivedDataCache: Display: Pak cache opened for reading ../../../Engine/DerivedDataCache/Compressed.ddp.
[2020.07.02-02.00.38:508][  0]LogDerivedDataCache: FDerivedDataBackendGraph:  EnterprisePak pak cache file ../../../Enterprise/DerivedDataCache/Compressed.ddp not found, will not use a pak cache.
[2020.07.02-02.00.38:508][  0]LogDerivedDataCache: Unable to find inner node EnterprisePak for hierarchical cache Hierarchy.
[2020.07.02-02.00.38:510][  0]LogDerivedDataCache: Using Local data cache path C:/Users/PJimenez/AppData/Local/UnrealEngine/Common/DerivedDataCache: Writable
[2020.07.02-02.00.38:510][  0]LogDerivedDataCache: Shared data cache path not found in *engine.ini, will not use an Shared cache.
[2020.07.02-02.00.38:510][  0]LogDerivedDataCache: Unable to find inner node Shared for hierarchical cache Hierarchy.
[2020.07.02-02.00.38:547][  0]LogMaterial: Verifying Global Shaders for PCD3D_SM5
[2020.07.02-02.00.38:551][  0]LogSlate: Using FreeType 2.10.0
[2020.07.02-02.00.38:552][  0]LogSlate: SlateFontServices - WITH_FREETYPE: 1, WITH_HARFBUZZ: 1
[2020.07.02-02.00.38:627][  0]LogAssetRegistry: FAssetRegistry took 0.0036 seconds to start up
[2020.07.02-02.00.39:117][  0]LogInit: Selected Device Profile: [Windows]
[2020.07.02-02.00.39:380][  0]LogMeshReduction: Using QuadricMeshReduction for automatic static mesh reduction
[2020.07.02-02.00.39:380][  0]LogMeshReduction: Using SimplygonMeshReduction for automatic skeletal mesh reduction
[2020.07.02-02.00.39:380][  0]LogMeshReduction: Using ProxyLODMeshReduction for automatic mesh merging
[2020.07.02-02.00.39:380][  0]LogMeshReduction: No distributed automatic mesh merging module available
[2020.07.02-02.00.39:380][  0]LogMeshMerging: No distributed automatic mesh merging module available
[2020.07.02-02.00.39:405][  0]LogNetVersion: Titulo1_Try1 1.0.0, NetCL: 10570792, EngineNetVer: 13, GameNetVer: 0 (Checksum: 1636823350)
[2020.07.02-02.00.40:962][  0]LogPackageLocalizationCache: Processed 10 localized package path(s) for 1 prioritized culture(s) in 0.047229 seconds
[2020.07.02-02.00.40:975][  0]LogUObjectArray: 46750 objects as part of root set at end of initial load.
[2020.07.02-02.00.40:975][  0]LogUObjectAllocator: 8137160 out of 0 bytes used by permanent object pool.
[2020.07.02-02.00.40:975][  0]LogUObjectArray: CloseDisregardForGC: 0/0 objects in disregard for GC pool
[2020.07.02-02.00.41:596][  0]LogTcpMessaging: Initializing TcpMessaging bridge
[2020.07.02-02.00.41:599][  0]LogUdpMessaging: Initializing bridge on interface 0.0.0.0:0 to multicast group 230.0.0.1:6666.
[2020.07.02-02.00.41:656][  0]SourceControl: Source control is disabled
[2020.07.02-02.00.41:656][  0]SourceControl: Source control is disabled
[2020.07.02-02.00.41:660][  0]SourceControl: Source control is disabled
[2020.07.02-02.00.41:661][  0]SourceControl: Source control is disabled
[2020.07.02-02.00.41:662][  0]SourceControl: Source control is disabled
[2020.07.02-02.00.41:754][  0]LogAndroidPermission: UAndroidPermissionCallbackProxy::GetInstance
[2020.07.02-02.00.41:765][  0]LogAudioCaptureCore: Display: No Audio Capture implementations found. Audio input will be silent.
[2020.07.02-02.00.41:765][  0]LogAudioCaptureCore: Display: No Audio Capture implementations found. Audio input will be silent.
[2020.07.02-02.00.41:864][  0]LogOcInput: OculusInput pre-init called
[2020.07.02-02.00.41:874][  0]LogWindows: Failed to load 'OVRPlugin.dll' (GetLastError=126)
[2020.07.02-02.00.41:874][  0]LogWindows: File 'OVRPlugin.dll' does not exist
[2020.07.02-02.00.41:955][  0]LogEngine: Initializing Engine...
[2020.07.02-02.00.41:956][  0]LogHMD: Failed to initialize OpenVR with code 110
[2020.07.02-02.00.41:958][  0]LogStats: UGameplayTagsManager::InitializeManager -  0.000 s
[2020.07.02-02.00.42:398][  0]LogInit: Initializing FReadOnlyCVARCache
[2020.07.02-02.00.42:449][  0]LogAIModule: Creating AISystem for world Untitled
[2020.07.02-02.00.42:607][  0]LogAudioMixer: Display: Audio Mixer Platform Settings:
[2020.07.02-02.00.42:607][  0]LogAudioMixer: Display: 	Sample Rate:						  48000
[2020.07.02-02.00.42:607][  0]LogAudioMixer: Display: 	Callback Buffer Frame Size Requested: 1024
[2020.07.02-02.00.42:607][  0]LogAudioMixer: Display: 	Callback Buffer Frame Size To Use:	  1024
[2020.07.02-02.00.42:607][  0]LogAudioMixer: Display: 	Number of buffers to queue:			  2
[2020.07.02-02.00.42:607][  0]LogAudioMixer: Display: 	Max Channels (voices):				  32
[2020.07.02-02.00.42:607][  0]LogAudioMixer: Display: 	Number of Async Source Workers:		  0
[2020.07.02-02.00.42:607][  0]LogAudio: Display: AudioDevice MaxSources: 32
[2020.07.02-02.00.42:608][  0]LogAudio: Display: Using built-in audio occlusion.
[2020.07.02-02.00.42:608][  0]LogAudioMixer: Display: Initializing audio mixer.
[2020.07.02-02.00.42:614][  0]LogAudioMixer: Display: Audio Device Output Speaker Info:
[2020.07.02-02.00.42:614][  0]LogAudioMixer: Display: Name: Altavoces / Auriculares (IDT High Definition Audio CODEC)
[2020.07.02-02.00.42:614][  0]LogAudioMixer: Display: Is Default: Yes
[2020.07.02-02.00.42:614][  0]LogAudioMixer: Display: Sample Rate: 48000
[2020.07.02-02.00.42:614][  0]LogAudioMixer: Display: Channel Count Used: 2
[2020.07.02-02.00.42:614][  0]LogAudioMixer: Display: Device Channel Count: 2
[2020.07.02-02.00.42:614][  0]LogAudioMixer: Display: Channel Order:
[2020.07.02-02.00.42:614][  0]LogAudioMixer: Display: 0: FrontLeft
[2020.07.02-02.00.42:614][  0]LogAudioMixer: Display: 1: FrontRight
[2020.07.02-02.00.42:716][  0]LogAudioMixer: Display: Using Audio Device Altavoces / Auriculares (IDT High Definition Audio CODEC)
[2020.07.02-02.00.42:748][  0]LogInit: FAudioDevice initialized.
[2020.07.02-02.00.42:749][  0]LogNetVersion: Set ProjectVersion to 1.0.0.0. Version Checksum will be recalculated on next use.
[2020.07.02-02.00.42:917][  0]LogDerivedDataCache: Saved boot cache 0.17s 78MB C:/Users/PJimenez/AppData/Local/UnrealEngine/4.24/DerivedDataCache/Boot.ddc.
[2020.07.02-02.00.42:920][  0]LogInit: Texture streaming: Enabled
[2020.07.02-02.00.42:941][  0]LogEngineSessionManager: EngineSessionManager initialized
[2020.07.02-02.00.42:941][  0]LogEngineSessionManager: EngineSessionManager sent abnormal shutdown report. Type=Crashed, SessionId={3D80A4A8-48C0-E856-59AE-FEBF6F6E087E}
[2020.07.02-02.00.42:941][  0]LogEditorSessionSummary: Verbose: Initializing EditorSessionSummaryWriter for editor session tracking
[2020.07.02-02.00.42:944][  0]LogEditorSessionSummary: EditorSessionSummaryWriter initialized
[2020.07.02-02.00.43:021][  0]LogInit: Transaction tracking system initialized
[2020.07.02-02.00.43:042][  0]BlueprintLog: New page: Editor Load
[2020.07.02-02.00.43:082][  0]LocalizationService: Localization service is disabled
[2020.07.02-02.00.44:648][  0]LogFileCache: Scanning file cache for directory 'D:/Documentos/Unreal Projects/Titulo1_Try1/Content/' took 0.00s
[2020.07.02-02.00.44:648][  0]LogCook: Display: Max memory allowance for cook 16384mb min free memory 0mb
[2020.07.02-02.00.44:648][  0]LogCook: Display: Mobile HDR setting 1
[2020.07.02-02.00.45:373][  0]SourceControl: Source control is disabled
[2020.07.02-02.00.45:373][  0]Cmd: MAP LOAD FILE="../../../../../../Documentos/Unreal Projects/Titulo1_Try1/Content/Nivel_de_Prueba.umap" TEMPLATE=0 SHOWPROGRESS=1 FEATURELEVEL=3
[2020.07.02-02.00.45:374][  0]LightingResults: New page: Lighting Build
[2020.07.02-02.00.45:374][  0]LogWorld: UWorld::CleanupWorld for Untitled, bSessionEnded=true, bCleanupResources=true
[2020.07.02-02.00.45:375][  0]LogSlate: InvalidateAllWidgets triggered.  All widgets were invalidated
[2020.07.02-02.00.45:375][  0]MapCheck: New page: Map Check
[2020.07.02-02.00.45:375][  0]LightingResults: New page: Lighting Build
[2020.07.02-02.00.45:411][  0]LogUObjectHash: Compacting FUObjectHashTables data took   2.85ms
[2020.07.02-02.00.45:469][  0]LogAIModule: Creating AISystem for world Nivel_de_Prueba
[2020.07.02-02.00.45:488][  0]LogEditorServer: Finished looking for orphan Actors (0.000 secs)
[2020.07.02-02.00.45:531][  0]LogUObjectHash: Compacting FUObjectHashTables data took   4.14ms
[2020.07.02-02.00.45:531][  0]Cmd: MAP CHECKDEP NOCLEARLOG
[2020.07.02-02.00.45:532][  0]MapCheck: Map check complete: 0 Error(s), 0 Warning(s), took 0.314ms to complete.
[2020.07.02-02.00.45:532][  0]LogFileHelpers: Loading map 'Nivel_de_Prueba' took 0.159
[2020.07.02-02.00.45:586][  0]LogWindowsTextInputMethodSystem: Display: IME system now deactivated.
[2020.07.02-02.00.45:655][  0]LogSlate: Updating window title bar state: overlay mode, drag disabled, window buttons hidden, title bar hidden
[2020.07.02-02.00.45:663][  0]LogSlate: Updating window title bar state: overlay mode, drag disabled, window buttons hidden, title bar hidden
[2020.07.02-02.00.45:671][  0]LogSlate: Updating window title bar state: overlay mode, drag disabled, window buttons hidden, title bar hidden
[2020.07.02-02.00.45:680][  0]LogSlate: Updating window title bar state: overlay mode, drag disabled, window buttons hidden, title bar hidden
[2020.07.02-02.00.45:685][  0]LogCollectionManager: Loaded 0 collections in 0.001726 seconds
[2020.07.02-02.00.45:704][  0]LogFileCache: Scanning file cache for directory 'D:/Documentos/Unreal Projects/Titulo1_Try1/Saved/Collections/' took 0.00s
[2020.07.02-02.00.45:705][  0]LogFileCache: Scanning file cache for directory 'D:/Documentos/Unreal Projects/Titulo1_Try1/Content/Developers/PJimenez/Collections/' took 0.00s
[2020.07.02-02.00.45:705][  0]LogFileCache: Scanning file cache for directory 'D:/Documentos/Unreal Projects/Titulo1_Try1/Content/Collections/' took 0.00s
[2020.07.02-02.00.45:705][  0]LogContentBrowser: Native class hierarchy populated in 0.0126 seconds. Added 3015 classes and 717 folders.
[2020.07.02-02.00.45:709][  0]LogContentBrowser: Native class hierarchy updated for 'WidgetCarousel' in 0.0004 seconds. Added 0 classes and 0 folders.
[2020.07.02-02.00.45:759][  0]LogContentBrowser: Native class hierarchy updated for 'AddContentDialog' in 0.0004 seconds. Added 0 classes and 0 folders.
[2020.07.02-02.00.45:764][  0]LogContentBrowser: Native class hierarchy updated for 'SceneOutliner' in 0.0005 seconds. Added 2 classes and 3 folders.
[2020.07.02-02.00.45:920][  0]LogSlate: Took 0.000175 seconds to synchronously load lazily loaded font '../../../Engine/Content/Slate/Fonts/Roboto-Regular.ttf' (155K)
[2020.07.02-02.00.45:924][  0]LogSlate: Took 0.000203 seconds to synchronously load lazily loaded font '../../../Engine/Content/Slate/Fonts/Roboto-Bold.ttf' (160K)
[2020.07.02-02.00.45:930][  0]LogSlate: Took 0.000180 seconds to synchronously load lazily loaded font '../../../Engine/Content/Editor/Slate/Fonts/FontAwesome.ttf' (139K)
[2020.07.02-02.00.46:011][  0]LogRenderer: Reallocating scene render targets to support 832x468 Format 9 NumSamples 1 (Frame:1).
[2020.07.02-02.00.46:255][  0]LogSlate: Took 0.000189 seconds to synchronously load lazily loaded font '../../../Engine/Content/Slate/Fonts/Roboto-Light.ttf' (167K)
[2020.07.02-02.00.46:316][  0]LogSlate: Took 0.000115 seconds to synchronously load lazily loaded font '../../../Engine/Content/Slate/Fonts/Roboto-Light.ttf' (167K)
[2020.07.02-02.00.46:463][  0]LogContentBrowser: Native class hierarchy updated for 'HierarchicalLODOutliner' in 0.0003 seconds. Added 0 classes and 0 folders.
[2020.07.02-02.00.46:463][  0]LogLoad: (Engine Initialization) Total time: 11.61 seconds
[2020.07.02-02.00.46:463][  0]LogLoad: (Engine Initialization) Total Blueprint compile time: 0.00 seconds
[2020.07.02-02.00.46:511][  0]LogAssetRegistry: Asset discovery search completed in 7.8856 seconds
[2020.07.02-02.00.46:516][  0]LogCollectionManager: Fixed up redirectors for 0 collections in 0.000011 seconds (updated 0 objects)
[2020.07.02-02.00.46:518][  0]LogContentStreaming: Texture pool size now 400 MB
[2020.07.02-02.00.51:957][362]LogAssetEditorSubsystem: Opening Asset editor for LevelScriptBlueprint /Game/Nivel_de_Prueba.Nivel_de_Prueba:PersistentLevel.Nivel_de_Prueba
[2020.07.02-02.00.52:303][362]LogContentBrowser: Native class hierarchy updated for 'BlueprintGraph' in 0.0012 seconds. Added 121 classes and 0 folders.
[2020.07.02-02.00.53:575][362]LogSlate: Took 0.000163 seconds to synchronously load lazily loaded font '../../../Engine/Content/Slate/Fonts/Roboto-BoldCondensed.ttf' (158K)
[2020.07.02-02.00.53:640][363]LogSlate: Took 0.000231 seconds to synchronously load lazily loaded font '../../../Engine/Content/Slate/Fonts/Roboto-Italic.ttf' (157K)
[2020.07.02-02.00.55:672][457]LogSlate: Window 'Nivel_de_Prueba' being destroyed
[2020.07.02-02.00.55:677][457]LogSlate: Window 'Nivel_de_Prueba' being destroyed
[2020.07.02-02.00.55:678][457]LogWorld: UWorld::CleanupWorld for World_0, bSessionEnded=true, bCleanupResources=true
[2020.07.02-02.00.55:678][457]LogSlate: InvalidateAllWidgets triggered.  All widgets were invalidated
[2020.07.02-02.00.57:742][584]LogTemp: Repeating last play command: Selected Viewport
[2020.07.02-02.00.57:753][584]LogBlueprintUserMessages: Early PlayInEditor Detection: Level '/Game/Nivel_de_Prueba.Nivel_de_Prueba:PersistentLevel' has LevelScriptBlueprint '/Game/Nivel_de_Prueba.Nivel_de_Prueba:PersistentLevel.Nivel_de_Prueba' with GeneratedClass '/Game/Nivel_de_Prueba.Nivel_de_Prueba_C' with ClassGeneratedBy '/Game/Nivel_de_Prueba.Nivel_de_Prueba:PersistentLevel.Nivel_de_Prueba'
[2020.07.02-02.00.57:754][584]LogPlayLevel: PlayLevel: No blueprints needed recompiling
[2020.07.02-02.00.57:754][584]PIE: New page: PIE session: Nivel_de_Prueba (Jul 1, 2020, 6:00:57 PM)
[2020.07.02-02.00.57:755][584]LogOnline: OSS: Creating online subsystem instance for: NULL
[2020.07.02-02.00.57:756][584]LogOnline: OSS: TryLoadSubsystemAndSetDefault: Loaded subsystem for module [NULL]
[2020.07.02-02.00.57:756][584]LogPlayLevel: Creating play world package: /Game/UEDPIE_0_Nivel_de_Prueba
[2020.07.02-02.00.57:760][584]LogPlayLevel: PIE: StaticDuplicateObject took: (0.003882s)
[2020.07.02-02.00.57:761][584]LogAIModule: Creating AISystem for world Nivel_de_Prueba
[2020.07.02-02.00.57:762][584]LogPlayLevel: PIE: World Init took: (0.001339s)
[2020.07.02-02.00.57:762][584]LogPlayLevel: PIE: Created PIE world by copying editor world from /Game/Nivel_de_Prueba.Nivel_de_Prueba to /Game/UEDPIE_0_Nivel_de_Prueba.Nivel_de_Prueba (0.005593s)
[2020.07.02-02.00.57:816][584]LogUObjectHash: Compacting FUObjectHashTables data took   5.82ms
[2020.07.02-02.00.57:820][584]LogAudioMixer: Display: Audio Mixer Platform Settings:
[2020.07.02-02.00.57:820][584]LogAudioMixer: Display: 	Sample Rate:						  48000
[2020.07.02-02.00.57:820][584]LogAudioMixer: Display: 	Callback Buffer Frame Size Requested: 1024
[2020.07.02-02.00.57:820][584]LogAudioMixer: Display: 	Callback Buffer Frame Size To Use:	  1024
[2020.07.02-02.00.57:820][584]LogAudioMixer: Display: 	Number of buffers to queue:			  2
[2020.07.02-02.00.57:820][584]LogAudioMixer: Display: 	Max Channels (voices):				  32
[2020.07.02-02.00.57:820][584]LogAudioMixer: Display: 	Number of Async Source Workers:		  0
[2020.07.02-02.00.57:820][584]LogAudio: Display: AudioDevice MaxSources: 32
[2020.07.02-02.00.57:821][584]LogAudio: Display: Using built-in audio occlusion.
[2020.07.02-02.00.57:821][584]LogAudioMixer: Display: Initializing audio mixer.
[2020.07.02-02.00.57:823][584]LogAudioMixer: Display: Audio Device Output Speaker Info:
[2020.07.02-02.00.57:824][584]LogAudioMixer: Display: Name: Altavoces / Auriculares (IDT High Definition Audio CODEC)
[2020.07.02-02.00.57:824][584]LogAudioMixer: Display: Is Default: Yes
[2020.07.02-02.00.57:824][584]LogAudioMixer: Display: Sample Rate: 48000
[2020.07.02-02.00.57:824][584]LogAudioMixer: Display: Channel Count Used: 2
[2020.07.02-02.00.57:824][584]LogAudioMixer: Display: Device Channel Count: 2
[2020.07.02-02.00.57:824][584]LogAudioMixer: Display: Channel Order:
[2020.07.02-02.00.57:824][584]LogAudioMixer: Display: 0: FrontLeft
[2020.07.02-02.00.57:824][584]LogAudioMixer: Display: 1: FrontRight
[2020.07.02-02.00.57:931][584]LogAudioMixer: Display: Using Audio Device Altavoces / Auriculares (IDT High Definition Audio CODEC)
[2020.07.02-02.00.57:960][584]LogInit: FAudioDevice initialized.
[2020.07.02-02.00.57:984][584]LogLoad: Game class is 'NewGamemode_C'
[2020.07.02-02.00.57:986][584]LogWorld: Bringing World /Game/UEDPIE_0_Nivel_de_Prueba.Nivel_de_Prueba up for play (max tick rate 0) at 2020.07.01-22.00.57
[2020.07.02-02.00.57:987][584]LogWorld: Bringing up level for play took: 0.001714
[2020.07.02-02.00.57:987][584]LogOnline: OSS: Creating online subsystem instance for: :Context_2
[2020.07.02-02.00.57:991][584]LogContentBrowser: Native class hierarchy updated for 'MovieSceneCapture' in 0.0005 seconds. Added 20 classes and 0 folders.
[2020.07.02-02.00.57:991][584]LogGameMode: Display: Match State Changed from EnteringMap to WaitingToStart
[2020.07.02-02.00.57:991][584]LogGameState: Match State Changed from EnteringMap to WaitingToStart
[2020.07.02-02.00.57:991][584]LogGameMode: Display: Match State Changed from WaitingToStart to InProgress
[2020.07.02-02.00.57:993][584]LogGameState: Match State Changed from WaitingToStart to InProgress
[2020.07.02-02.00.57:993][584]PIE: Play in editor start time for /Game/UEDPIE_0_Nivel_de_Prueba 1.194
[2020.07.02-02.00.57:993][584]LogBlueprintUserMessages: Late PlayInEditor Detection: Level '/Game/Nivel_de_Prueba.Nivel_de_Prueba:PersistentLevel' has LevelScriptBlueprint '/Game/Nivel_de_Prueba.Nivel_de_Prueba:PersistentLevel.Nivel_de_Prueba' with GeneratedClass '/Game/Nivel_de_Prueba.Nivel_de_Prueba_C' with ClassGeneratedBy '/Game/Nivel_de_Prueba.Nivel_de_Prueba:PersistentLevel.Nivel_de_Prueba'
[2020.07.02-02.01.10:916][866]LogAudioMixer: Display: No commands were queued while flushing the source manager.
[2020.07.02-02.01.10:916][866]LogAudioMixer: Display: No commands were queued while flushing the source manager.
[2020.07.02-02.01.10:916][866]LogBlueprintUserMessages: Early EndPlayMap Detection: Level '/Game/Nivel_de_Prueba.Nivel_de_Prueba:PersistentLevel' has LevelScriptBlueprint '/Game/Nivel_de_Prueba.Nivel_de_Prueba:PersistentLevel.Nivel_de_Prueba' with GeneratedClass '/Game/Nivel_de_Prueba.Nivel_de_Prueba_C' with ClassGeneratedBy '/Game/Nivel_de_Prueba.Nivel_de_Prueba:PersistentLevel.Nivel_de_Prueba'
[2020.07.02-02.01.10:916][866]LogSlate: Updating window title bar state: overlay mode, drag disabled, window buttons hidden, title bar hidden
[2020.07.02-02.01.10:916][866]LogWorld: BeginTearingDown for /Game/UEDPIE_0_Nivel_de_Prueba
[2020.07.02-02.01.10:917][866]LogAudioMixer: Display: No commands were queued while flushing the source manager.
[2020.07.02-02.01.10:917][866]LogWorld: UWorld::CleanupWorld for Nivel_de_Prueba, bSessionEnded=true, bCleanupResources=true
[2020.07.02-02.01.10:917][866]LogSlate: InvalidateAllWidgets triggered.  All widgets were invalidated
[2020.07.02-02.01.10:924][866]LogPlayLevel: Display: Shutting down PIE online subsystems
[2020.07.02-02.01.10:924][866]LogBlueprintUserMessages: Late EndPlayMap Detection: Level '/Game/Nivel_de_Prueba.Nivel_de_Prueba:PersistentLevel' has LevelScriptBlueprint '/Game/Nivel_de_Prueba.Nivel_de_Prueba:PersistentLevel.Nivel_de_Prueba' with GeneratedClass '/Game/Nivel_de_Prueba.Nivel_de_Prueba_C' with ClassGeneratedBy '/Game/Nivel_de_Prueba.Nivel_de_Prueba:PersistentLevel.Nivel_de_Prueba'
[2020.07.02-02.01.10:930][866]LogSlate: InvalidateAllWidgets triggered.  All widgets were invalidated
[2020.07.02-02.01.10:969][866]LogAudioMixer: Display: No commands were queued while flushing the source manager.
[2020.07.02-02.01.10:979][866]LogSlate: Updating window title bar state: overlay mode, drag disabled, window buttons hidden, title bar hidden
[2020.07.02-02.01.11:055][866]LogUObjectHash: Compacting FUObjectHashTables data took   6.06ms
[2020.07.02-02.01.11:077][867]LogPlayLevel: Display: Destroying online subsystem :Context_2
[2020.07.02-02.01.13:921][ 29]LogAssetEditorSubsystem: Opening Asset editor for LevelScriptBlueprint /Game/Nivel_de_Prueba.Nivel_de_Prueba:PersistentLevel.Nivel_de_Prueba
[2020.07.02-02.04.09:782][724]BlueprintLog: New page: Compile Nivel_de_Prueba
[2020.07.02-02.04.10:248][724]LogUObjectHash: Compacting FUObjectHashTables data took   7.68ms
[2020.07.02-02.04.11:663][783]Cmd: OBJ SAVEPACKAGE PACKAGE="/Game/Nivel_de_Prueba" FILE="../../../../../../Documentos/Unreal Projects/Titulo1_Try1/Content/Nivel_de_Prueba.umap" SILENT=true AUTOSAVING=false KEEPDIRTY=false
[2020.07.02-02.04.11:746][783]LogUObjectHash: Compacting FUObjectHashTables data took  10.32ms
[2020.07.02-02.04.12:164][783]LogSavePackage: Moving '../../../../../../Documentos/Unreal Projects/Titulo1_Try1/Saved/Nivel_de_PruebaDF2A77574BA050FC34B84CAC60F58A63.tmp' to '../../../../../../Documentos/Unreal Projects/Titulo1_Try1/Content/Nivel_de_Prueba.umap'
[2020.07.02-02.04.12:196][783]LogFileHelpers: Saving map 'Nivel_de_Prueba' took 0.535
[2020.07.02-02.04.12:210][783]AssetCheck: New page: Asset Save: Nivel_de_Prueba
[2020.07.02-02.04.12:210][783]LogContentValidation: Display: Validating World /Game/Nivel_de_Prueba.Nivel_de_Prueba
[2020.07.02-02.04.19:964][131]LogSlate: Window 'Nivel_de_Prueba' being destroyed
[2020.07.02-02.04.19:972][131]LogSlate: Window 'Nivel_de_Prueba' being destroyed
[2020.07.02-02.04.19:972][131]LogWorld: UWorld::CleanupWorld for World_1, bSessionEnded=true, bCleanupResources=true
[2020.07.02-02.04.19:972][131]LogSlate: InvalidateAllWidgets triggered.  All widgets were invalidated
[2020.07.02-02.04.21:120][192]LogTemp: Repeating last play command: Selected Viewport
[2020.07.02-02.04.21:141][192]LogBlueprintUserMessages: Early PlayInEditor Detection: Level '/Game/Nivel_de_Prueba.Nivel_de_Prueba:PersistentLevel' has LevelScriptBlueprint '/Game/Nivel_de_Prueba.Nivel_de_Prueba:PersistentLevel.Nivel_de_Prueba' with GeneratedClass '/Game/Nivel_de_Prueba.Nivel_de_Prueba_C' with ClassGeneratedBy '/Game/Nivel_de_Prueba.Nivel_de_Prueba:PersistentLevel.Nivel_de_Prueba'
[2020.07.02-02.04.21:141][192]LogPlayLevel: PlayLevel: No blueprints needed recompiling
[2020.07.02-02.04.21:141][192]PIE: New page: PIE session: Nivel_de_Prueba (Jul 1, 2020, 6:04:21 PM)
[2020.07.02-02.04.21:141][192]LogPlayLevel: Creating play world package: /Game/UEDPIE_0_Nivel_de_Prueba
[2020.07.02-02.04.21:145][192]LogPlayLevel: PIE: StaticDuplicateObject took: (0.003997s)
[2020.07.02-02.04.21:147][192]LogAIModule: Creating AISystem for world Nivel_de_Prueba
[2020.07.02-02.04.21:147][192]LogPlayLevel: PIE: World Init took: (0.001987s)
[2020.07.02-02.04.21:147][192]LogPlayLevel: PIE: Created PIE world by copying editor world from /Game/Nivel_de_Prueba.Nivel_de_Prueba to /Game/UEDPIE_0_Nivel_de_Prueba.Nivel_de_Prueba (0.006199s)
[2020.07.02-02.04.21:225][192]LogUObjectHash: Compacting FUObjectHashTables data took   8.76ms
[2020.07.02-02.04.21:227][192]LogAudioMixer: Display: Audio Mixer Platform Settings:
[2020.07.02-02.04.21:227][192]LogAudioMixer: Display: 	Sample Rate:						  48000
[2020.07.02-02.04.21:227][192]LogAudioMixer: Display: 	Callback Buffer Frame Size Requested: 1024
[2020.07.02-02.04.21:227][192]LogAudioMixer: Display: 	Callback Buffer Frame Size To Use:	  1024
[2020.07.02-02.04.21:227][192]LogAudioMixer: Display: 	Number of buffers to queue:			  2
[2020.07.02-02.04.21:227][192]LogAudioMixer: Display: 	Max Channels (voices):				  32
[2020.07.02-02.04.21:227][192]LogAudioMixer: Display: 	Number of Async Source Workers:		  0
[2020.07.02-02.04.21:227][192]LogAudio: Display: AudioDevice MaxSources: 32
[2020.07.02-02.04.21:228][192]LogAudio: Display: Using built-in audio occlusion.
[2020.07.02-02.04.21:228][192]LogAudioMixer: Display: Initializing audio mixer.
[2020.07.02-02.04.21:231][192]LogAudioMixer: Display: Audio Device Output Speaker Info:
[2020.07.02-02.04.21:231][192]LogAudioMixer: Display: Name: Altavoces / Auriculares (IDT High Definition Audio CODEC)
[2020.07.02-02.04.21:231][192]LogAudioMixer: Display: Is Default: Yes
[2020.07.02-02.04.21:231][192]LogAudioMixer: Display: Sample Rate: 48000
[2020.07.02-02.04.21:231][192]LogAudioMixer: Display: Channel Count Used: 2
[2020.07.02-02.04.21:231][192]LogAudioMixer: Display: Device Channel Count: 2
[2020.07.02-02.04.21:231][192]LogAudioMixer: Display: Channel Order:
[2020.07.02-02.04.21:231][192]LogAudioMixer: Display: 0: FrontLeft
[2020.07.02-02.04.21:231][192]LogAudioMixer: Display: 1: FrontRight
[2020.07.02-02.04.21:235][192]LogAudioMixer: Error: Audio Platform Device Error: 0x88890017: UNKNOWN (File D:/Build/++UE4/Sync/Engine/Source/Runtime/Windows/AudioMixerXAudio2/Private/AudioMixerPlatformXAudio2.cpp, Line 614)
[2020.07.02-02.04.21:236][192]LogOutputDevice: Warning: 

Script Stack (0 frames):

[2020.07.02-02.04.21:236][192]LogWindows: Windows GetLastError: La operación se completó correctamente. (0)
[2020.07.02-02.04.22:897][192]LogWindows: Error: === Critical error: ===
[2020.07.02-02.04.22:897][192]LogWindows: Error: 
[2020.07.02-02.04.22:897][192]LogWindows: Error: Assertion failed: (Index >= 0) & (Index < ArrayNum) [File:D:\Build\++UE4\Sync\Engine\Source\Runtime\Core\Public\Containers/Array.h] [Line: 614] 
[2020.07.02-02.04.22:897][192]LogWindows: Error: Array index out of bounds: 1 from an array of size 0
[2020.07.02-02.04.22:897][192]LogWindows: Error: 
[2020.07.02-02.04.22:897][192]LogWindows: Error: 
[2020.07.02-02.04.22:897][192]LogWindows: Error: [Callstack] 0x00007ffb4d3f8b9c KERNELBASE.dll!UnknownFunction []
[2020.07.02-02.04.22:897][192]LogWindows: Error: [Callstack] 0x00007ffb342ca7b6 UE4Editor-Core.dll!UnknownFunction []
[2020.07.02-02.04.22:897][192]LogWindows: Error: [Callstack] 0x00007ffb342cdc58 UE4Editor-Core.dll!UnknownFunction []
[2020.07.02-02.04.22:897][192]LogWindows: Error: [Callstack] 0x00007ffb34082c7d UE4Editor-Core.dll!UnknownFunction []
[2020.07.02-02.04.22:897][192]LogWindows: Error: [Callstack] 0x00007ffb3400fd43 UE4Editor-Core.dll!UnknownFunction []
[2020.07.02-02.04.22:897][192]LogWindows: Error: [Callstack] 0x00007ffb340120c0 UE4Editor-Core.dll!UnknownFunction []
[2020.07.02-02.04.22:897][192]LogWindows: Error: [Callstack] 0x00007ffb36ae02d8 UE4Editor-AudioMixer.dll!UnknownFunction []
[2020.07.02-02.04.22:897][192]LogWindows: Error: [Callstack] 0x00007ffb36a9be6b UE4Editor-AudioMixer.dll!UnknownFunction []
[2020.07.02-02.04.22:897][192]LogWindows: Error: [Callstack] 0x00007ffb36ac9f8a UE4Editor-AudioMixer.dll!UnknownFunction []
[2020.07.02-02.04.22:897][192]LogWindows: Error: [Callstack] 0x00007ffb0dd686f7 UE4Editor-Engine.dll!UnknownFunction []
[2020.07.02-02.04.22:897][192]LogWindows: Error: [Callstack] 0x00007ffb0dd8f8e6 UE4Editor-Engine.dll!UnknownFunction []
[2020.07.02-02.04.22:897][192]LogWindows: Error: [Callstack] 0x00007ffb0dd734c2 UE4Editor-Engine.dll!UnknownFunction []
[2020.07.02-02.04.22:897][192]LogWindows: Error: [Callstack] 0x00007ffb0dd5d96b UE4Editor-Engine.dll!UnknownFunction []
[2020.07.02-02.04.22:897][192]LogWindows: Error: [Callstack] 0x00007ffb0e1e3fb8 UE4Editor-Engine.dll!UnknownFunction []
[2020.07.02-02.04.22:897][192]LogWindows: Error: [Callstack] 0x00007ffb1fb90703 UE4Editor-UnrealEd.dll!UnknownFunction []
[2020.07.02-02.04.22:897][192]LogWindows: Error: [Callstack] 0x00007ffb1fbb2806 UE4Editor-UnrealEd.dll!UnknownFunction []
[2020.07.02-02.04.22:897][192]LogWindows: Error: [Callstack] 0x00007ffb1fbcd285 UE4Editor-UnrealEd.dll!UnknownFunction []
[2020.07.02-02.04.22:897][192]LogWindows: Error: [Callstack] 0x00007ffb1f69a5f5 UE4Editor-UnrealEd.dll!UnknownFunction []
[2020.07.02-02.04.22:897][192]LogWindows: Error: [Callstack] 0x00007ffb1fefe476 UE4Editor-UnrealEd.dll!UnknownFunction []
[2020.07.02-02.04.22:897][192]LogWindows: Error: [Callstack] 0x00007ff77ed57f62 UE4Editor.exe!UnknownFunction []
[2020.07.02-02.04.22:897][192]LogWindows: Error: [Callstack] 0x00007ff77ed6c3ec UE4Editor.exe!UnknownFunction []
[2020.07.02-02.04.22:897][192]LogWindows: Error: [Callstack] 0x00007ff77ed6c4ca UE4Editor.exe!UnknownFunction []
[2020.07.02-02.04.22:897][192]LogWindows: Error: [Callstack] 0x00007ff77ed7ceae UE4Editor.exe!UnknownFunction []
[2020.07.02-02.04.22:897][192]LogWindows: Error: [Callstack] 0x00007ff77ed7fcbe UE4Editor.exe!UnknownFunction []
[2020.07.02-02.04.22:897][192]LogWindows: Error: [Callstack] 0x00007ffb4da113d2 KERNEL32.DLL!UnknownFunction []
[2020.07.02-02.04.22:897][192]LogWindows: Error: [Callstack] 0x00007ffb501303c4 ntdll.dll!UnknownFunction []
[2020.07.02-02.04.22:897][192]LogWindows: Error: 
[2020.07.02-02.04.22:977][192]LogExit: Executing StaticShutdownAfterError
[2020.07.02-02.04.22:981][192]LogWindows: FPlatformMisc::RequestExit(1)
[2020.07.02-02.04.22:981][192]LogCore: Engine exit requested (reason: Win RequestExit)
[2020.07.02-02.04.23:024][192]Log file closed, 07/01/20 22:04:23
