Log file open, 07/01/20 22:04:26
LogWindows: Failed to load 'aqProf.dll' (GetLastError=126)
LogWindows: File 'aqProf.dll' does not exist
LogWindows: Failed to load 'VtuneApi.dll' (GetLastError=126)
LogWindows: File 'VtuneApi.dll' does not exist
LogWindows: Failed to load 'VtuneApi32e.dll' (GetLastError=126)
LogWindows: File 'VtuneApi32e.dll' does not exist
LogConsoleResponse: Display: Failed to find resolution value strings in scalability ini. Falling back to default.
LogInit: Display: Running engine for game: Titulo1_Try1
LogPlatformFile: Not using cached read wrapper
LogTaskGraph: Started task graph with 5 named threads and 23 total threads with 3 sets of task threads.
LogStats: Stats thread started at 0.188578
LogD3D11RHI: Loaded GFSDK_Aftermath_Lib.x64.dll
LogICUInternationalization: ICU TimeZone Detection - Raw Offset: -4:00, Platform Override: ''
LogPluginManager: Mounting plugin Paper2D
LogPluginManager: Mounting plugin AISupport
LogPluginManager: Mounting plugin LightPropagationVolume
LogPluginManager: Mounting plugin ActorLayerUtilities
LogPluginManager: Mounting plugin AnimationSharing
LogPluginManager: Mounting plugin CLionSourceCodeAccess
LogPluginManager: Mounting plugin CodeLiteSourceCodeAccess
LogPluginManager: Mounting plugin GitSourceControl
LogPluginManager: Mounting plugin KDevelopSourceCodeAccess
LogPluginManager: Mounting plugin NullSourceCodeAccess
LogPluginManager: Mounting plugin PerforceSourceControl
LogPluginManager: Mounting plugin PlasticSourceControl
LogPluginManager: Mounting plugin SubversionSourceControl
LogPluginManager: Mounting plugin UObjectPlugin
LogPluginManager: Mounting plugin VisualStudioCodeSourceCodeAccess
LogPluginManager: Mounting plugin VisualStudioSourceCodeAccess
LogPluginManager: Mounting plugin XCodeSourceCodeAccess
LogPluginManager: Mounting plugin AssetManagerEditor
LogPluginManager: Mounting plugin CryptoKeys
LogPluginManager: Mounting plugin CurveEditorTools
LogPluginManager: Mounting plugin DataValidation
LogPluginManager: Mounting plugin FacialAnimation
LogPluginManager: Mounting plugin GameplayTagsEditor
LogPluginManager: Mounting plugin MacGraphicsSwitching
LogPluginManager: Mounting plugin MaterialAnalyzer
LogPluginManager: Mounting plugin MobileLauncherProfileWizard
LogPluginManager: Mounting plugin PluginBrowser
LogPluginManager: Mounting plugin SpeedTreeImporter
LogPluginManager: Mounting plugin DatasmithContent
LogPluginManager: Mounting plugin VariantManagerContent
LogPluginManager: Mounting plugin AlembicImporter
LogPluginManager: Mounting plugin AutomationUtils
LogPluginManager: Mounting plugin BackChannel
LogPluginManager: Mounting plugin CharacterAI
LogPluginManager: Mounting plugin GeometryCache
LogPluginManager: Mounting plugin PlatformCrypto
LogPluginManager: Mounting plugin ProxyLODPlugin
LogPluginManager: Mounting plugin SkeletalReduction
LogPluginManager: Mounting plugin MagicLeap
LogPluginManager: Mounting plugin MagicLeapMedia
LogPluginManager: Mounting plugin MLSDK
LogPluginManager: Mounting plugin AndroidMedia
LogPluginManager: Mounting plugin AvfMedia
LogPluginManager: Mounting plugin ImgMedia
LogPluginManager: Mounting plugin MediaCompositing
LogPluginManager: Mounting plugin MediaPlayerEditor
LogPluginManager: Mounting plugin WebMMedia
LogPluginManager: Mounting plugin WmfMedia
LogPluginManager: Mounting plugin TcpMessaging
LogPluginManager: Mounting plugin UdpMessaging
LogPluginManager: Mounting plugin ActorSequence
LogPluginManager: Mounting plugin LevelSequenceEditor
LogPluginManager: Mounting plugin MatineeToLevelSequence
LogPluginManager: Mounting plugin NetcodeUnitTest
LogPluginManager: Mounting plugin NUTUnrealEngine4
LogPluginManager: Mounting plugin OnlineSubsystemGooglePlay
LogPluginManager: Mounting plugin OnlineSubsystemIOS
LogPluginManager: Mounting plugin OnlineSubsystem
LogPluginManager: Mounting plugin OnlineSubsystemNull
LogPluginManager: Mounting plugin OnlineSubsystemUtils
LogPluginManager: Mounting plugin LauncherChunkInstaller
LogPluginManager: Mounting plugin AndroidDeviceProfileSelector
LogPluginManager: Mounting plugin AndroidMoviePlayer
LogPluginManager: Mounting plugin AndroidPermission
LogPluginManager: Mounting plugin AppleImageUtils
LogPluginManager: Mounting plugin AppleMoviePlayer
LogPluginManager: Mounting plugin ArchVisCharacter
LogPluginManager: Mounting plugin AssetTags
LogPluginManager: Mounting plugin AudioCapture
LogPluginManager: Mounting plugin CableComponent
LogPluginManager: Mounting plugin CustomMeshComponent
LogPluginManager: Mounting plugin EditableMesh
LogPluginManager: Mounting plugin ExampleDeviceProfileSelector
LogPluginManager: Mounting plugin GoogleCloudMessaging
LogPluginManager: Mounting plugin IOSDeviceProfileSelector
LogPluginManager: Mounting plugin LinuxDeviceProfileSelector
LogPluginManager: Mounting plugin LocationServicesBPLibrary
LogPluginManager: Mounting plugin MobilePatchingUtils
LogPluginManager: Mounting plugin OculusVR
LogPluginManager: Mounting plugin PhysXVehicles
LogPluginManager: Mounting plugin PostSplashScreen
LogPluginManager: Mounting plugin ProceduralMeshComponent
LogPluginManager: Mounting plugin RuntimePhysXCooking
LogPluginManager: Mounting plugin SignificanceManager
LogPluginManager: Mounting plugin SteamVR
LogPluginManager: Mounting plugin WebMMoviePlayer
LogPluginManager: Mounting plugin WindowsMoviePlayer
LogPluginManager: Mounting plugin ScreenshotTools
LogInit: Using libcurl 7.55.1-DEV
LogInit:  - built for x86_64-pc-win32
LogInit:  - supports SSL with OpenSSL/1.1.1
LogInit:  - supports HTTP deflate (compression) using libz 1.2.8
LogInit:  - other features:
LogInit:      CURL_VERSION_SSL
LogInit:      CURL_VERSION_LIBZ
LogInit:      CURL_VERSION_IPV6
LogInit:      CURL_VERSION_ASYNCHDNS
LogInit:      CURL_VERSION_LARGEFILE
LogInit:      CURL_VERSION_IDN
LogInit:  CurlRequestOptions (configurable via config and command line):
LogInit:  - bVerifyPeer = true  - Libcurl will verify peer certificate
LogInit:  - bUseHttpProxy = false  - Libcurl will NOT use HTTP proxy
LogInit:  - bDontReuseConnections = false  - Libcurl will reuse connections
LogInit:  - MaxHostConnections = 16  - Libcurl will limit the number of connections to a host
LogInit:  - LocalHostAddr = Default
LogInit:  - BufferSize = 65536
LogOnline: OSS: Creating online subsystem instance for: NULL
LogInit: WinSock: version 1.1 (2.2), MaxSocks=32767, MaxUdp=65467
LogOnline: OSS: TryLoadSubsystemAndSetDefault: Loaded subsystem for module [NULL]
LogInit: Build: ++UE4+Release-4.24-CL-11590370
LogInit: Engine Version: 4.24.3-11590370+++UE4+Release-4.24
LogInit: Compatible Engine Version: 4.24.0-10570792+++UE4+Release-4.24
LogInit: Net CL: 10570792
LogInit: OS: Windows 8.1 (), CPU: Intel(R) Core(TM) i7-4702MQ CPU @ 2.20GHz, GPU: Intel(R) HD Graphics 4600
LogInit: Compiled (64-bit): Feb 24 2020 15:39:18
LogInit: Compiled with Visual C++: 19.16.27032.01
LogInit: Build Configuration: Development
LogInit: Branch Name: ++UE4+Release-4.24
LogInit: Command Line: 
LogInit: Base Directory: D:/Program Files/Epic Games/UE_4.24/Engine/Binaries/Win64/
LogInit: Installed Engine Build: 1
LogDevObjectVersion: Number of dev versions registered: 25
LogDevObjectVersion:   Dev-Blueprints (B0D832E4-1F89-4F0D-ACCF-7EB736FD4AA2): 10
LogDevObjectVersion:   Dev-Build (E1C64328-A22C-4D53-A36C-8E866417BD8C): 0
LogDevObjectVersion:   Dev-Core (375EC13C-06E4-48FB-B500-84F0262A717E): 3
LogDevObjectVersion:   Dev-Editor (E4B068ED-F494-42E9-A231-DA0B2E46BB41): 37
LogDevObjectVersion:   Dev-Framework (CFFC743F-43B0-4480-9391-14DF171D2073): 36
LogDevObjectVersion:   Dev-Mobile (B02B49B5-BB20-44E9-A304-32B752E40360): 2
LogDevObjectVersion:   Dev-Networking (A4E4105C-59A1-49B5-A7C5-40C4547EDFEE): 0
LogDevObjectVersion:   Dev-Online (39C831C9-5AE6-47DC-9A44-9C173E1C8E7C): 0
LogDevObjectVersion:   Dev-Physics (78F01B33-EBEA-4F98-B9B4-84EACCB95AA2): 2
LogDevObjectVersion:   Dev-Platform (6631380F-2D4D-43E0-8009-CF276956A95A): 0
LogDevObjectVersion:   Dev-Rendering (12F88B9F-8875-4AFC-A67C-D90C383ABD29): 36
LogDevObjectVersion:   Dev-Sequencer (7B5AE74C-D270-4C10-A958-57980B212A5A): 11
LogDevObjectVersion:   Dev-VR (D7296918-1DD6-4BDD-9DE2-64A83CC13884): 2
LogDevObjectVersion:   Dev-LoadTimes (C2A15278-BFE7-4AFE-6C17-90FF531DF755): 1
LogDevObjectVersion:   Private-Geometry (6EACA3D4-40EC-4CC1-B786-8BED09428FC5): 3
LogDevObjectVersion:   Dev-AnimPhys (29E575DD-E0A3-4627-9D10-D276232CDCEA): 17
LogDevObjectVersion:   Dev-Anim (AF43A65D-7FD3-4947-9873-3E8ED9C1BB05): 2
LogDevObjectVersion:   Dev-ReflectionCapture (6B266CEC-1EC7-4B8F-A30B-E4D90942FC07): 1
LogDevObjectVersion:   Dev-Automation (0DF73D61-A23F-47EA-B727-89E90C41499A): 1
LogDevObjectVersion:   FortniteMain (601D1886-AC64-4F84-AA16-D3DE0DEAC7D6): 31
LogDevObjectVersion:   Dev-Enterprise (9DFFBCD6-494F-0158-E221-12823C92A888): 8
LogDevObjectVersion:   Dev-Niagara (F2AED0AC-9AFE-416F-8664-AA7FFA26D6FC): 1
LogDevObjectVersion:   Dev-Destruction (174F1F0B-B4C6-45A5-B13F-2EE8D0FB917D): 9
LogDevObjectVersion:   Dev-Physics-Ext (35F94A83-E258-406C-A318-09F59610247C): 8
LogDevObjectVersion:   Dev-CineCamera (B2E18506-4273-CFC2-A54E-F4BB758BBA07): 1
LogInit: Presizing for max 25165824 objects, including 0 objects not considered by GC, pre-allocating 0 bytes for permanent pool.
LogInit: Object subsystem initialized
LogConfig: Setting CVar [[con.DebugEarlyDefault:1]]
LogConfig: Setting CVar [[r.setres:1280x720]]
[2020.07.02-02.04.27:087][  0]LogConfig: Setting CVar [[r.VSync:0]]
[2020.07.02-02.04.27:087][  0]LogConfig: Setting CVar [[r.RHICmdBypass:0]]
[2020.07.02-02.04.27:087][  0]LogConfig: Applying CVar settings from Section [/Script/Engine.RendererSettings] File [D:/Documentos/Unreal Projects/Titulo1_Try1/Saved/Config/Windows/Engine.ini]
[2020.07.02-02.04.27:087][  0]LogConfig: Setting CVar [[r.GPUCrashDebugging:0]]
[2020.07.02-02.04.27:087][  0]LogConfig: Setting CVar [[r.MobileHDR:1]]
[2020.07.02-02.04.27:087][  0]LogConfig: Setting CVar [[r.Mobile.DisableVertexFog:1]]
[2020.07.02-02.04.27:087][  0]LogConfig: Setting CVar [[r.Shadow.CSM.MaxMobileCascades:2]]
[2020.07.02-02.04.27:087][  0]LogConfig: Setting CVar [[r.MobileMSAA:1]]
[2020.07.02-02.04.27:087][  0]LogConfig: Setting CVar [[r.Mobile.UseLegacyShadingModel:0]]
[2020.07.02-02.04.27:087][  0]LogConfig: Setting CVar [[r.Mobile.UseHWsRGBEncoding:0]]
[2020.07.02-02.04.27:087][  0]LogConfig: Setting CVar [[r.Mobile.AllowDitheredLODTransition:0]]
[2020.07.02-02.04.27:087][  0]LogConfig: Setting CVar [[r.Mobile.AllowSoftwareOcclusion:0]]
[2020.07.02-02.04.27:087][  0]LogConfig: Setting CVar [[r.DiscardUnusedQuality:0]]
[2020.07.02-02.04.27:087][  0]LogConfig: Setting CVar [[r.AllowOcclusionQueries:1]]
[2020.07.02-02.04.27:087][  0]LogConfig: Setting CVar [[r.MinScreenRadiusForLights:0.030000]]
[2020.07.02-02.04.27:087][  0]LogConfig: Setting CVar [[r.MinScreenRadiusForDepthPrepass:0.030000]]
[2020.07.02-02.04.27:088][  0]LogConfig: Setting CVar [[r.MinScreenRadiusForCSMDepth:0.010000]]
[2020.07.02-02.04.27:088][  0]LogConfig: Setting CVar [[r.PrecomputedVisibilityWarning:0]]
[2020.07.02-02.04.27:088][  0]LogConfig: Setting CVar [[r.TextureStreaming:1]]
[2020.07.02-02.04.27:088][  0]LogConfig: Setting CVar [[Compat.UseDXT5NormalMaps:0]]
[2020.07.02-02.04.27:088][  0]LogConfig: Setting CVar [[r.VirtualTextures:0]]
[2020.07.02-02.04.27:088][  0]LogConfig: Setting CVar [[r.VirtualTexturedLightmaps:0]]
[2020.07.02-02.04.27:088][  0]LogConfig: Setting CVar [[r.VT.TileSize:128]]
[2020.07.02-02.04.27:088][  0]LogConfig: Setting CVar [[r.VT.TileBorderSize:4]]
[2020.07.02-02.04.27:088][  0]LogConfig: Setting CVar [[r.vt.FeedbackFactor:16]]
[2020.07.02-02.04.27:088][  0]LogConfig: Setting CVar [[r.VT.EnableCompressZlib:1]]
[2020.07.02-02.04.27:088][  0]LogConfig: Setting CVar [[r.VT.EnableCompressCrunch:0]]
[2020.07.02-02.04.27:088][  0]LogConfig: Setting CVar [[r.ClearCoatNormal:0]]
[2020.07.02-02.04.27:088][  0]LogConfig: Setting CVar [[r.ReflectionCaptureResolution:128]]
[2020.07.02-02.04.27:088][  0]LogConfig: Setting CVar [[r.ReflectionEnvironmentLightmapMixBasedOnRoughness:1]]
[2020.07.02-02.04.27:088][  0]LogConfig: Setting CVar [[r.ForwardShading:0]]
[2020.07.02-02.04.27:088][  0]LogConfig: Setting CVar [[r.VertexFoggingForOpaque:1]]
[2020.07.02-02.04.27:088][  0]LogConfig: Setting CVar [[r.AllowStaticLighting:1]]
[2020.07.02-02.04.27:088][  0]LogConfig: Setting CVar [[r.NormalMapsForStaticLighting:0]]
[2020.07.02-02.04.27:088][  0]LogConfig: Setting CVar [[r.GenerateMeshDistanceFields:0]]
[2020.07.02-02.04.27:088][  0]LogConfig: Setting CVar [[r.DistanceFieldBuild.EightBit:0]]
[2020.07.02-02.04.27:088][  0]LogConfig: Setting CVar [[r.GenerateLandscapeGIData:0]]
[2020.07.02-02.04.27:088][  0]LogConfig: Setting CVar [[r.DistanceFieldBuild.Compress:0]]
[2020.07.02-02.04.27:088][  0]LogConfig: Setting CVar [[r.TessellationAdaptivePixelsPerTriangle:48.000000]]
[2020.07.02-02.04.27:088][  0]LogConfig: Setting CVar [[r.SeparateTranslucency:1]]
[2020.07.02-02.04.27:088][  0]LogConfig: Setting CVar [[r.TranslucentSortPolicy:0]]
[2020.07.02-02.04.27:088][  0]LogConfig: Setting CVar [[r.CustomDepth:1]]
[2020.07.02-02.04.27:088][  0]LogConfig: Setting CVar [[r.CustomDepthTemporalAAJitter:1]]
[2020.07.02-02.04.27:088][  0]LogConfig: Setting CVar [[r.PostProcessing.PropagateAlpha:0]]
[2020.07.02-02.04.27:088][  0]LogConfig: Setting CVar [[r.DefaultFeature.Bloom:1]]
[2020.07.02-02.04.27:088][  0]LogConfig: Setting CVar [[r.DefaultFeature.AmbientOcclusion:1]]
[2020.07.02-02.04.27:088][  0]LogConfig: Setting CVar [[r.DefaultFeature.AmbientOcclusionStaticFraction:1]]
[2020.07.02-02.04.27:088][  0]LogConfig: Setting CVar [[r.DefaultFeature.AutoExposure:0]]
[2020.07.02-02.04.27:088][  0]LogConfig: Setting CVar [[r.DefaultFeature.AutoExposure.Method:0]]
[2020.07.02-02.04.27:088][  0]LogConfig: Setting CVar [[r.DefaultFeature.AutoExposure.ExtendDefaultLuminanceRange:0]]
[2020.07.02-02.04.27:088][  0]LogConfig: Setting CVar [[r.UsePreExposure:1]]
[2020.07.02-02.04.27:088][  0]LogConfig: Setting CVar [[r.EyeAdaptation.EditorOnly:1]]
[2020.07.02-02.04.27:088][  0]LogConfig: Setting CVar [[r.DefaultFeature.MotionBlur:0]]
[2020.07.02-02.04.27:088][  0]LogConfig: Setting CVar [[r.DefaultFeature.LensFlare:0]]
[2020.07.02-02.04.27:088][  0]LogConfig: Setting CVar [[r.TemporalAA.Upsampling:0]]
[2020.07.02-02.04.27:088][  0]LogConfig: Setting CVar [[r.SSGI.Enable:0]]
[2020.07.02-02.04.27:088][  0]LogConfig: Setting CVar [[r.DefaultFeature.AntiAliasing:0]]
[2020.07.02-02.04.27:088][  0]LogConfig: Setting CVar [[r.DefaultFeature.LightUnits:1]]
[2020.07.02-02.04.27:088][  0]LogConfig: Setting CVar [[r.DefaultBackBufferPixelFormat:4]]
[2020.07.02-02.04.27:088][  0]LogConfig: Setting CVar [[r.Shadow.UnbuiltPreviewInGame:1]]
[2020.07.02-02.04.27:088][  0]LogConfig: Setting CVar [[r.StencilForLODDither:0]]
[2020.07.02-02.04.27:088][  0]LogConfig: Setting CVar [[r.EarlyZPass:3]]
[2020.07.02-02.04.27:089][  0]LogConfig: Setting CVar [[r.EarlyZPassOnlyMaterialMasking:0]]
[2020.07.02-02.04.27:089][  0]LogConfig: Setting CVar [[r.DBuffer:1]]
[2020.07.02-02.04.27:089][  0]LogConfig: Setting CVar [[r.ClearSceneMethod:1]]
[2020.07.02-02.04.27:089][  0]LogConfig: Setting CVar [[r.BasePassOutputsVelocity:0]]
[2020.07.02-02.04.27:089][  0]LogConfig: Setting CVar [[r.SelectiveBasePassOutputs:0]]
[2020.07.02-02.04.27:089][  0]LogConfig: Setting CVar [[fx.GPUSimulationTextureSizeX:1024]]
[2020.07.02-02.04.27:089][  0]LogConfig: Setting CVar [[fx.GPUSimulationTextureSizeY:1024]]
[2020.07.02-02.04.27:089][  0]LogConfig: Setting CVar [[r.AllowGlobalClipPlane:0]]
[2020.07.02-02.04.27:089][  0]LogConfig: Setting CVar [[r.GBufferFormat:1]]
[2020.07.02-02.04.27:089][  0]LogConfig: Setting CVar [[r.MorphTarget.Mode:1]]
[2020.07.02-02.04.27:089][  0]LogConfig: Setting CVar [[vr.InstancedStereo:0]]
[2020.07.02-02.04.27:089][  0]LogConfig: Setting CVar [[vr.MultiView:0]]
[2020.07.02-02.04.27:089][  0]LogConfig: Setting CVar [[vr.MobileMultiView:0]]
[2020.07.02-02.04.27:089][  0]LogConfig: Setting CVar [[vr.MobileMultiView.Direct:0]]
[2020.07.02-02.04.27:089][  0]LogConfig: Setting CVar [[vr.RoundRobinOcclusion:0]]
[2020.07.02-02.04.27:089][  0]LogConfig: Setting CVar [[vr.ODSCapture:0]]
[2020.07.02-02.04.27:089][  0]LogConfig: Setting CVar [[r.WireframeCullThreshold:5.000000]]
[2020.07.02-02.04.27:089][  0]LogConfig: Setting CVar [[r.RayTracing:0]]
[2020.07.02-02.04.27:089][  0]LogConfig: Setting CVar [[r.RayTracing.UseTextureLod:0]]
[2020.07.02-02.04.27:089][  0]LogConfig: Setting CVar [[r.SupportStationarySkylight:1]]
[2020.07.02-02.04.27:089][  0]LogConfig: Setting CVar [[r.SupportLowQualityLightmaps:1]]
[2020.07.02-02.04.27:089][  0]LogConfig: Setting CVar [[r.SupportPointLightWholeSceneShadows:1]]
[2020.07.02-02.04.27:089][  0]LogConfig: Setting CVar [[r.SupportAtmosphericFog:1]]
[2020.07.02-02.04.27:089][  0]LogConfig: Setting CVar [[r.SupportSkyAtmosphere:1]]
[2020.07.02-02.04.27:089][  0]LogConfig: Setting CVar [[r.SupportSkyAtmosphereAffectsHeightFog:0]]
[2020.07.02-02.04.27:089][  0]LogConfig: Setting CVar [[r.SkinCache.CompileShaders:0]]
[2020.07.02-02.04.27:089][  0]LogConfig: Setting CVar [[r.Mobile.EnableStaticAndCSMShadowReceivers:1]]
[2020.07.02-02.04.27:089][  0]LogConfig: Setting CVar [[r.Mobile.EnableMovableLightCSMShaderCulling:1]]
[2020.07.02-02.04.27:089][  0]LogConfig: Setting CVar [[r.Mobile.AllowDistanceFieldShadows:1]]
[2020.07.02-02.04.27:089][  0]LogConfig: Setting CVar [[r.Mobile.AllowMovableDirectionalLights:1]]
[2020.07.02-02.04.27:089][  0]LogConfig: Setting CVar [[r.MobileNumDynamicPointLights:4]]
[2020.07.02-02.04.27:089][  0]LogConfig: Setting CVar [[r.MobileDynamicPointLightsUseStaticBranch:1]]
[2020.07.02-02.04.27:089][  0]LogConfig: Setting CVar [[r.Mobile.EnableMovableSpotlights:0]]
[2020.07.02-02.04.27:089][  0]LogConfig: Setting CVar [[r.SkinCache.SceneMemoryLimitInMB:128.000000]]
[2020.07.02-02.04.27:089][  0]LogConfig: Setting CVar [[r.GPUSkin.Limit2BoneInfluences:0]]
[2020.07.02-02.04.27:089][  0]LogConfig: Setting CVar [[r.SupportDepthOnlyIndexBuffers:1]]
[2020.07.02-02.04.27:089][  0]LogConfig: Setting CVar [[r.SupportReversedIndexBuffers:1]]
[2020.07.02-02.04.27:089][  0]LogConfig: Setting CVar [[r.SupportMaterialLayers:0]]
[2020.07.02-02.04.27:089][  0]LogConfig: Setting CVar [[r.LightPropagationVolume:0]]
[2020.07.02-02.04.27:089][  0]LogConfig: Applying CVar settings from Section [/Script/Engine.RendererOverrideSettings] File [D:/Documentos/Unreal Projects/Titulo1_Try1/Saved/Config/Windows/Engine.ini]
[2020.07.02-02.04.27:089][  0]LogConfig: Applying CVar settings from Section [/Script/Engine.StreamingSettings] File [D:/Documentos/Unreal Projects/Titulo1_Try1/Saved/Config/Windows/Engine.ini]
[2020.07.02-02.04.27:089][  0]LogConfig: Setting CVar [[s.MinBulkDataSizeForAsyncLoading:131072]]
[2020.07.02-02.04.27:089][  0]LogConfig: Setting CVar [[s.AsyncLoadingThreadEnabled:0]]
[2020.07.02-02.04.27:090][  0]LogConfig: Setting CVar [[s.EventDrivenLoaderEnabled:1]]
[2020.07.02-02.04.27:090][  0]LogConfig: Setting CVar [[s.WarnIfTimeLimitExceeded:0]]
[2020.07.02-02.04.27:090][  0]LogConfig: Setting CVar [[s.TimeLimitExceededMultiplier:1.5]]
[2020.07.02-02.04.27:090][  0]LogConfig: Setting CVar [[s.TimeLimitExceededMinTime:0.005]]
[2020.07.02-02.04.27:090][  0]LogConfig: Setting CVar [[s.UseBackgroundLevelStreaming:1]]
[2020.07.02-02.04.27:090][  0]LogConfig: Setting CVar [[s.PriorityAsyncLoadingExtraTime:15.0]]
[2020.07.02-02.04.27:090][  0]LogConfig: Setting CVar [[s.LevelStreamingActorsUpdateTimeLimit:5.0]]
[2020.07.02-02.04.27:090][  0]LogConfig: Setting CVar [[s.PriorityLevelStreamingActorsUpdateExtraTime:5.0]]
[2020.07.02-02.04.27:090][  0]LogConfig: Setting CVar [[s.LevelStreamingComponentsRegistrationGranularity:10]]
[2020.07.02-02.04.27:090][  0]LogConfig: Setting CVar [[s.UnregisterComponentsTimeLimit:1.0]]
[2020.07.02-02.04.27:090][  0]LogConfig: Setting CVar [[s.LevelStreamingComponentsUnregistrationGranularity:5]]
[2020.07.02-02.04.27:090][  0]LogConfig: Setting CVar [[s.FlushStreamingOnExit:1]]
[2020.07.02-02.04.27:090][  0]LogConfig: Applying CVar settings from Section [/Script/Engine.GarbageCollectionSettings] File [D:/Documentos/Unreal Projects/Titulo1_Try1/Saved/Config/Windows/Engine.ini]
[2020.07.02-02.04.27:090][  0]LogConfig: Setting CVar [[gc.MaxObjectsNotConsideredByGC:1]]
[2020.07.02-02.04.27:090][  0]LogConfig: Setting CVar [[gc.SizeOfPermanentObjectPool:0]]
[2020.07.02-02.04.27:090][  0]LogConfig: Setting CVar [[gc.FlushStreamingOnGC:0]]
[2020.07.02-02.04.27:090][  0]LogConfig: Setting CVar [[gc.NumRetriesBeforeForcingGC:10]]
[2020.07.02-02.04.27:090][  0]LogConfig: Setting CVar [[gc.AllowParallelGC:1]]
[2020.07.02-02.04.27:090][  0]LogConfig: Setting CVar [[gc.TimeBetweenPurgingPendingKillObjects:61.1]]
[2020.07.02-02.04.27:090][  0]LogConfig: Setting CVar [[gc.MaxObjectsInEditor:25165824]]
[2020.07.02-02.04.27:090][  0]LogConfig: Setting CVar [[gc.IncrementalBeginDestroyEnabled:1]]
[2020.07.02-02.04.27:090][  0]LogConfig: Setting CVar [[gc.CreateGCClusters:1]]
[2020.07.02-02.04.27:090][  0]LogConfig: Setting CVar [[gc.MinGCClusterSize:5]]
[2020.07.02-02.04.27:090][  0]LogConfig: Setting CVar [[gc.ActorClusteringEnabled:0]]
[2020.07.02-02.04.27:090][  0]LogConfig: Setting CVar [[gc.BlueprintClusteringEnabled:0]]
[2020.07.02-02.04.27:090][  0]LogConfig: Setting CVar [[gc.UseDisregardForGCOnDedicatedServers:0]]
[2020.07.02-02.04.27:090][  0]LogConfig: Applying CVar settings from Section [/Script/Engine.NetworkSettings] File [D:/Documentos/Unreal Projects/Titulo1_Try1/Saved/Config/Windows/Engine.ini]
[2020.07.02-02.04.27:090][  0]LogConfig: Applying CVar settings from Section [/Script/UnrealEd.CookerSettings] File [D:/Documentos/Unreal Projects/Titulo1_Try1/Saved/Config/Windows/Engine.ini]
[2020.07.02-02.04.27:093][  0]LogConfig: Applying CVar settings from Section [ViewDistanceQuality@3] File [D:/Documentos/Unreal Projects/Titulo1_Try1/Saved/Config/Windows/Scalability.ini]
[2020.07.02-02.04.27:093][  0]LogConfig: Setting CVar [[r.SkeletalMeshLODBias:0]]
[2020.07.02-02.04.27:093][  0]LogConfig: Setting CVar [[r.ViewDistanceScale:1.0]]
[2020.07.02-02.04.27:093][  0]LogConfig: Applying CVar settings from Section [AntiAliasingQuality@3] File [D:/Documentos/Unreal Projects/Titulo1_Try1/Saved/Config/Windows/Scalability.ini]
[2020.07.02-02.04.27:093][  0]LogConfig: Setting CVar [[r.PostProcessAAQuality:4]]
[2020.07.02-02.04.27:093][  0]LogConfig: Applying CVar settings from Section [ShadowQuality@3] File [D:/Documentos/Unreal Projects/Titulo1_Try1/Saved/Config/Windows/Scalability.ini]
[2020.07.02-02.04.27:093][  0]LogConfig: Setting CVar [[r.LightFunctionQuality:1]]
[2020.07.02-02.04.27:093][  0]LogConfig: Setting CVar [[r.ShadowQuality:5]]
[2020.07.02-02.04.27:093][  0]LogConfig: Setting CVar [[r.Shadow.CSM.MaxCascades:10]]
[2020.07.02-02.04.27:093][  0]LogConfig: Setting CVar [[r.Shadow.MaxResolution:2048]]
[2020.07.02-02.04.27:093][  0]LogConfig: Setting CVar [[r.Shadow.MaxCSMResolution:2048]]
[2020.07.02-02.04.27:093][  0]LogConfig: Setting CVar [[r.Shadow.RadiusThreshold:0.01]]
[2020.07.02-02.04.27:093][  0]LogConfig: Setting CVar [[r.Shadow.DistanceScale:1.0]]
[2020.07.02-02.04.27:093][  0]LogConfig: Setting CVar [[r.Shadow.CSM.TransitionScale:1.0]]
[2020.07.02-02.04.27:093][  0]LogConfig: Setting CVar [[r.Shadow.PreShadowResolutionFactor:1.0]]
[2020.07.02-02.04.27:093][  0]LogConfig: Setting CVar [[r.DistanceFieldShadowing:1]]
[2020.07.02-02.04.27:093][  0]LogConfig: Setting CVar [[r.DistanceFieldAO:1]]
[2020.07.02-02.04.27:093][  0]LogConfig: Setting CVar [[r.AOQuality:2]]
[2020.07.02-02.04.27:093][  0]LogConfig: Setting CVar [[r.VolumetricFog:1]]
[2020.07.02-02.04.27:093][  0]LogConfig: Setting CVar [[r.VolumetricFog.GridPixelSize:8]]
[2020.07.02-02.04.27:093][  0]LogConfig: Setting CVar [[r.VolumetricFog.GridSizeZ:128]]
[2020.07.02-02.04.27:093][  0]LogConfig: Setting CVar [[r.VolumetricFog.HistoryMissSupersampleCount:4]]
[2020.07.02-02.04.27:093][  0]LogConfig: Setting CVar [[r.LightMaxDrawDistanceScale:1]]
[2020.07.02-02.04.27:093][  0]LogConfig: Setting CVar [[r.CapsuleShadows:1]]
[2020.07.02-02.04.27:093][  0]LogConfig: Applying CVar settings from Section [PostProcessQuality@3] File [D:/Documentos/Unreal Projects/Titulo1_Try1/Saved/Config/Windows/Scalability.ini]
[2020.07.02-02.04.27:093][  0]LogConfig: Setting CVar [[r.MotionBlurQuality:4]]
[2020.07.02-02.04.27:093][  0]LogConfig: Setting CVar [[r.AmbientOcclusionMipLevelFactor:0.4]]
[2020.07.02-02.04.27:093][  0]LogConfig: Setting CVar [[r.AmbientOcclusionMaxQuality:100]]
[2020.07.02-02.04.27:094][  0]LogConfig: Setting CVar [[r.AmbientOcclusionLevels:-1]]
[2020.07.02-02.04.27:094][  0]LogConfig: Setting CVar [[r.AmbientOcclusionRadiusScale:1.0]]
[2020.07.02-02.04.27:094][  0]LogConfig: Setting CVar [[r.DepthOfFieldQuality:2]]
[2020.07.02-02.04.27:094][  0]LogConfig: Setting CVar [[r.RenderTargetPoolMin:400]]
[2020.07.02-02.04.27:094][  0]LogConfig: Setting CVar [[r.LensFlareQuality:2]]
[2020.07.02-02.04.27:094][  0]LogConfig: Setting CVar [[r.SceneColorFringeQuality:1]]
[2020.07.02-02.04.27:094][  0]LogConfig: Setting CVar [[r.EyeAdaptationQuality:2]]
[2020.07.02-02.04.27:094][  0]LogConfig: Setting CVar [[r.BloomQuality:5]]
[2020.07.02-02.04.27:094][  0]LogConfig: Setting CVar [[r.FastBlurThreshold:100]]
[2020.07.02-02.04.27:094][  0]LogConfig: Setting CVar [[r.Upscale.Quality:3]]
[2020.07.02-02.04.27:094][  0]LogConfig: Setting CVar [[r.Tonemapper.GrainQuantization:1]]
[2020.07.02-02.04.27:094][  0]LogConfig: Setting CVar [[r.LightShaftQuality:1]]
[2020.07.02-02.04.27:094][  0]LogConfig: Setting CVar [[r.Filter.SizeScale:1]]
[2020.07.02-02.04.27:094][  0]LogConfig: Setting CVar [[r.Tonemapper.Quality:5]]
[2020.07.02-02.04.27:094][  0]LogConfig: Setting CVar [[r.DOF.Gather.AccumulatorQuality:1        ; higher gathering accumulator quality]]
[2020.07.02-02.04.27:094][  0]LogConfig: Setting CVar [[r.DOF.Gather.PostfilterMethod:1          ; Median3x3 postfilering method]]
[2020.07.02-02.04.27:094][  0]LogConfig: Setting CVar [[r.DOF.Gather.EnableBokehSettings:0       ; no bokeh simulation when gathering]]
[2020.07.02-02.04.27:094][  0]LogConfig: Setting CVar [[r.DOF.Gather.RingCount:4                 ; medium number of samples when gathering]]
[2020.07.02-02.04.27:094][  0]LogConfig: Setting CVar [[r.DOF.Scatter.ForegroundCompositing:1    ; additive foreground scattering]]
[2020.07.02-02.04.27:094][  0]LogConfig: Setting CVar [[r.DOF.Scatter.BackgroundCompositing:2    ; additive background scattering]]
[2020.07.02-02.04.27:094][  0]LogConfig: Setting CVar [[r.DOF.Scatter.EnableBokehSettings:1      ; bokeh simulation when scattering]]
[2020.07.02-02.04.27:094][  0]LogConfig: Setting CVar [[r.DOF.Scatter.MaxSpriteRatio:0.1         ; only a maximum of 10% of scattered bokeh]]
[2020.07.02-02.04.27:094][  0]LogConfig: Setting CVar [[r.DOF.Recombine.Quality:1                ; cheap slight out of focus]]
[2020.07.02-02.04.27:094][  0]LogConfig: Setting CVar [[r.DOF.Recombine.EnableBokehSettings:0    ; no bokeh simulation on slight out of focus]]
[2020.07.02-02.04.27:094][  0]LogConfig: Setting CVar [[r.DOF.TemporalAAQuality:1                ; more stable temporal accumulation]]
[2020.07.02-02.04.27:094][  0]LogConfig: Setting CVar [[r.DOF.Kernel.MaxForegroundRadius:0.025]]
[2020.07.02-02.04.27:094][  0]LogConfig: Setting CVar [[r.DOF.Kernel.MaxBackgroundRadius:0.025]]
[2020.07.02-02.04.27:094][  0]LogConfig: Applying CVar settings from Section [TextureQuality@3] File [D:/Documentos/Unreal Projects/Titulo1_Try1/Saved/Config/Windows/Scalability.ini]
[2020.07.02-02.04.27:094][  0]LogConfig: Setting CVar [[r.Streaming.MipBias:0]]
[2020.07.02-02.04.27:094][  0]LogConfig: Setting CVar [[r.Streaming.AmortizeCPUToGPUCopy:0]]
[2020.07.02-02.04.27:094][  0]LogConfig: Setting CVar [[r.Streaming.MaxNumTexturesToStreamPerFrame:0]]
[2020.07.02-02.04.27:094][  0]LogConfig: Setting CVar [[r.Streaming.Boost:1]]
[2020.07.02-02.04.27:094][  0]LogConfig: Setting CVar [[r.MaxAnisotropy:8]]
[2020.07.02-02.04.27:094][  0]LogConfig: Setting CVar [[r.VT.MaxAnisotropy:8]]
[2020.07.02-02.04.27:094][  0]LogConfig: Setting CVar [[r.Streaming.LimitPoolSizeToVRAM:0]]
[2020.07.02-02.04.27:094][  0]LogConfig: Setting CVar [[r.Streaming.PoolSize:1000]]
[2020.07.02-02.04.27:094][  0]LogConfig: Setting CVar [[r.Streaming.MaxEffectiveScreenSize:0]]
[2020.07.02-02.04.27:094][  0]LogConfig: Applying CVar settings from Section [EffectsQuality@3] File [D:/Documentos/Unreal Projects/Titulo1_Try1/Saved/Config/Windows/Scalability.ini]
[2020.07.02-02.04.27:094][  0]LogConfig: Setting CVar [[r.TranslucencyLightingVolumeDim:64]]
[2020.07.02-02.04.27:094][  0]LogConfig: Setting CVar [[r.RefractionQuality:2]]
[2020.07.02-02.04.27:095][  0]LogConfig: Setting CVar [[r.SSR.Quality:3]]
[2020.07.02-02.04.27:095][  0]LogConfig: Setting CVar [[r.SSR.HalfResSceneColor:0]]
[2020.07.02-02.04.27:095][  0]LogConfig: Setting CVar [[r.SceneColorFormat:4]]
[2020.07.02-02.04.27:095][  0]LogConfig: Setting CVar [[r.DetailMode:2]]
[2020.07.02-02.04.27:095][  0]LogConfig: Setting CVar [[r.TranslucencyVolumeBlur:1]]
[2020.07.02-02.04.27:095][  0]LogConfig: Setting CVar [[r.MaterialQualityLevel:1 ; High quality]]
[2020.07.02-02.04.27:095][  0]LogConfig: Setting CVar [[r.SSS.Scale:1]]
[2020.07.02-02.04.27:095][  0]LogConfig: Setting CVar [[r.SSS.SampleSet:2]]
[2020.07.02-02.04.27:095][  0]LogConfig: Setting CVar [[r.SSS.Quality:1]]
[2020.07.02-02.04.27:095][  0]LogConfig: Setting CVar [[r.SSS.HalfRes:1]]
[2020.07.02-02.04.27:095][  0]LogConfig: Setting CVar [[r.SSGI.Quality:3]]
[2020.07.02-02.04.27:095][  0]LogConfig: Setting CVar [[r.EmitterSpawnRateScale:1.0]]
[2020.07.02-02.04.27:095][  0]LogConfig: Setting CVar [[r.ParticleLightQuality:2]]
[2020.07.02-02.04.27:096][  0]LogConfig: Setting CVar [[r.SkyAtmosphere.AerialPerspectiveLUT.FastApplyOnOpaque:1 ; Always have FastSkyLUT 1 in this case to avoid wrong sky]]
[2020.07.02-02.04.27:096][  0]LogConfig: Setting CVar [[r.SkyAtmosphere.AerialPerspectiveLUT.SampleCountPerSlice:1]]
[2020.07.02-02.04.27:096][  0]LogConfig: Setting CVar [[r.SkyAtmosphere.AerialPerspectiveLUT.DepthResolution:16.0]]
[2020.07.02-02.04.27:096][  0]LogConfig: Setting CVar [[r.SkyAtmosphere.FastSkyLUT:1]]
[2020.07.02-02.04.27:096][  0]LogConfig: Setting CVar [[r.SkyAtmosphere.FastSkyLUT.SampleCountMin:4.0]]
[2020.07.02-02.04.27:096][  0]LogConfig: Setting CVar [[r.SkyAtmosphere.FastSkyLUT.SampleCountMax:32.0]]
[2020.07.02-02.04.27:096][  0]LogConfig: Setting CVar [[r.SkyAtmosphere.SampleCountMin:4.0]]
[2020.07.02-02.04.27:096][  0]LogConfig: Setting CVar [[r.SkyAtmosphere.SampleCountMax:32.0]]
[2020.07.02-02.04.27:096][  0]LogConfig: Setting CVar [[r.SkyAtmosphere.TransmittanceLUT.UseSmallFormat:0]]
[2020.07.02-02.04.27:096][  0]LogConfig: Setting CVar [[r.SkyAtmosphere.TransmittanceLUT.SampleCount:10.0]]
[2020.07.02-02.04.27:096][  0]LogConfig: Setting CVar [[r.SkyAtmosphere.MultiScatteringLUT.SampleCount:15.0]]
[2020.07.02-02.04.27:096][  0]LogConfig: Applying CVar settings from Section [FoliageQuality@3] File [D:/Documentos/Unreal Projects/Titulo1_Try1/Saved/Config/Windows/Scalability.ini]
[2020.07.02-02.04.27:096][  0]LogConfig: Setting CVar [[foliage.DensityScale:1.0]]
[2020.07.02-02.04.27:096][  0]LogConfig: Setting CVar [[grass.DensityScale:1.0]]
[2020.07.02-02.04.27:096][  0]LogConfig: Applying CVar settings from Section [ShadingQuality@3] File [D:/Documentos/Unreal Projects/Titulo1_Try1/Saved/Config/Windows/Scalability.ini]
[2020.07.02-02.04.27:096][  0]LogConfig: Setting CVar [[r.HairStrands.SkyLighting.SampleCount:16]]
[2020.07.02-02.04.27:096][  0]LogConfig: Setting CVar [[r.HairStrands.SkyLighting.JitterIntegration:0]]
[2020.07.02-02.04.27:096][  0]LogConfig: Setting CVar [[r.HairStrands.SkyAO.SampleCount:16]]
[2020.07.02-02.04.27:096][  0]LogInit: Selected Device Profile: [Windows]
[2020.07.02-02.04.27:096][  0]LogInit: Applying CVar settings loaded from the selected device profile: [Windows]
[2020.07.02-02.04.27:100][  0]LogHAL: Display: Platform has ~ 16 GB [17112870912 / 17179869184 / 16], which maps to Larger [LargestMinGB=32, LargerMinGB=12, DefaultMinGB=8, SmallerMinGB=6, SmallestMinGB=0)
[2020.07.02-02.04.27:101][  0]LogInit: Going up to parent DeviceProfile []
[2020.07.02-02.04.27:101][  0]LogConfig: Applying CVar settings from Section [ViewDistanceQuality@0] File [D:/Documentos/Unreal Projects/Titulo1_Try1/Saved/Config/Windows/Scalability.ini]
[2020.07.02-02.04.27:101][  0]LogConfig: Setting CVar [[r.SkeletalMeshLODBias:2]]
[2020.07.02-02.04.27:101][  0]LogConfig: Setting CVar [[r.ViewDistanceScale:0.4]]
[2020.07.02-02.04.27:101][  0]LogConfig: Applying CVar settings from Section [AntiAliasingQuality@0] File [D:/Documentos/Unreal Projects/Titulo1_Try1/Saved/Config/Windows/Scalability.ini]
[2020.07.02-02.04.27:101][  0]LogConfig: Setting CVar [[r.PostProcessAAQuality:0]]
[2020.07.02-02.04.27:101][  0]LogConfig: Applying CVar settings from Section [ShadowQuality@0] File [D:/Documentos/Unreal Projects/Titulo1_Try1/Saved/Config/Windows/Scalability.ini]
[2020.07.02-02.04.27:101][  0]LogConfig: Setting CVar [[r.LightFunctionQuality:0]]
[2020.07.02-02.04.27:101][  0]LogConfig: Setting CVar [[r.ShadowQuality:0]]
[2020.07.02-02.04.27:101][  0]LogConfig: Setting CVar [[r.Shadow.CSM.MaxCascades:1]]
[2020.07.02-02.04.27:101][  0]LogConfig: Setting CVar [[r.Shadow.MaxResolution:512]]
[2020.07.02-02.04.27:101][  0]LogConfig: Setting CVar [[r.Shadow.MaxCSMResolution:512]]
[2020.07.02-02.04.27:101][  0]LogConfig: Setting CVar [[r.Shadow.RadiusThreshold:0.06]]
[2020.07.02-02.04.27:101][  0]LogConfig: Setting CVar [[r.Shadow.DistanceScale:0.6]]
[2020.07.02-02.04.27:101][  0]LogConfig: Setting CVar [[r.Shadow.CSM.TransitionScale:0]]
[2020.07.02-02.04.27:101][  0]LogConfig: Setting CVar [[r.Shadow.PreShadowResolutionFactor:0.5]]
[2020.07.02-02.04.27:101][  0]LogConfig: Setting CVar [[r.DistanceFieldShadowing:0]]
[2020.07.02-02.04.27:101][  0]LogConfig: Setting CVar [[r.DistanceFieldAO:0]]
[2020.07.02-02.04.27:101][  0]LogConfig: Setting CVar [[r.VolumetricFog:0]]
[2020.07.02-02.04.27:101][  0]LogConfig: Setting CVar [[r.LightMaxDrawDistanceScale:0]]
[2020.07.02-02.04.27:101][  0]LogConfig: Setting CVar [[r.CapsuleShadows:0]]
[2020.07.02-02.04.27:101][  0]LogConfig: Applying CVar settings from Section [PostProcessQuality@0] File [D:/Documentos/Unreal Projects/Titulo1_Try1/Saved/Config/Windows/Scalability.ini]
[2020.07.02-02.04.27:101][  0]LogConfig: Setting CVar [[r.MotionBlurQuality:0]]
[2020.07.02-02.04.27:101][  0]LogConfig: Setting CVar [[r.AmbientOcclusionMipLevelFactor:1.0]]
[2020.07.02-02.04.27:101][  0]LogConfig: Setting CVar [[r.AmbientOcclusionMaxQuality:0]]
[2020.07.02-02.04.27:101][  0]LogConfig: Setting CVar [[r.AmbientOcclusionLevels:0]]
[2020.07.02-02.04.27:101][  0]LogConfig: Setting CVar [[r.AmbientOcclusionRadiusScale:1.2]]
[2020.07.02-02.04.27:101][  0]LogConfig: Setting CVar [[r.DepthOfFieldQuality:0]]
[2020.07.02-02.04.27:101][  0]LogConfig: Setting CVar [[r.RenderTargetPoolMin:300]]
[2020.07.02-02.04.27:101][  0]LogConfig: Setting CVar [[r.LensFlareQuality:0]]
[2020.07.02-02.04.27:101][  0]LogConfig: Setting CVar [[r.SceneColorFringeQuality:0]]
[2020.07.02-02.04.27:101][  0]LogConfig: Setting CVar [[r.EyeAdaptationQuality:0]]
[2020.07.02-02.04.27:101][  0]LogConfig: Setting CVar [[r.BloomQuality:4]]
[2020.07.02-02.04.27:101][  0]LogConfig: Setting CVar [[r.FastBlurThreshold:0]]
[2020.07.02-02.04.27:101][  0]LogConfig: Setting CVar [[r.Upscale.Quality:1]]
[2020.07.02-02.04.27:101][  0]LogConfig: Setting CVar [[r.Tonemapper.GrainQuantization:0]]
[2020.07.02-02.04.27:101][  0]LogConfig: Setting CVar [[r.LightShaftQuality:0]]
[2020.07.02-02.04.27:101][  0]LogConfig: Setting CVar [[r.Filter.SizeScale:0.6]]
[2020.07.02-02.04.27:101][  0]LogConfig: Setting CVar [[r.Tonemapper.Quality:0]]
[2020.07.02-02.04.27:101][  0]LogConfig: Applying CVar settings from Section [TextureQuality@0] File [D:/Documentos/Unreal Projects/Titulo1_Try1/Saved/Config/Windows/Scalability.ini]
[2020.07.02-02.04.27:101][  0]LogConfig: Setting CVar [[r.Streaming.MipBias:16]]
[2020.07.02-02.04.27:101][  0]LogConfig: Setting CVar [[r.Streaming.AmortizeCPUToGPUCopy:1]]
[2020.07.02-02.04.27:101][  0]LogConfig: Setting CVar [[r.Streaming.MaxNumTexturesToStreamPerFrame:1]]
[2020.07.02-02.04.27:101][  0]LogConfig: Setting CVar [[r.Streaming.Boost:0.3]]
[2020.07.02-02.04.27:101][  0]LogConfig: Setting CVar [[r.MaxAnisotropy:0]]
[2020.07.02-02.04.27:101][  0]LogConfig: Setting CVar [[r.VT.MaxAnisotropy:4]]
[2020.07.02-02.04.27:101][  0]LogConfig: Setting CVar [[r.Streaming.LimitPoolSizeToVRAM:1]]
[2020.07.02-02.04.27:101][  0]LogConfig: Setting CVar [[r.Streaming.PoolSize:400]]
[2020.07.02-02.04.27:101][  0]LogConfig: Setting CVar [[r.Streaming.MaxEffectiveScreenSize:0]]
[2020.07.02-02.04.27:101][  0]LogConfig: Applying CVar settings from Section [EffectsQuality@0] File [D:/Documentos/Unreal Projects/Titulo1_Try1/Saved/Config/Windows/Scalability.ini]
[2020.07.02-02.04.27:101][  0]LogConfig: Setting CVar [[r.TranslucencyLightingVolumeDim:24]]
[2020.07.02-02.04.27:101][  0]LogConfig: Setting CVar [[r.RefractionQuality:0]]
[2020.07.02-02.04.27:101][  0]LogConfig: Setting CVar [[r.SSR.Quality:0]]
[2020.07.02-02.04.27:101][  0]LogConfig: Setting CVar [[r.SSR.HalfResSceneColor:1]]
[2020.07.02-02.04.27:101][  0]LogConfig: Setting CVar [[r.SceneColorFormat:3]]
[2020.07.02-02.04.27:101][  0]LogConfig: Setting CVar [[r.DetailMode:0]]
[2020.07.02-02.04.27:101][  0]LogConfig: Setting CVar [[r.TranslucencyVolumeBlur:0]]
[2020.07.02-02.04.27:101][  0]LogConfig: Setting CVar [[r.MaterialQualityLevel:0 ; Low quality]]
[2020.07.02-02.04.27:101][  0]LogConfig: Setting CVar [[r.SSS.Scale:0]]
[2020.07.02-02.04.27:101][  0]LogConfig: Setting CVar [[r.SSS.SampleSet:0]]
[2020.07.02-02.04.27:101][  0]LogConfig: Setting CVar [[r.SSS.Quality:0]]
[2020.07.02-02.04.27:101][  0]LogConfig: Setting CVar [[r.SSS.HalfRes:1]]
[2020.07.02-02.04.27:101][  0]LogConfig: Setting CVar [[r.SSGI.Quality:0]]
[2020.07.02-02.04.27:101][  0]LogConfig: Setting CVar [[r.EmitterSpawnRateScale:0.125]]
[2020.07.02-02.04.27:101][  0]LogConfig: Setting CVar [[r.ParticleLightQuality:0]]
[2020.07.02-02.04.27:101][  0]LogConfig: Setting CVar [[r.SkyAtmosphere.AerialPerspectiveLUT.FastApplyOnOpaque:1 ; Always have FastSkyLUT 1 in this case to avoid wrong sky]]
[2020.07.02-02.04.27:102][  0]LogConfig: Setting CVar [[r.SkyAtmosphere.AerialPerspectiveLUT.SampleCountPerSlice:1]]
[2020.07.02-02.04.27:102][  0]LogConfig: Setting CVar [[r.SkyAtmosphere.AerialPerspectiveLUT.DepthResolution:8.0]]
[2020.07.02-02.04.27:102][  0]LogConfig: Setting CVar [[r.SkyAtmosphere.FastSkyLUT:1]]
[2020.07.02-02.04.27:102][  0]LogConfig: Setting CVar [[r.SkyAtmosphere.FastSkyLUT.SampleCountMin:2.0]]
[2020.07.02-02.04.27:102][  0]LogConfig: Setting CVar [[r.SkyAtmosphere.FastSkyLUT.SampleCountMax:16.0]]
[2020.07.02-02.04.27:102][  0]LogConfig: Setting CVar [[r.SkyAtmosphere.SampleCountMin:2.0]]
[2020.07.02-02.04.27:102][  0]LogConfig: Setting CVar [[r.SkyAtmosphere.SampleCountMax:16.0]]
[2020.07.02-02.04.27:102][  0]LogConfig: Setting CVar [[r.SkyAtmosphere.TransmittanceLUT.UseSmallFormat:1]]
[2020.07.02-02.04.27:102][  0]LogConfig: Setting CVar [[r.SkyAtmosphere.TransmittanceLUT.SampleCount:10.0]]
[2020.07.02-02.04.27:102][  0]LogConfig: Setting CVar [[r.SkyAtmosphere.MultiScatteringLUT.SampleCount:15.0]]
[2020.07.02-02.04.27:102][  0]LogConfig: Applying CVar settings from Section [FoliageQuality@0] File [D:/Documentos/Unreal Projects/Titulo1_Try1/Saved/Config/Windows/Scalability.ini]
[2020.07.02-02.04.27:102][  0]LogConfig: Setting CVar [[foliage.DensityScale:0]]
[2020.07.02-02.04.27:102][  0]LogConfig: Setting CVar [[grass.DensityScale:0]]
[2020.07.02-02.04.27:102][  0]LogConfig: Applying CVar settings from Section [ShadingQuality@0] File [D:/Documentos/Unreal Projects/Titulo1_Try1/Saved/Config/Windows/Scalability.ini]
[2020.07.02-02.04.27:102][  0]LogConfig: Setting CVar [[r.HairStrands.SkyLighting.SampleCount:8]]
[2020.07.02-02.04.27:102][  0]LogConfig: Setting CVar [[r.HairStrands.SkyLighting.JitterIntegration:0]]
[2020.07.02-02.04.27:102][  0]LogConfig: Setting CVar [[r.HairStrands.SkyAO.SampleCount:8]]
[2020.07.02-02.04.27:102][  0]LogConfig: Applying CVar settings from Section [Startup] File [../../../Engine/Config/ConsoleVariables.ini]
[2020.07.02-02.04.27:102][  0]LogConfig: Setting CVar [[net.UseAdaptiveNetUpdateFrequency:0]]
[2020.07.02-02.04.27:102][  0]LogConfig: Setting CVar [[p.chaos.AllowCreatePhysxBodies:1]]
[2020.07.02-02.04.27:102][  0]LogConfig: Applying CVar settings from Section [ConsoleVariables] File [D:/Documentos/Unreal Projects/Titulo1_Try1/Saved/Config/Windows/Engine.ini]
[2020.07.02-02.04.27:102][  0]LogInit: Computer: HP
[2020.07.02-02.04.27:103][  0]LogInit: User: PJimenez
[2020.07.02-02.04.27:103][  0]LogInit: CPU Page size=4096, Cores=4
[2020.07.02-02.04.27:103][  0]LogInit: High frequency timer resolution =2.143485 MHz
[2020.07.02-02.04.27:103][  0]LogMemory: Memory total: Physical=15.9GB (16GB approx)
[2020.07.02-02.04.27:103][  0]LogMemory: Platform Memory Stats for Windows
[2020.07.02-02.04.27:103][  0]LogMemory: Process Physical Memory: 102.05 MB used, 102.05 MB peak
[2020.07.02-02.04.27:103][  0]LogMemory: Process Virtual Memory: 100.14 MB used, 100.14 MB peak
[2020.07.02-02.04.27:103][  0]LogMemory: Physical Memory: 11478.82 MB used,  4841.28 MB free, 16320.11 MB total
[2020.07.02-02.04.27:103][  0]LogMemory: Virtual Memory: 989.11 MB used,  134216736.00 MB free, 134217728.00 MB total
[2020.07.02-02.04.27:110][  0]LogWindows: WindowsPlatformFeatures enabled
[2020.07.02-02.04.27:129][  0]LogInit: Overriding language with editor language configuration option (en).
[2020.07.02-02.04.27:129][  0]LogInit: Overriding locale with editor locale configuration option (en).
[2020.07.02-02.04.27:362][  0]LogInit: Setting process to per monitor DPI aware
[2020.07.02-02.04.27:387][  0]LogSlate: New Slate User Created.  User Index 0, Is Virtual User: 0
[2020.07.02-02.04.27:387][  0]LogSlate: Slate User Registered.  User Index 0, Is Virtual User: 0
[2020.07.02-02.04.27:575][  0]LogHMD: Failed to initialize OpenVR with code 110
[2020.07.02-02.04.27:575][  0]LogD3D11RHI: D3D11 min allowed feature level: 11_0
[2020.07.02-02.04.27:575][  0]LogD3D11RHI: D3D11 max allowed feature level: 11_0
[2020.07.02-02.04.27:575][  0]LogD3D11RHI: D3D11 adapters:
[2020.07.02-02.04.27:589][  0]LogD3D11RHI:    0. 'Intel(R) HD Graphics 4600' (Feature Level 11_0)
[2020.07.02-02.04.27:589][  0]LogD3D11RHI:       0/0/1792 MB DedicatedVideo/DedicatedSystem/SharedSystem, Outputs:1, VendorId:0x8086
[2020.07.02-02.04.27:590][  0]LogD3D11RHI:    1. 'Microsoft Basic Render Driver' (Feature Level 11_0)
[2020.07.02-02.04.27:590][  0]LogD3D11RHI:       0/0/256 MB DedicatedVideo/DedicatedSystem/SharedSystem, Outputs:0, VendorId:0x1414
[2020.07.02-02.04.27:590][  0]LogD3D11RHI: Chosen D3D11 Adapter: 0
[2020.07.02-02.04.27:601][  0]LogD3D11RHI: Creating new Direct3DDevice
[2020.07.02-02.04.27:602][  0]LogD3D11RHI:     GPU DeviceId: 0x416 (for the marketing name, search the web for "GPU Device Id")
[2020.07.02-02.04.27:602][  0]LogWindows: EnumDisplayDevices:
[2020.07.02-02.04.27:602][  0]LogWindows:    0. 'Intel(R) HD Graphics 4600' (P:1 D:1)
[2020.07.02-02.04.27:602][  0]LogWindows:    1. 'Intel(R) HD Graphics 4600' (P:0 D:0)
[2020.07.02-02.04.27:602][  0]LogWindows:    2. 'Intel(R) HD Graphics 4600' (P:0 D:0)
[2020.07.02-02.04.27:602][  0]LogWindows: DebugString: FoundDriverCount:3 
[2020.07.02-02.04.27:602][  0]LogD3D11RHI:     Adapter Name: Intel(R) HD Graphics 4600
[2020.07.02-02.04.27:602][  0]LogD3D11RHI:   Driver Version: 10.18.10.3304 (internal:10.18.10.3304, unified:10.18.10.3304)
[2020.07.02-02.04.27:602][  0]LogD3D11RHI:      Driver Date: 9-9-2013
[2020.07.02-02.04.27:602][  0]LogRHI: Texture pool is 627 MB (70% of 896 MB)
[2020.07.02-02.04.27:613][  0]LogD3D11RHI: RHI does not have support for 64 bit atomics
[2020.07.02-02.04.27:613][  0]LogD3D11RHI: Async texture creation enabled
[2020.07.02-02.04.27:625][  0]LogD3D11RHI: GPU Timing Frequency: 12.500000 (Debug: 2 0)
[2020.07.02-02.04.28:064][  0]LogTargetPlatformManager: Display: Loaded TargetPlatform 'AllDesktop'
[2020.07.02-02.04.28:112][  0]LogTargetPlatformManager: Display: Loaded TargetPlatform 'Android'
[2020.07.02-02.04.28:112][  0]LogTargetPlatformManager: Display: Loaded TargetPlatform 'Android_ASTC'
[2020.07.02-02.04.28:112][  0]LogTargetPlatformManager: Display: Loaded TargetPlatform 'Android_ATC'
[2020.07.02-02.04.28:112][  0]LogTargetPlatformManager: Display: Loaded TargetPlatform 'Android_DXT'
[2020.07.02-02.04.28:112][  0]LogTargetPlatformManager: Display: Loaded TargetPlatform 'Android_ETC1'
[2020.07.02-02.04.28:113][  0]LogTargetPlatformManager: Display: Loaded TargetPlatform 'Android_ETC1a'
[2020.07.02-02.04.28:113][  0]LogTargetPlatformManager: Display: Loaded TargetPlatform 'Android_ETC2'
[2020.07.02-02.04.28:113][  0]LogTargetPlatformManager: Display: Loaded TargetPlatform 'Android_PVRTC'
[2020.07.02-02.04.28:113][  0]LogTargetPlatformManager: Display: Loaded TargetPlatform 'AndroidClient'
[2020.07.02-02.04.28:113][  0]LogTargetPlatformManager: Display: Loaded TargetPlatform 'Android_ASTCClient'
[2020.07.02-02.04.28:113][  0]LogTargetPlatformManager: Display: Loaded TargetPlatform 'Android_ATCClient'
[2020.07.02-02.04.28:113][  0]LogTargetPlatformManager: Display: Loaded TargetPlatform 'Android_DXTClient'
[2020.07.02-02.04.28:113][  0]LogTargetPlatformManager: Display: Loaded TargetPlatform 'Android_ETC1Client'
[2020.07.02-02.04.28:113][  0]LogTargetPlatformManager: Display: Loaded TargetPlatform 'Android_ETC1aClient'
[2020.07.02-02.04.28:113][  0]LogTargetPlatformManager: Display: Loaded TargetPlatform 'Android_ETC2Client'
[2020.07.02-02.04.28:113][  0]LogTargetPlatformManager: Display: Loaded TargetPlatform 'Android_PVRTCClient'
[2020.07.02-02.04.28:113][  0]LogTargetPlatformManager: Display: Loaded TargetPlatform 'Android_Multi'
[2020.07.02-02.04.28:113][  0]LogTargetPlatformManager: Display: Loaded TargetPlatform 'Android_MultiClient'
[2020.07.02-02.04.28:136][  0]LogTargetPlatformManager: Display: Loaded TargetPlatform 'IOSClient'
[2020.07.02-02.04.28:136][  0]LogTargetPlatformManager: Display: Loaded TargetPlatform 'IOS'
[2020.07.02-02.04.28:145][  0]LogTargetPlatformManager: Display: Loaded TargetPlatform 'LinuxNoEditor'
[2020.07.02-02.04.28:155][  0]LogTargetPlatformManager: Display: Loaded TargetPlatform 'LinuxClient'
[2020.07.02-02.04.28:165][  0]LogTargetPlatformManager: Display: Loaded TargetPlatform 'LinuxServer'
[2020.07.02-02.04.28:176][  0]LogTargetPlatformManager: Display: Loaded TargetPlatform 'LinuxAArch64NoEditor'
[2020.07.02-02.04.28:186][  0]LogTargetPlatformManager: Display: Loaded TargetPlatform 'LinuxAArch64Client'
[2020.07.02-02.04.28:196][  0]LogTargetPlatformManager: Display: Loaded TargetPlatform 'LinuxAArch64Server'
[2020.07.02-02.04.28:227][  0]LogTargetPlatformManager: Display: Loaded TargetPlatform 'Lumin'
[2020.07.02-02.04.28:227][  0]LogTargetPlatformManager: Display: Loaded TargetPlatform 'LuminClient'
[2020.07.02-02.04.28:244][  0]LogTargetPlatformManager: Display: Loaded TargetPlatform 'TVOSClient'
[2020.07.02-02.04.28:244][  0]LogTargetPlatformManager: Display: Loaded TargetPlatform 'TVOS'
[2020.07.02-02.04.28:253][  0]LogTargetPlatformManager: Display: Loaded TargetPlatform 'WindowsNoEditor'
[2020.07.02-02.04.28:262][  0]LogTargetPlatformManager: Display: Loaded TargetPlatform 'Windows'
[2020.07.02-02.04.28:271][  0]LogTargetPlatformManager: Display: Loaded TargetPlatform 'WindowsClient'
[2020.07.02-02.04.28:279][  0]LogTargetPlatformManager: Display: Loaded TargetPlatform 'WindowsServer'
[2020.07.02-02.04.28:279][  0]LogTargetPlatformManager: Display: Building Assets For Windows
[2020.07.02-02.04.28:281][  0]LogAudioDebug: Display: Lib vorbis DLL was dynamically loaded.
[2020.07.02-02.04.28:311][  0]LogShaderCompilers: Guid format shader working directory is -9 characters bigger than the processId version (../../../../../../Documentos/Unreal Projects/Titulo1_Try1/Intermediate/Shaders/WorkingDirectory/14144/).
[2020.07.02-02.04.28:311][  0]LogShaderCompilers: Cleaned the shader compiler working directory 'C:/Users/PJimenez/AppData/Local/Temp/UnrealShaderWorkingDir/A599CACC4D2DB4590D08FF86B737373A/'.
[2020.07.02-02.04.28:312][  0]LogXGEController: Cleaning working directory: C:/Users/PJimenez/AppData/Local/Temp/UnrealXGEWorkingDir/
[2020.07.02-02.04.28:312][  0]LogXGEController: Cannot use XGE Controller as Incredibuild is not installed on this machine.
[2020.07.02-02.04.28:312][  0]LogShaderCompilers: Cannot use XGE Shader Compiler as Incredibuild is not installed on this machine.
[2020.07.02-02.04.28:312][  0]LogShaderCompilers: Display: Using Local Shader Compiler.
[2020.07.02-02.04.29:296][  0]LogDerivedDataCache: Display: Max Cache Size: 512 MB
[2020.07.02-02.04.29:382][  0]LogDerivedDataCache: Loaded boot cache 0.09s 78MB C:/Users/PJimenez/AppData/Local/UnrealEngine/4.24/DerivedDataCache/Boot.ddc.
[2020.07.02-02.04.29:382][  0]LogDerivedDataCache: Display: Loaded Boot cache: C:/Users/PJimenez/AppData/Local/UnrealEngine/4.24/DerivedDataCache/Boot.ddc
[2020.07.02-02.04.29:382][  0]LogDerivedDataCache: FDerivedDataBackendGraph:  Pak pak cache file ../../../../../../Documentos/Unreal Projects/Titulo1_Try1/DerivedDataCache/DDC.ddp not found, will not use a pak cache.
[2020.07.02-02.04.29:382][  0]LogDerivedDataCache: Unable to find inner node Pak for hierarchical cache Hierarchy.
[2020.07.02-02.04.29:382][  0]LogDerivedDataCache: FDerivedDataBackendGraph:  CompressedPak pak cache file ../../../../../../Documentos/Unreal Projects/Titulo1_Try1/DerivedDataCache/Compressed.ddp not found, will not use a pak cache.
[2020.07.02-02.04.29:382][  0]LogDerivedDataCache: Unable to find inner node CompressedPak for hierarchical cache Hierarchy.
[2020.07.02-02.04.29:394][  0]LogDerivedDataCache: Display: Pak cache opened for reading ../../../Engine/DerivedDataCache/Compressed.ddp.
[2020.07.02-02.04.29:394][  0]LogDerivedDataCache: FDerivedDataBackendGraph:  EnterprisePak pak cache file ../../../Enterprise/DerivedDataCache/Compressed.ddp not found, will not use a pak cache.
[2020.07.02-02.04.29:394][  0]LogDerivedDataCache: Unable to find inner node EnterprisePak for hierarchical cache Hierarchy.
[2020.07.02-02.04.29:396][  0]LogDerivedDataCache: Using Local data cache path C:/Users/PJimenez/AppData/Local/UnrealEngine/Common/DerivedDataCache: Writable
[2020.07.02-02.04.29:396][  0]LogDerivedDataCache: Shared data cache path not found in *engine.ini, will not use an Shared cache.
[2020.07.02-02.04.29:396][  0]LogDerivedDataCache: Unable to find inner node Shared for hierarchical cache Hierarchy.
[2020.07.02-02.04.29:426][  0]LogMaterial: Verifying Global Shaders for PCD3D_SM5
[2020.07.02-02.04.29:429][  0]LogSlate: Using FreeType 2.10.0
[2020.07.02-02.04.29:429][  0]LogSlate: SlateFontServices - WITH_FREETYPE: 1, WITH_HARFBUZZ: 1
[2020.07.02-02.04.29:511][  0]LogAssetRegistry: FAssetRegistry took 0.0042 seconds to start up
[2020.07.02-02.04.30:044][  0]LogInit: Selected Device Profile: [Windows]
[2020.07.02-02.04.30:333][  0]LogMeshReduction: Using QuadricMeshReduction for automatic static mesh reduction
[2020.07.02-02.04.30:333][  0]LogMeshReduction: Using SimplygonMeshReduction for automatic skeletal mesh reduction
[2020.07.02-02.04.30:333][  0]LogMeshReduction: Using ProxyLODMeshReduction for automatic mesh merging
[2020.07.02-02.04.30:333][  0]LogMeshReduction: No distributed automatic mesh merging module available
[2020.07.02-02.04.30:333][  0]LogMeshMerging: No distributed automatic mesh merging module available
[2020.07.02-02.04.30:352][  0]LogNetVersion: Titulo1_Try1 1.0.0, NetCL: 10570792, EngineNetVer: 13, GameNetVer: 0 (Checksum: 1636823350)
[2020.07.02-02.04.32:164][  0]LogPackageLocalizationCache: Processed 10 localized package path(s) for 1 prioritized culture(s) in 0.050387 seconds
[2020.07.02-02.04.32:175][  0]LogUObjectArray: 46750 objects as part of root set at end of initial load.
[2020.07.02-02.04.32:175][  0]LogUObjectAllocator: 8137160 out of 0 bytes used by permanent object pool.
[2020.07.02-02.04.32:175][  0]LogUObjectArray: CloseDisregardForGC: 0/0 objects in disregard for GC pool
[2020.07.02-02.04.32:797][  0]LogTcpMessaging: Initializing TcpMessaging bridge
[2020.07.02-02.04.32:800][  0]LogUdpMessaging: Initializing bridge on interface 0.0.0.0:0 to multicast group 230.0.0.1:6666.
[2020.07.02-02.04.32:867][  0]SourceControl: Source control is disabled
[2020.07.02-02.04.32:867][  0]SourceControl: Source control is disabled
[2020.07.02-02.04.32:874][  0]SourceControl: Source control is disabled
[2020.07.02-02.04.32:875][  0]SourceControl: Source control is disabled
[2020.07.02-02.04.32:876][  0]SourceControl: Source control is disabled
[2020.07.02-02.04.32:981][  0]LogAndroidPermission: UAndroidPermissionCallbackProxy::GetInstance
[2020.07.02-02.04.32:992][  0]LogAudioCaptureCore: Display: No Audio Capture implementations found. Audio input will be silent.
[2020.07.02-02.04.32:992][  0]LogAudioCaptureCore: Display: No Audio Capture implementations found. Audio input will be silent.
[2020.07.02-02.04.33:134][  0]LogOcInput: OculusInput pre-init called
[2020.07.02-02.04.33:144][  0]LogWindows: Failed to load 'OVRPlugin.dll' (GetLastError=126)
[2020.07.02-02.04.33:144][  0]LogWindows: File 'OVRPlugin.dll' does not exist
[2020.07.02-02.04.33:258][  0]LogEngine: Initializing Engine...
[2020.07.02-02.04.33:260][  0]LogHMD: Failed to initialize OpenVR with code 110
[2020.07.02-02.04.33:261][  0]LogStats: UGameplayTagsManager::InitializeManager -  0.000 s
[2020.07.02-02.04.33:756][  0]LogInit: Initializing FReadOnlyCVARCache
[2020.07.02-02.04.33:830][  0]LogAIModule: Creating AISystem for world Untitled
[2020.07.02-02.04.33:942][  0]LogAudioMixer: Display: Audio Mixer Platform Settings:
[2020.07.02-02.04.33:942][  0]LogAudioMixer: Display: 	Sample Rate:						  48000
[2020.07.02-02.04.33:942][  0]LogAudioMixer: Display: 	Callback Buffer Frame Size Requested: 1024
[2020.07.02-02.04.33:942][  0]LogAudioMixer: Display: 	Callback Buffer Frame Size To Use:	  1024
[2020.07.02-02.04.33:942][  0]LogAudioMixer: Display: 	Number of buffers to queue:			  2
[2020.07.02-02.04.33:942][  0]LogAudioMixer: Display: 	Max Channels (voices):				  32
[2020.07.02-02.04.33:942][  0]LogAudioMixer: Display: 	Number of Async Source Workers:		  0
[2020.07.02-02.04.33:942][  0]LogAudio: Display: AudioDevice MaxSources: 32
[2020.07.02-02.04.33:942][  0]LogAudio: Display: Using built-in audio occlusion.
[2020.07.02-02.04.33:942][  0]LogAudioMixer: Display: Initializing audio mixer.
[2020.07.02-02.04.33:950][  0]LogAudioMixer: Display: Audio Device Output Speaker Info:
[2020.07.02-02.04.33:950][  0]LogAudioMixer: Display: Name: Altavoces / Auriculares (IDT High Definition Audio CODEC)
[2020.07.02-02.04.33:950][  0]LogAudioMixer: Display: Is Default: Yes
[2020.07.02-02.04.33:950][  0]LogAudioMixer: Display: Sample Rate: 48000
[2020.07.02-02.04.33:950][  0]LogAudioMixer: Display: Channel Count Used: 2
[2020.07.02-02.04.33:950][  0]LogAudioMixer: Display: Device Channel Count: 2
[2020.07.02-02.04.33:950][  0]LogAudioMixer: Display: Channel Order:
[2020.07.02-02.04.33:950][  0]LogAudioMixer: Display: 0: FrontLeft
[2020.07.02-02.04.33:950][  0]LogAudioMixer: Display: 1: FrontRight
[2020.07.02-02.04.34:083][  0]LogAudioMixer: Display: Using Audio Device Altavoces / Auriculares (IDT High Definition Audio CODEC)
[2020.07.02-02.04.34:096][  0]LogInit: FAudioDevice initialized.
[2020.07.02-02.04.34:096][  0]LogNetVersion: Set ProjectVersion to 1.0.0.0. Version Checksum will be recalculated on next use.
[2020.07.02-02.04.34:275][  0]LogDerivedDataCache: Saved boot cache 0.18s 78MB C:/Users/PJimenez/AppData/Local/UnrealEngine/4.24/DerivedDataCache/Boot.ddc.
[2020.07.02-02.04.34:277][  0]LogInit: Texture streaming: Enabled
[2020.07.02-02.04.34:289][  0]LogEngineSessionManager: EngineSessionManager initialized
[2020.07.02-02.04.34:289][  0]LogEngineSessionManager: EngineSessionManager sent abnormal shutdown report. Type=Crashed, SessionId={39246D0A-47AC-2CF9-BAB7-9DA66D4900B5}
[2020.07.02-02.04.34:289][  0]LogEditorSessionSummary: Verbose: Initializing EditorSessionSummaryWriter for editor session tracking
[2020.07.02-02.04.34:291][  0]LogEditorSessionSummary: EditorSessionSummaryWriter initialized
[2020.07.02-02.04.34:336][  0]LogInit: Transaction tracking system initialized
[2020.07.02-02.04.34:346][  0]BlueprintLog: New page: Editor Load
[2020.07.02-02.04.34:375][  0]LocalizationService: Localization service is disabled
[2020.07.02-02.04.35:833][  0]LogFileCache: Scanning file cache for directory 'D:/Documentos/Unreal Projects/Titulo1_Try1/Content/' took 0.00s
[2020.07.02-02.04.35:833][  0]LogCook: Display: Max memory allowance for cook 16384mb min free memory 0mb
[2020.07.02-02.04.35:834][  0]LogCook: Display: Mobile HDR setting 1
[2020.07.02-02.04.36:532][  0]SourceControl: Source control is disabled
[2020.07.02-02.04.36:532][  0]Cmd: MAP LOAD FILE="../../../../../../Documentos/Unreal Projects/Titulo1_Try1/Content/Nivel_de_Prueba.umap" TEMPLATE=0 SHOWPROGRESS=1 FEATURELEVEL=3
[2020.07.02-02.04.36:533][  0]LightingResults: New page: Lighting Build
[2020.07.02-02.04.36:533][  0]LogWorld: UWorld::CleanupWorld for Untitled, bSessionEnded=true, bCleanupResources=true
[2020.07.02-02.04.36:534][  0]LogSlate: InvalidateAllWidgets triggered.  All widgets were invalidated
[2020.07.02-02.04.36:534][  0]MapCheck: New page: Map Check
[2020.07.02-02.04.36:534][  0]LightingResults: New page: Lighting Build
[2020.07.02-02.04.36:568][  0]LogUObjectHash: Compacting FUObjectHashTables data took   2.44ms
[2020.07.02-02.04.36:621][  0]LogAIModule: Creating AISystem for world Nivel_de_Prueba
[2020.07.02-02.04.36:638][  0]LogEditorServer: Finished looking for orphan Actors (0.000 secs)
[2020.07.02-02.04.36:684][  0]LogUObjectHash: Compacting FUObjectHashTables data took   4.63ms
[2020.07.02-02.04.36:685][  0]Cmd: MAP CHECKDEP NOCLEARLOG
[2020.07.02-02.04.36:685][  0]MapCheck: Map check complete: 0 Error(s), 0 Warning(s), took 0.29ms to complete.
[2020.07.02-02.04.36:685][  0]LogFileHelpers: Loading map 'Nivel_de_Prueba' took 0.153
[2020.07.02-02.04.36:818][  0]LogSlate: Updating window title bar state: overlay mode, drag disabled, window buttons hidden, title bar hidden
[2020.07.02-02.04.36:826][  0]LogSlate: Updating window title bar state: overlay mode, drag disabled, window buttons hidden, title bar hidden
[2020.07.02-02.04.36:836][  0]LogSlate: Updating window title bar state: overlay mode, drag disabled, window buttons hidden, title bar hidden
[2020.07.02-02.04.36:844][  0]LogSlate: Updating window title bar state: overlay mode, drag disabled, window buttons hidden, title bar hidden
[2020.07.02-02.04.36:848][  0]LogCollectionManager: Loaded 0 collections in 0.001373 seconds
[2020.07.02-02.04.36:865][  0]LogFileCache: Scanning file cache for directory 'D:/Documentos/Unreal Projects/Titulo1_Try1/Saved/Collections/' took 0.00s
[2020.07.02-02.04.36:865][  0]LogFileCache: Scanning file cache for directory 'D:/Documentos/Unreal Projects/Titulo1_Try1/Content/Developers/PJimenez/Collections/' took 0.00s
[2020.07.02-02.04.36:865][  0]LogFileCache: Scanning file cache for directory 'D:/Documentos/Unreal Projects/Titulo1_Try1/Content/Collections/' took 0.00s
[2020.07.02-02.04.36:865][  0]LogContentBrowser: Native class hierarchy populated in 0.0096 seconds. Added 3015 classes and 717 folders.
[2020.07.02-02.04.36:868][  0]LogContentBrowser: Native class hierarchy updated for 'WidgetCarousel' in 0.0003 seconds. Added 0 classes and 0 folders.
[2020.07.02-02.04.36:908][  0]LogContentBrowser: Native class hierarchy updated for 'AddContentDialog' in 0.0003 seconds. Added 0 classes and 0 folders.
[2020.07.02-02.04.36:911][  0]LogContentBrowser: Native class hierarchy updated for 'SceneOutliner' in 0.0003 seconds. Added 2 classes and 3 folders.
[2020.07.02-02.04.37:018][  0]LogSlate: Took 0.000180 seconds to synchronously load lazily loaded font '../../../Engine/Content/Slate/Fonts/Roboto-Regular.ttf' (155K)
[2020.07.02-02.04.37:022][  0]LogSlate: Took 0.000261 seconds to synchronously load lazily loaded font '../../../Engine/Content/Slate/Fonts/Roboto-Bold.ttf' (160K)
[2020.07.02-02.04.37:029][  0]LogSlate: Took 0.000142 seconds to synchronously load lazily loaded font '../../../Engine/Content/Editor/Slate/Fonts/FontAwesome.ttf' (139K)
[2020.07.02-02.04.37:093][  0]LogRenderer: Reallocating scene render targets to support 832x468 Format 9 NumSamples 1 (Frame:1).
[2020.07.02-02.04.37:323][  0]LogSlate: Took 0.000176 seconds to synchronously load lazily loaded font '../../../Engine/Content/Slate/Fonts/Roboto-Light.ttf' (167K)
[2020.07.02-02.04.37:375][  0]LogSlate: Took 0.000100 seconds to synchronously load lazily loaded font '../../../Engine/Content/Slate/Fonts/Roboto-Light.ttf' (167K)
[2020.07.02-02.04.37:512][  0]LogContentBrowser: Native class hierarchy updated for 'HierarchicalLODOutliner' in 0.0005 seconds. Added 0 classes and 0 folders.
[2020.07.02-02.04.37:512][  0]LogLoad: (Engine Initialization) Total time: 12.09 seconds
[2020.07.02-02.04.37:512][  0]LogLoad: (Engine Initialization) Total Blueprint compile time: 0.00 seconds
[2020.07.02-02.04.37:571][  0]LogAssetRegistry: Asset discovery search completed in 8.0610 seconds
[2020.07.02-02.04.37:576][  0]LogCollectionManager: Fixed up redirectors for 0 collections in 0.000010 seconds (updated 0 objects)
[2020.07.02-02.04.37:578][  0]LogContentStreaming: Texture pool size now 400 MB
[2020.07.02-02.05.18:284][805]LogAssetEditorSubsystem: Opening Asset editor for Blueprint /Game/Blueprints/roca_Sprite_Blueprint.roca_Sprite_Blueprint
[2020.07.02-02.05.18:580][805]LogContentBrowser: Native class hierarchy updated for 'BlueprintGraph' in 0.0006 seconds. Added 121 classes and 0 folders.
[2020.07.02-02.05.19:592][805]LogSlate: Took 0.000176 seconds to synchronously load lazily loaded font '../../../Engine/Content/Slate/Fonts/Roboto-BoldCondensed.ttf' (158K)
[2020.07.02-02.05.49:848][386]BlueprintLog: New page: Compile roca_Sprite_Blueprint
[2020.07.02-02.05.50:133][386]LogUObjectHash: Compacting FUObjectHashTables data took   4.65ms
[2020.07.02-02.06.06:461][570]LogSlate: Took 0.000233 seconds to synchronously load lazily loaded font '../../../Engine/Content/Slate/Fonts/Roboto-Italic.ttf' (157K)
[2020.07.02-02.08.10:015][ 19]BlueprintLog: New page: Compile roca_Sprite_Blueprint
[2020.07.02-02.08.10:398][ 19]LogUObjectHash: Compacting FUObjectHashTables data took  13.51ms
[2020.07.02-02.08.11:773][ 76]Cmd: OBJ SAVEPACKAGE PACKAGE="/Game/Blueprints/roca_Sprite_Blueprint" FILE="../../../../../../Documentos/Unreal Projects/Titulo1_Try1/Content/Blueprints/roca_Sprite_Blueprint.uasset" SILENT=true
[2020.07.02-02.08.11:836][ 76]LogSavePackage: Moving '../../../../../../Documentos/Unreal Projects/Titulo1_Try1/Saved/roca_Sprite_Blueprint5DF827144FF94FEEA25656859B15BD39.tmp' to '../../../../../../Documentos/Unreal Projects/Titulo1_Try1/Content/Blueprints/roca_Sprite_Blueprint.uasset'
[2020.07.02-02.08.11:875][ 76]AssetCheck: New page: Asset Save: roca_Sprite_Blueprint
[2020.07.02-02.08.11:875][ 76]LogContentValidation: Display: Validating Blueprint /Game/Blueprints/roca_Sprite_Blueprint.roca_Sprite_Blueprint
[2020.07.02-02.08.12:581][106]LogSlate: Window 'roca_Sprite_Blueprint' being destroyed
[2020.07.02-02.08.12:594][106]LogSlate: Window 'roca_Sprite_Blueprint' being destroyed
[2020.07.02-02.08.12:595][106]LogWorld: UWorld::CleanupWorld for World_0, bSessionEnded=true, bCleanupResources=true
[2020.07.02-02.08.12:595][106]LogSlate: InvalidateAllWidgets triggered.  All widgets were invalidated
[2020.07.02-02.08.14:103][192]LogUObjectHash: Compacting FUObjectHashTables data took   8.26ms
[2020.07.02-02.08.15:582][192]LogSlate: Window 'Save Content' being destroyed
[2020.07.02-02.08.15:621][192]Cmd: OBJ SAVEPACKAGE PACKAGE="/Game/Nivel_de_Prueba" FILE="../../../../../../Documentos/Unreal Projects/Titulo1_Try1/Content/Nivel_de_Prueba.umap" SILENT=true AUTOSAVING=false KEEPDIRTY=false
[2020.07.02-02.08.15:660][192]LogUObjectHash: Compacting FUObjectHashTables data took   1.15ms
[2020.07.02-02.08.15:925][192]LogSavePackage: Moving '../../../../../../Documentos/Unreal Projects/Titulo1_Try1/Saved/Nivel_de_PruebaEC5FF2144D818CE71D5D8D9F81C46574.tmp' to '../../../../../../Documentos/Unreal Projects/Titulo1_Try1/Content/Nivel_de_Prueba.umap'
[2020.07.02-02.08.15:945][192]LogFileHelpers: Saving map 'Nivel_de_Prueba' took 0.325
[2020.07.02-02.08.15:958][192]AssetCheck: New page: Asset Save: Nivel_de_Prueba
[2020.07.02-02.08.15:958][192]LogContentValidation: Display: Validating World /Game/Nivel_de_Prueba.Nivel_de_Prueba
[2020.07.02-02.08.18:105][325]LogTemp: Repeating last play command: Selected Viewport
[2020.07.02-02.08.18:119][325]LogBlueprintUserMessages: Early PlayInEditor Detection: Level '/Game/Nivel_de_Prueba.Nivel_de_Prueba:PersistentLevel' has LevelScriptBlueprint '/Game/Nivel_de_Prueba.Nivel_de_Prueba:PersistentLevel.Nivel_de_Prueba' with GeneratedClass '/Game/Nivel_de_Prueba.Nivel_de_Prueba_C' with ClassGeneratedBy '/Game/Nivel_de_Prueba.Nivel_de_Prueba:PersistentLevel.Nivel_de_Prueba'
[2020.07.02-02.08.18:119][325]LogPlayLevel: PlayLevel: No blueprints needed recompiling
[2020.07.02-02.08.18:119][325]PIE: New page: PIE session: Nivel_de_Prueba (Jul 1, 2020, 6:08:18 PM)
[2020.07.02-02.08.18:120][325]LogOnline: OSS: Creating online subsystem instance for: NULL
[2020.07.02-02.08.18:122][325]LogOnline: OSS: TryLoadSubsystemAndSetDefault: Loaded subsystem for module [NULL]
[2020.07.02-02.08.18:122][325]LogPlayLevel: Creating play world package: /Game/UEDPIE_0_Nivel_de_Prueba
[2020.07.02-02.08.18:125][325]LogPlayLevel: PIE: StaticDuplicateObject took: (0.003074s)
[2020.07.02-02.08.18:126][325]LogAIModule: Creating AISystem for world Nivel_de_Prueba
[2020.07.02-02.08.18:127][325]LogPlayLevel: PIE: World Init took: (0.001491s)
[2020.07.02-02.08.18:127][325]LogPlayLevel: PIE: Created PIE world by copying editor world from /Game/Nivel_de_Prueba.Nivel_de_Prueba to /Game/UEDPIE_0_Nivel_de_Prueba.Nivel_de_Prueba (0.004970s)
[2020.07.02-02.08.18:188][325]LogUObjectHash: Compacting FUObjectHashTables data took  13.19ms
[2020.07.02-02.08.18:190][325]LogAudioMixer: Display: Audio Mixer Platform Settings:
[2020.07.02-02.08.18:190][325]LogAudioMixer: Display: 	Sample Rate:						  48000
[2020.07.02-02.08.18:191][325]LogAudioMixer: Display: 	Callback Buffer Frame Size Requested: 1024
[2020.07.02-02.08.18:191][325]LogAudioMixer: Display: 	Callback Buffer Frame Size To Use:	  1024
[2020.07.02-02.08.18:191][325]LogAudioMixer: Display: 	Number of buffers to queue:			  2
[2020.07.02-02.08.18:191][325]LogAudioMixer: Display: 	Max Channels (voices):				  32
[2020.07.02-02.08.18:191][325]LogAudioMixer: Display: 	Number of Async Source Workers:		  0
[2020.07.02-02.08.18:191][325]LogAudio: Display: AudioDevice MaxSources: 32
[2020.07.02-02.08.18:192][325]LogAudio: Display: Using built-in audio occlusion.
[2020.07.02-02.08.18:192][325]LogAudioMixer: Display: Initializing audio mixer.
[2020.07.02-02.08.18:196][325]LogAudioMixer: Display: Audio Device Output Speaker Info:
[2020.07.02-02.08.18:197][325]LogAudioMixer: Display: Name: Altavoces / Auriculares (IDT High Definition Audio CODEC)
[2020.07.02-02.08.18:197][325]LogAudioMixer: Display: Is Default: Yes
[2020.07.02-02.08.18:197][325]LogAudioMixer: Display: Sample Rate: 48000
[2020.07.02-02.08.18:197][325]LogAudioMixer: Display: Channel Count Used: 2
[2020.07.02-02.08.18:197][325]LogAudioMixer: Display: Device Channel Count: 2
[2020.07.02-02.08.18:197][325]LogAudioMixer: Display: Channel Order:
[2020.07.02-02.08.18:197][325]LogAudioMixer: Display: 0: FrontLeft
[2020.07.02-02.08.18:197][325]LogAudioMixer: Display: 1: FrontRight
[2020.07.02-02.08.18:203][325]LogAudioMixer: Error: Audio Platform Device Error: 0x88890017: UNKNOWN (File D:/Build/++UE4/Sync/Engine/Source/Runtime/Windows/AudioMixerXAudio2/Private/AudioMixerPlatformXAudio2.cpp, Line 614)
[2020.07.02-02.08.18:203][325]LogOutputDevice: Warning: 

Script Stack (0 frames):

[2020.07.02-02.08.18:203][325]LogWindows: Windows GetLastError: La operación se completó correctamente. (0)
[2020.07.02-02.08.19:711][325]LogWindows: Error: === Critical error: ===
[2020.07.02-02.08.19:711][325]LogWindows: Error: 
[2020.07.02-02.08.19:711][325]LogWindows: Error: Assertion failed: (Index >= 0) & (Index < ArrayNum) [File:D:\Build\++UE4\Sync\Engine\Source\Runtime\Core\Public\Containers/Array.h] [Line: 614] 
[2020.07.02-02.08.19:711][325]LogWindows: Error: Array index out of bounds: 1 from an array of size 0
[2020.07.02-02.08.19:711][325]LogWindows: Error: 
[2020.07.02-02.08.19:711][325]LogWindows: Error: 
[2020.07.02-02.08.19:711][325]LogWindows: Error: [Callstack] 0x00007ffb4d3f8b9c KERNELBASE.dll!UnknownFunction []
[2020.07.02-02.08.19:711][325]LogWindows: Error: [Callstack] 0x00007ffb3471a7b6 UE4Editor-Core.dll!UnknownFunction []
[2020.07.02-02.08.19:711][325]LogWindows: Error: [Callstack] 0x00007ffb3471dc58 UE4Editor-Core.dll!UnknownFunction []
[2020.07.02-02.08.19:711][325]LogWindows: Error: [Callstack] 0x00007ffb344d2c7d UE4Editor-Core.dll!UnknownFunction []
[2020.07.02-02.08.19:711][325]LogWindows: Error: [Callstack] 0x00007ffb3445fd43 UE4Editor-Core.dll!UnknownFunction []
[2020.07.02-02.08.19:711][325]LogWindows: Error: [Callstack] 0x00007ffb344620c0 UE4Editor-Core.dll!UnknownFunction []
[2020.07.02-02.08.19:711][325]LogWindows: Error: [Callstack] 0x00007ffb36ae02d8 UE4Editor-AudioMixer.dll!UnknownFunction []
[2020.07.02-02.08.19:711][325]LogWindows: Error: [Callstack] 0x00007ffb36a9be6b UE4Editor-AudioMixer.dll!UnknownFunction []
[2020.07.02-02.08.19:711][325]LogWindows: Error: [Callstack] 0x00007ffb36ac9f8a UE4Editor-AudioMixer.dll!UnknownFunction []
[2020.07.02-02.08.19:711][325]LogWindows: Error: [Callstack] 0x00007ffb0dd686f7 UE4Editor-Engine.dll!UnknownFunction []
[2020.07.02-02.08.19:711][325]LogWindows: Error: [Callstack] 0x00007ffb0dd8f8e6 UE4Editor-Engine.dll!UnknownFunction []
[2020.07.02-02.08.19:711][325]LogWindows: Error: [Callstack] 0x00007ffb0dd734c2 UE4Editor-Engine.dll!UnknownFunction []
[2020.07.02-02.08.19:711][325]LogWindows: Error: [Callstack] 0x00007ffb0dd5d96b UE4Editor-Engine.dll!UnknownFunction []
[2020.07.02-02.08.19:711][325]LogWindows: Error: [Callstack] 0x00007ffb0e1e3fb8 UE4Editor-Engine.dll!UnknownFunction []
[2020.07.02-02.08.19:711][325]LogWindows: Error: [Callstack] 0x00007ffb1fb90703 UE4Editor-UnrealEd.dll!UnknownFunction []
[2020.07.02-02.08.19:711][325]LogWindows: Error: [Callstack] 0x00007ffb1fbb2806 UE4Editor-UnrealEd.dll!UnknownFunction []
[2020.07.02-02.08.19:711][325]LogWindows: Error: [Callstack] 0x00007ffb1fbcd285 UE4Editor-UnrealEd.dll!UnknownFunction []
[2020.07.02-02.08.19:711][325]LogWindows: Error: [Callstack] 0x00007ffb1f69a5f5 UE4Editor-UnrealEd.dll!UnknownFunction []
[2020.07.02-02.08.19:711][325]LogWindows: Error: [Callstack] 0x00007ffb1fefe476 UE4Editor-UnrealEd.dll!UnknownFunction []
[2020.07.02-02.08.19:711][325]LogWindows: Error: [Callstack] 0x00007ff77ed57f62 UE4Editor.exe!UnknownFunction []
[2020.07.02-02.08.19:711][325]LogWindows: Error: [Callstack] 0x00007ff77ed6c3ec UE4Editor.exe!UnknownFunction []
[2020.07.02-02.08.19:711][325]LogWindows: Error: [Callstack] 0x00007ff77ed6c4ca UE4Editor.exe!UnknownFunction []
[2020.07.02-02.08.19:711][325]LogWindows: Error: [Callstack] 0x00007ff77ed7ceae UE4Editor.exe!UnknownFunction []
[2020.07.02-02.08.19:711][325]LogWindows: Error: [Callstack] 0x00007ff77ed7fcbe UE4Editor.exe!UnknownFunction []
[2020.07.02-02.08.19:711][325]LogWindows: Error: [Callstack] 0x00007ffb4da113d2 KERNEL32.DLL!UnknownFunction []
[2020.07.02-02.08.19:711][325]LogWindows: Error: [Callstack] 0x00007ffb501303c4 ntdll.dll!UnknownFunction []
[2020.07.02-02.08.19:711][325]LogWindows: Error: 
[2020.07.02-02.08.19:789][325]LogExit: Executing StaticShutdownAfterError
[2020.07.02-02.08.19:793][325]LogWindows: FPlatformMisc::RequestExit(1)
[2020.07.02-02.08.19:794][325]LogCore: Engine exit requested (reason: Win RequestExit)
[2020.07.02-02.08.19:829][325]Log file closed, 07/01/20 22:08:19
